<?xml version="1.0" encoding="UTF-8"?>
<testsuite xmlns:xsi="http://www.w3.org/2001/XMLSchema-instance" xsi:noNamespaceSchemaLocation="https://maven.apache.org/surefire/maven-surefire-plugin/xsd/surefire-test-report.xsd" version="3.0.2" name="com.invest.application.EmailContentBuilderProperties" time="1.099" tests="3" errors="0" skipped="0" failures="0" flakes="0">
  <properties>
[...]
</properties>
  <testcase name="groupRuleEmailContainsGroupNameAndAllConditions" classname="EmailContentBuilderProperties" time="0.506">
    <system-out><![CDATA[2026-04-26 22:26:22.936 [main] [] INFO  n.j.e.p.RandomizedShrinkablesGenerator - Edge case generation exceeds number of tries. Stopped after 1000 generated cases.
2026-04-26 22:26:22.937 [main] [] INFO  c.i.application.EmailContentBuilder - M=buildBody, I=Construindo corpo do email, ticker=AAA, alertId=2
2026-04-26 22:26:22.939 [main] [] INFO  c.i.application.EmailContentBuilder - M=buildBody, I=Construindo corpo do email, ticker=23BKE, alertId=393485
2026-04-26 22:26:22.939 [main] [] INFO  c.i.application.EmailContentBuilder - M=buildBody, I=Construindo corpo do email, ticker=OGE, alertId=127194
2026-04-26 22:26:22.940 [main] [] INFO  c.i.application.EmailContentBuilder - M=buildBody, I=Construindo corpo do email, ticker=2RipQ79, alertId=3277
2026-04-26 22:26:22.940 [main] [] INFO  c.i.application.EmailContentBuilder - M=buildBody, I=Construindo corpo do email, ticker=AAA, alertId=2
2026-04-26 22:26:22.940 [main] [] INFO  c.i.application.EmailContentBuilder - M=buildBody, I=Construindo corpo do email, ticker=Gpzohbv, alertId=64
2026-04-26 22:26:22.941 [main] [] INFO  c.i.application.EmailContentBuilder - M=buildBody, I=Construindo corpo do email, ticker=GTc, alertId=2145
2026-04-26 22:26:22.941 [main] [] INFO  c.i.application.EmailContentBuilder - M=buildBody, I=Construindo corpo do email, ticker=cD2t4, alertId=708056
2026-04-26 22:26:22.941 [main] [] INFO  c.i.application.EmailContentBuilder - M=buildBody, I=Construindo corpo do email, ticker=jZL, alertId=177
2026-04-26 22:26:22.942 [main] [] INFO  c.i.application.EmailContentBuilder - M=buildBody, I=Construindo corpo do email, ticker=LHi, alertId=1600
2026-04-26 22:26:22.942 [main] [] INFO  c.i.application.EmailContentBuilder - M=buildBody, I=Construindo corpo do email, ticker=6ulXNR, alertId=25
2026-04-26 22:26:22.943 [main] [] INFO  c.i.application.EmailContentBuilder - M=buildBody, I=Construindo corpo do email, ticker=Kt102wR, alertId=310
2026-04-26 22:26:22.943 [main] [] INFO  c.i.application.EmailContentBuilder - M=buildBody, I=Construindo corpo do email, ticker=uiweIk, alertId=834519
2026-04-26 22:26:22.943 [main] [] INFO  c.i.application.EmailContentBuilder - M=buildBody, I=Construindo corpo do email, ticker=wsODTPb, alertId=1222
2026-04-26 22:26:22.944 [main] [] INFO  c.i.application.EmailContentBuilder - M=buildBody, I=Construindo corpo do email, ticker=i6speIMO, alertId=5
2026-04-26 22:26:22.944 [main] [] INFO  c.i.application.EmailContentBuilder - M=buildBody, I=Construindo corpo do email, ticker=AUQcSX7N, alertId=104060
2026-04-26 22:26:22.945 [main] [] INFO  c.i.application.EmailContentBuilder - M=buildBody, I=Construindo corpo do email, ticker=gzAZr, alertId=151905
2026-04-26 22:26:22.945 [main] [] INFO  c.i.application.EmailContentBuilder - M=buildBody, I=Construindo corpo do email, ticker=AAA, alertId=2
2026-04-26 22:26:22.945 [main] [] INFO  c.i.application.EmailContentBuilder - M=buildBody, I=Construindo corpo do email, ticker=7Jy2mOn, alertId=33
2026-04-26 22:26:22.945 [main] [] INFO  c.i.application.EmailContentBuilder - M=buildBody, I=Construindo corpo do email, ticker=AAA, alertId=2
2026-04-26 22:26:22.945 [main] [] INFO  c.i.application.EmailContentBuilder - M=buildBody, I=Construindo corpo do email, ticker=AAA, alertId=2
2026-04-26 22:26:22.945 [main] [] INFO  c.i.application.EmailContentBuilder - M=buildBody, I=Construindo corpo do email, ticker=9fM4O, alertId=3959
2026-04-26 22:26:22.946 [main] [] INFO  c.i.application.EmailContentBuilder - M=buildBody, I=Construindo corpo do email, ticker=XTVh, alertId=14
2026-04-26 22:26:22.946 [main] [] INFO  c.i.application.EmailContentBuilder - M=buildBody, I=Construindo corpo do email, ticker=AAA, alertId=2
2026-04-26 22:26:22.946 [main] [] INFO  c.i.application.EmailContentBuilder - M=buildBody, I=Construindo corpo do email, ticker=MtMKWm, alertId=12148
2026-04-26 22:26:22.947 [main] [] INFO  c.i.application.EmailContentBuilder - M=buildBody, I=Construindo corpo do email, ticker=YAb, alertId=3
2026-04-26 22:26:22.947 [main] [] INFO  c.i.application.EmailContentBuilder - M=buildBody, I=Construindo corpo do email, ticker=B3I5xX, alertId=906392
2026-04-26 22:26:22.947 [main] [] INFO  c.i.application.EmailContentBuilder - M=buildBody, I=Construindo corpo do email, ticker=AAA, alertId=2
2026-04-26 22:26:22.947 [main] [] INFO  c.i.application.EmailContentBuilder - M=buildBody, I=Construindo corpo do email, ticker=x5lc, alertId=76
2026-04-26 22:26:22.948 [main] [] INFO  c.i.application.EmailContentBuilder - M=buildBody, I=Construindo corpo do email, ticker=s6E, alertId=699840
2026-04-26 22:26:22.948 [main] [] INFO  c.i.application.EmailContentBuilder - M=buildBody, I=Construindo corpo do email, ticker=eRuPg9, alertId=74
2026-04-26 22:26:22.948 [main] [] INFO  c.i.application.EmailContentBuilder - M=buildBody, I=Construindo corpo do email, ticker=xDrO4TX, alertId=13180
2026-04-26 22:26:22.949 [main] [] INFO  c.i.application.EmailContentBuilder - M=buildBody, I=Construindo corpo do email, ticker=uCRp5, alertId=14327
2026-04-26 22:26:22.949 [main] [] INFO  c.i.application.EmailContentBuilder - M=buildBody, I=Construindo corpo do email, ticker=AAA, alertId=2
2026-04-26 22:26:22.950 [main] [] INFO  c.i.application.EmailContentBuilder - M=buildBody, I=Construindo corpo do email, ticker=AAA, alertId=2
2026-04-26 22:26:22.950 [main] [] INFO  c.i.application.EmailContentBuilder - M=buildBody, I=Construindo corpo do email, ticker=AAA, alertId=2
2026-04-26 22:26:22.950 [main] [] INFO  c.i.application.EmailContentBuilder - M=buildBody, I=Construindo corpo do email, ticker=y6DHZ3K, alertId=38154
2026-04-26 22:26:22.951 [main] [] INFO  c.i.application.EmailContentBuilder - M=buildBody, I=Construindo corpo do email, ticker=kL3VY, alertId=216
2026-04-26 22:26:22.951 [main] [] INFO  c.i.application.EmailContentBuilder - M=buildBody, I=Construindo corpo do email, ticker=9hD, alertId=15635
2026-04-26 22:26:22.952 [main] [] INFO  c.i.application.EmailContentBuilder - M=buildBody, I=Construindo corpo do email, ticker=AAA, alertId=2
2026-04-26 22:26:22.952 [main] [] INFO  c.i.application.EmailContentBuilder - M=buildBody, I=Construindo corpo do email, ticker=dEvHr, alertId=4
2026-04-26 22:26:22.952 [main] [] INFO  c.i.application.EmailContentBuilder - M=buildBody, I=Construindo corpo do email, ticker=AAA, alertId=2
2026-04-26 22:26:22.953 [main] [] INFO  c.i.application.EmailContentBuilder - M=buildBody, I=Construindo corpo do email, ticker=ikDI5, alertId=136
2026-04-26 22:26:22.953 [main] [] INFO  c.i.application.EmailContentBuilder - M=buildBody, I=Construindo corpo do email, ticker=AAA, alertId=2
2026-04-26 22:26:22.953 [main] [] INFO  c.i.application.EmailContentBuilder - M=buildBody, I=Construindo corpo do email, ticker=DVzEV, alertId=36
2026-04-26 22:26:22.953 [main] [] INFO  c.i.application.EmailContentBuilder - M=buildBody, I=Construindo corpo do email, ticker=AAA, alertId=2
2026-04-26 22:26:22.954 [main] [] INFO  c.i.application.EmailContentBuilder - M=buildBody, I=Construindo corpo do email, ticker=8jdW, alertId=316
2026-04-26 22:26:22.954 [main] [] INFO  c.i.application.EmailContentBuilder - M=buildBody, I=Construindo corpo do email, ticker=AAA, alertId=2
2026-04-26 22:26:22.954 [main] [] INFO  c.i.application.EmailContentBuilder - M=buildBody, I=Construindo corpo do email, ticker=AAA, alertId=2
2026-04-26 22:26:22.954 [main] [] INFO  c.i.application.EmailContentBuilder - M=buildBody, I=Construindo corpo do email, ticker=AAA, alertId=2
2026-04-26 22:26:22.954 [main] [] INFO  c.i.application.EmailContentBuilder - M=buildBody, I=Construindo corpo do email, ticker=AAA, alertId=2
2026-04-26 22:26:22.954 [main] [] INFO  c.i.application.EmailContentBuilder - M=buildBody, I=Construindo corpo do email, ticker=AAA, alertId=2
2026-04-26 22:26:22.954 [main] [] INFO  c.i.application.EmailContentBuilder - M=buildBody, I=Construindo corpo do email, ticker=AAA, alertId=2
2026-04-26 22:26:22.954 [main] [] INFO  c.i.application.EmailContentBuilder - M=buildBody, I=Construindo corpo do email, ticker=eiYs, alertId=41560
2026-04-26 22:26:22.955 [main] [] INFO  c.i.application.EmailContentBuilder - M=buildBody, I=Construindo corpo do email, ticker=WcPK, alertId=3
2026-04-26 22:26:22.955 [main] [] INFO  c.i.application.EmailContentBuilder - M=buildBody, I=Construindo corpo do email, ticker=o5E1h, alertId=25298
2026-04-26 22:26:22.955 [main] [] INFO  c.i.application.EmailContentBuilder - M=buildBody, I=Construindo corpo do email, ticker=31VR1, alertId=73
2026-04-26 22:26:22.956 [main] [] INFO  c.i.application.EmailContentBuilder - M=buildBody, I=Construindo corpo do email, ticker=vAyh, alertId=42779
2026-04-26 22:26:22.956 [main] [] INFO  c.i.application.EmailContentBuilder - M=buildBody, I=Construindo corpo do email, ticker=wdRsPfct, alertId=136695
2026-04-26 22:26:22.957 [main] [] INFO  c.i.application.EmailContentBuilder - M=buildBody, I=Construindo corpo do email, ticker=5TYE0e, alertId=972407
2026-04-26 22:26:22.957 [main] [] INFO  c.i.application.EmailContentBuilder - M=buildBody, I=Construindo corpo do email, ticker=AAA, alertId=2
2026-04-26 22:26:22.957 [main] [] INFO  c.i.application.EmailContentBuilder - M=buildBody, I=Construindo corpo do email, ticker=A6pA, alertId=411520
2026-04-26 22:26:22.958 [main] [] INFO  c.i.application.EmailContentBuilder - M=buildBody, I=Construindo corpo do email, ticker=Ud4OyC4h, alertId=3988
2026-04-26 22:26:22.958 [main] [] INFO  c.i.application.EmailContentBuilder - M=buildBody, I=Construindo corpo do email, ticker=AAA, alertId=2
2026-04-26 22:26:22.958 [main] [] INFO  c.i.application.EmailContentBuilder - M=buildBody, I=Construindo corpo do email, ticker=XmyNw, alertId=30320
2026-04-26 22:26:22.958 [main] [] INFO  c.i.application.EmailContentBuilder - M=buildBody, I=Construindo corpo do email, ticker=sIu, alertId=816124
2026-04-26 22:26:22.959 [main] [] INFO  c.i.application.EmailContentBuilder - M=buildBody, I=Construindo corpo do email, ticker=AAA, alertId=2
2026-04-26 22:26:22.959 [main] [] INFO  c.i.application.EmailContentBuilder - M=buildBody, I=Construindo corpo do email, ticker=gkClNV2Y, alertId=15
2026-04-26 22:26:22.959 [main] [] INFO  c.i.application.EmailContentBuilder - M=buildBody, I=Construindo corpo do email, ticker=wcSNcL, alertId=80
2026-04-26 22:26:22.960 [main] [] INFO  c.i.application.EmailContentBuilder - M=buildBody, I=Construindo corpo do email, ticker=VRSUvuW, alertId=4454
2026-04-26 22:26:22.960 [main] [] INFO  c.i.application.EmailContentBuilder - M=buildBody, I=Construindo corpo do email, ticker=AAA, alertId=2
2026-04-26 22:26:22.960 [main] [] INFO  c.i.application.EmailContentBuilder - M=buildBody, I=Construindo corpo do email, ticker=lR4G9D9, alertId=39523
2026-04-26 22:26:22.960 [main] [] INFO  c.i.application.EmailContentBuilder - M=buildBody, I=Construindo corpo do email, ticker=l2yJTWl, alertId=5106
2026-04-26 22:26:22.961 [main] [] INFO  c.i.application.EmailContentBuilder - M=buildBody, I=Construindo corpo do email, ticker=ODwK, alertId=2780
2026-04-26 22:26:22.961 [main] [] INFO  c.i.application.EmailContentBuilder - M=buildBody, I=Construindo corpo do email, ticker=rWA4xUOZ, alertId=181
2026-04-26 22:26:22.961 [main] [] INFO  c.i.application.EmailContentBuilder - M=buildBody, I=Construindo corpo do email, ticker=DBT6, alertId=15707
2026-04-26 22:26:22.962 [main] [] INFO  c.i.application.EmailContentBuilder - M=buildBody, I=Construindo corpo do email, ticker=2qfCYw17, alertId=3098
2026-04-26 22:26:22.962 [main] [] INFO  c.i.application.EmailContentBuilder - M=buildBody, I=Construindo corpo do email, ticker=KAwNfOb, alertId=2
2026-04-26 22:26:22.962 [main] [] INFO  c.i.application.EmailContentBuilder - M=buildBody, I=Construindo corpo do email, ticker=AAA, alertId=2
2026-04-26 22:26:22.962 [main] [] INFO  c.i.application.EmailContentBuilder - M=buildBody, I=Construindo corpo do email, ticker=nHBm, alertId=62
2026-04-26 22:26:22.963 [main] [] INFO  c.i.application.EmailContentBuilder - M=buildBody, I=Construindo corpo do email, ticker=L3R, alertId=1074
2026-04-26 22:26:22.963 [main] [] INFO  c.i.application.EmailContentBuilder - M=buildBody, I=Construindo corpo do email, ticker=hmPVlpG, alertId=300
2026-04-26 22:26:22.964 [main] [] INFO  c.i.application.EmailContentBuilder - M=buildBody, I=Construindo corpo do email, ticker=Ls9a, alertId=160613
2026-04-26 22:26:22.964 [main] [] INFO  c.i.application.EmailContentBuilder - M=buildBody, I=Construindo corpo do email, ticker=jOhjqSN, alertId=161529
2026-04-26 22:26:22.964 [main] [] INFO  c.i.application.EmailContentBuilder - M=buildBody, I=Construindo corpo do email, ticker=AAA, alertId=2
2026-04-26 22:26:22.965 [main] [] INFO  c.i.application.EmailContentBuilder - M=buildBody, I=Construindo corpo do email, ticker=j1jo4i, alertId=15
2026-04-26 22:26:22.966 [main] [] INFO  c.i.application.EmailContentBuilder - M=buildBody, I=Construindo corpo do email, ticker=6jrz, alertId=767250
2026-04-26 22:26:22.966 [main] [] INFO  c.i.application.EmailContentBuilder - M=buildBody, I=Construindo corpo do email, ticker=kyGO, alertId=413357
2026-04-26 22:26:22.967 [main] [] INFO  c.i.application.EmailContentBuilder - M=buildBody, I=Construindo corpo do email, ticker=eDLG0, alertId=3
2026-04-26 22:26:22.968 [main] [] INFO  c.i.application.EmailContentBuilder - M=buildBody, I=Construindo corpo do email, ticker=ER9xe, alertId=31
2026-04-26 22:26:22.968 [main] [] INFO  c.i.application.EmailContentBuilder - M=buildBody, I=Construindo corpo do email, ticker=2EVL, alertId=218
2026-04-26 22:26:22.968 [main] [] INFO  c.i.application.EmailContentBuilder - M=buildBody, I=Construindo corpo do email, ticker=AAA, alertId=2
2026-04-26 22:26:22.968 [main] [] INFO  c.i.application.EmailContentBuilder - M=buildBody, I=Construindo corpo do email, ticker=AAA, alertId=2
2026-04-26 22:26:22.968 [main] [] INFO  c.i.application.EmailContentBuilder - M=buildBody, I=Construindo corpo do email, ticker=Oi3mv, alertId=178563
2026-04-26 22:26:22.969 [main] [] INFO  c.i.application.EmailContentBuilder - M=buildBody, I=Construindo corpo do email, ticker=AAA, alertId=2
2026-04-26 22:26:22.969 [main] [] INFO  c.i.application.EmailContentBuilder - M=buildBody, I=Construindo corpo do email, ticker=AAA, alertId=2
2026-04-26 22:26:22.969 [main] [] INFO  c.i.application.EmailContentBuilder - M=buildBody, I=Construindo corpo do email, ticker=H15, alertId=141388
2026-04-26 22:26:22.969 [main] [] INFO  c.i.application.EmailContentBuilder - M=buildBody, I=Construindo corpo do email, ticker=l9szM, alertId=24
2026-04-26 22:26:22.970 [main] [] INFO  c.i.application.EmailContentBuilder - M=buildBody, I=Construindo corpo do email, ticker=tdu, alertId=7
2026-04-26 22:26:22.970 [main] [] INFO  c.i.application.EmailContentBuilder - M=buildBody, I=Construindo corpo do email, ticker=pXjyW5t, alertId=157
2026-04-26 22:26:22.970 [main] [] INFO  c.i.application.EmailContentBuilder - M=buildBody, I=Construindo corpo do email, ticker=AAA, alertId=2
2026-04-26 22:26:22.971 [main] [] INFO  c.i.application.EmailContentBuilder - M=buildBody, I=Construindo corpo do email, ticker=okr, alertId=909
2026-04-26 22:26:22.971 [main] [] INFO  c.i.application.EmailContentBuilder - M=buildBody, I=Construindo corpo do email, ticker=zALbKfcA, alertId=29071
2026-04-26 22:26:22.971 [main] [] INFO  c.i.application.EmailContentBuilder - M=buildBody, I=Construindo corpo do email, ticker=AAA, alertId=2
2026-04-26 22:26:22.971 [main] [] INFO  c.i.application.EmailContentBuilder - M=buildBody, I=Construindo corpo do email, ticker=AAA, alertId=2
2026-04-26 22:26:22.972 [main] [] INFO  c.i.application.EmailContentBuilder - M=buildBody, I=Construindo corpo do email, ticker=Zudl2, alertId=1416
2026-04-26 22:26:22.973 [main] [] INFO  c.i.application.EmailContentBuilder - M=buildBody, I=Construindo corpo do email, ticker=Y9F, alertId=240
2026-04-26 22:26:22.973 [main] [] INFO  c.i.application.EmailContentBuilder - M=buildBody, I=Construindo corpo do email, ticker=IIigNog, alertId=468
2026-04-26 22:26:22.973 [main] [] INFO  c.i.application.EmailContentBuilder - M=buildBody, I=Construindo corpo do email, ticker=AAA, alertId=2
2026-04-26 22:26:22.974 [main] [] INFO  c.i.application.EmailContentBuilder - M=buildBody, I=Construindo corpo do email, ticker=SoNhV, alertId=44047
2026-04-26 22:26:22.974 [main] [] INFO  c.i.application.EmailContentBuilder - M=buildBody, I=Construindo corpo do email, ticker=AAA, alertId=2
2026-04-26 22:26:22.974 [main] [] INFO  c.i.application.EmailContentBuilder - M=buildBody, I=Construindo corpo do email, ticker=1m8Cq, alertId=50341
2026-04-26 22:26:22.974 [main] [] INFO  c.i.application.EmailContentBuilder - M=buildBody, I=Construindo corpo do email, ticker=ZASXVAEe, alertId=16453
2026-04-26 22:26:22.975 [main] [] INFO  c.i.application.EmailContentBuilder - M=buildBody, I=Construindo corpo do email, ticker=AAA, alertId=2
2026-04-26 22:26:22.975 [main] [] INFO  c.i.application.EmailContentBuilder - M=buildBody, I=Construindo corpo do email, ticker=1pTS3yS, alertId=38053
2026-04-26 22:26:22.975 [main] [] INFO  c.i.application.EmailContentBuilder - M=buildBody, I=Construindo corpo do email, ticker=AAA, alertId=2
2026-04-26 22:26:22.975 [main] [] INFO  c.i.application.EmailContentBuilder - M=buildBody, I=Construindo corpo do email, ticker=AAA, alertId=2
2026-04-26 22:26:22.975 [main] [] INFO  c.i.application.EmailContentBuilder - M=buildBody, I=Construindo corpo do email, ticker=oVbM31z4, alertId=17
2026-04-26 22:26:22.976 [main] [] INFO  c.i.application.EmailContentBuilder - M=buildBody, I=Construindo corpo do email, ticker=AAA, alertId=2
2026-04-26 22:26:22.976 [main] [] INFO  c.i.application.EmailContentBuilder - M=buildBody, I=Construindo corpo do email, ticker=3TjHb, alertId=633
2026-04-26 22:26:22.976 [main] [] INFO  c.i.application.EmailContentBuilder - M=buildBody, I=Construindo corpo do email, ticker=duH, alertId=79725
2026-04-26 22:26:22.976 [main] [] INFO  c.i.application.EmailContentBuilder - M=buildBody, I=Construindo corpo do email, ticker=AAA, alertId=2
2026-04-26 22:26:22.977 [main] [] INFO  c.i.application.EmailContentBuilder - M=buildBody, I=Construindo corpo do email, ticker=9EECDD, alertId=48286
2026-04-26 22:26:22.977 [main] [] INFO  c.i.application.EmailContentBuilder - M=buildBody, I=Construindo corpo do email, ticker=L6h, alertId=74526
2026-04-26 22:26:22.977 [main] [] INFO  c.i.application.EmailContentBuilder - M=buildBody, I=Construindo corpo do email, ticker=Pf8od, alertId=1743
2026-04-26 22:26:22.977 [main] [] INFO  c.i.application.EmailContentBuilder - M=buildBody, I=Construindo corpo do email, ticker=AAA, alertId=2
2026-04-26 22:26:22.978 [main] [] INFO  c.i.application.EmailContentBuilder - M=buildBody, I=Construindo corpo do email, ticker=MdKm, alertId=135921
2026-04-26 22:26:22.978 [main] [] INFO  c.i.application.EmailContentBuilder - M=buildBody, I=Construindo corpo do email, ticker=QfqX, alertId=4
2026-04-26 22:26:22.979 [main] [] INFO  c.i.application.EmailContentBuilder - M=buildBody, I=Construindo corpo do email, ticker=AAA, alertId=2
2026-04-26 22:26:22.979 [main] [] INFO  c.i.application.EmailContentBuilder - M=buildBody, I=Construindo corpo do email, ticker=OKKQazf, alertId=39
2026-04-26 22:26:22.979 [main] [] INFO  c.i.application.EmailContentBuilder - M=buildBody, I=Construindo corpo do email, ticker=NsIM4U6q, alertId=619
2026-04-26 22:26:22.979 [main] [] INFO  c.i.application.EmailContentBuilder - M=buildBody, I=Construindo corpo do email, ticker=AAA, alertId=2
2026-04-26 22:26:22.980 [main] [] INFO  c.i.application.EmailContentBuilder - M=buildBody, I=Construindo corpo do email, ticker=obpjU9o, alertId=125
2026-04-26 22:26:22.980 [main] [] INFO  c.i.application.EmailContentBuilder - M=buildBody, I=Construindo corpo do email, ticker=AAA, alertId=2
2026-04-26 22:26:22.980 [main] [] INFO  c.i.application.EmailContentBuilder - M=buildBody, I=Construindo corpo do email, ticker=UroPWN, alertId=381
2026-04-26 22:26:22.981 [main] [] INFO  c.i.application.EmailContentBuilder - M=buildBody, I=Construindo corpo do email, ticker=Ngcf, alertId=314
2026-04-26 22:26:22.981 [main] [] INFO  c.i.application.EmailContentBuilder - M=buildBody, I=Construindo corpo do email, ticker=dx0, alertId=1815
2026-04-26 22:26:22.981 [main] [] INFO  c.i.application.EmailContentBuilder - M=buildBody, I=Construindo corpo do email, ticker=AAA, alertId=2
2026-04-26 22:26:22.981 [main] [] INFO  c.i.application.EmailContentBuilder - M=buildBody, I=Construindo corpo do email, ticker=AAA, alertId=2
2026-04-26 22:26:22.982 [main] [] INFO  c.i.application.EmailContentBuilder - M=buildBody, I=Construindo corpo do email, ticker=rtjoOvu, alertId=2369
2026-04-26 22:26:22.982 [main] [] INFO  c.i.application.EmailContentBuilder - M=buildBody, I=Construindo corpo do email, ticker=UhQN1, alertId=15955
2026-04-26 22:26:22.982 [main] [] INFO  c.i.application.EmailContentBuilder - M=buildBody, I=Construindo corpo do email, ticker=Q91, alertId=8
2026-04-26 22:26:22.983 [main] [] INFO  c.i.application.EmailContentBuilder - M=buildBody, I=Construindo corpo do email, ticker=dZf71A, alertId=509
2026-04-26 22:26:22.983 [main] [] INFO  c.i.application.EmailContentBuilder - M=buildBody, I=Construindo corpo do email, ticker=AAA, alertId=2
2026-04-26 22:26:22.983 [main] [] INFO  c.i.application.EmailContentBuilder - M=buildBody, I=Construindo corpo do email, ticker=AAA, alertId=2
2026-04-26 22:26:22.984 [main] [] INFO  c.i.application.EmailContentBuilder - M=buildBody, I=Construindo corpo do email, ticker=nQB1E, alertId=17068
2026-04-26 22:26:22.984 [main] [] INFO  c.i.application.EmailContentBuilder - M=buildBody, I=Construindo corpo do email, ticker=AAA, alertId=2
2026-04-26 22:26:22.985 [main] [] INFO  c.i.application.EmailContentBuilder - M=buildBody, I=Construindo corpo do email, ticker=vbsWOZK, alertId=2581
2026-04-26 22:26:22.985 [main] [] INFO  c.i.application.EmailContentBuilder - M=buildBody, I=Construindo corpo do email, ticker=AAA, alertId=2
2026-04-26 22:26:22.985 [main] [] INFO  c.i.application.EmailContentBuilder - M=buildBody, I=Construindo corpo do email, ticker=AAA, alertId=2
2026-04-26 22:26:22.985 [main] [] INFO  c.i.application.EmailContentBuilder - M=buildBody, I=Construindo corpo do email, ticker=AAA, alertId=2
2026-04-26 22:26:22.985 [main] [] INFO  c.i.application.EmailContentBuilder - M=buildBody, I=Construindo corpo do email, ticker=AAA, alertId=2
2026-04-26 22:26:22.986 [main] [] INFO  c.i.application.EmailContentBuilder - M=buildBody, I=Construindo corpo do email, ticker=YmSCI7, alertId=1790
2026-04-26 22:26:22.986 [main] [] INFO  c.i.application.EmailContentBuilder - M=buildBody, I=Construindo corpo do email, ticker=cDKNGWZy, alertId=3617
2026-04-26 22:26:22.987 [main] [] INFO  c.i.application.EmailContentBuilder - M=buildBody, I=Construindo corpo do email, ticker=AAA, alertId=2
2026-04-26 22:26:22.987 [main] [] INFO  c.i.application.EmailContentBuilder - M=buildBody, I=Construindo corpo do email, ticker=VxTPzA0, alertId=165418
2026-04-26 22:26:22.987 [main] [] INFO  c.i.application.EmailContentBuilder - M=buildBody, I=Construindo corpo do email, ticker=AAA, alertId=2
2026-04-26 22:26:22.987 [main] [] INFO  c.i.application.EmailContentBuilder - M=buildBody, I=Construindo corpo do email, ticker=AAA, alertId=2
2026-04-26 22:26:22.988 [main] [] INFO  c.i.application.EmailContentBuilder - M=buildBody, I=Construindo corpo do email, ticker=esNb, alertId=16937
2026-04-26 22:26:22.988 [main] [] INFO  c.i.application.EmailContentBuilder - M=buildBody, I=Construindo corpo do email, ticker=AAA, alertId=2
2026-04-26 22:26:22.988 [main] [] INFO  c.i.application.EmailContentBuilder - M=buildBody, I=Construindo corpo do email, ticker=kTJ7AFn, alertId=16577
2026-04-26 22:26:22.989 [main] [] INFO  c.i.application.EmailContentBuilder - M=buildBody, I=Construindo corpo do email, ticker=zHlOdyy3, alertId=68385
2026-04-26 22:26:22.989 [main] [] INFO  c.i.application.EmailContentBuilder - M=buildBody, I=Construindo corpo do email, ticker=hP7JM, alertId=53
2026-04-26 22:26:22.989 [main] [] INFO  c.i.application.EmailContentBuilder - M=buildBody, I=Construindo corpo do email, ticker=AAA, alertId=2
2026-04-26 22:26:22.989 [main] [] INFO  c.i.application.EmailContentBuilder - M=buildBody, I=Construindo corpo do email, ticker=AAA, alertId=2
2026-04-26 22:26:22.990 [main] [] INFO  c.i.application.EmailContentBuilder - M=buildBody, I=Construindo corpo do email, ticker=f1d4O, alertId=25
2026-04-26 22:26:22.990 [main] [] INFO  c.i.application.EmailContentBuilder - M=buildBody, I=Construindo corpo do email, ticker=AAA, alertId=2
2026-04-26 22:26:22.990 [main] [] INFO  c.i.application.EmailContentBuilder - M=buildBody, I=Construindo corpo do email, ticker=Pke, alertId=4
2026-04-26 22:26:22.990 [main] [] INFO  c.i.application.EmailContentBuilder - M=buildBody, I=Construindo corpo do email, ticker=AAA, alertId=2
2026-04-26 22:26:22.991 [main] [] INFO  c.i.application.EmailContentBuilder - M=buildBody, I=Construindo corpo do email, ticker=8tuAOFn, alertId=1027
2026-04-26 22:26:22.991 [main] [] INFO  c.i.application.EmailContentBuilder - M=buildBody, I=Construindo corpo do email, ticker=6RDky, alertId=15294
2026-04-26 22:26:22.991 [main] [] INFO  c.i.application.EmailContentBuilder - M=buildBody, I=Construindo corpo do email, ticker=NHp0Z, alertId=18
2026-04-26 22:26:22.992 [main] [] INFO  c.i.application.EmailContentBuilder - M=buildBody, I=Construindo corpo do email, ticker=ffj, alertId=4
2026-04-26 22:26:22.992 [main] [] INFO  c.i.application.EmailContentBuilder - M=buildBody, I=Construindo corpo do email, ticker=2tqFaE, alertId=694423
2026-04-26 22:26:22.993 [main] [] INFO  c.i.application.EmailContentBuilder - M=buildBody, I=Construindo corpo do email, ticker=l0OtGd9, alertId=44
2026-04-26 22:26:22.993 [main] [] INFO  c.i.application.EmailContentBuilder - M=buildBody, I=Construindo corpo do email, ticker=tMh0I6G, alertId=372456
2026-04-26 22:26:22.993 [main] [] INFO  c.i.application.EmailContentBuilder - M=buildBody, I=Construindo corpo do email, ticker=o4VS, alertId=10
2026-04-26 22:26:22.993 [main] [] INFO  c.i.application.EmailContentBuilder - M=buildBody, I=Construindo corpo do email, ticker=AAA, alertId=2
2026-04-26 22:26:22.994 [main] [] INFO  c.i.application.EmailContentBuilder - M=buildBody, I=Construindo corpo do email, ticker=ieJhpaiW, alertId=1129
2026-04-26 22:26:22.994 [main] [] INFO  c.i.application.EmailContentBuilder - M=buildBody, I=Construindo corpo do email, ticker=AAA, alertId=2
2026-04-26 22:26:22.994 [main] [] INFO  c.i.application.EmailContentBuilder - M=buildBody, I=Construindo corpo do email, ticker=AAA, alertId=2
2026-04-26 22:26:22.994 [main] [] INFO  c.i.application.EmailContentBuilder - M=buildBody, I=Construindo corpo do email, ticker=CKTu, alertId=2740
2026-04-26 22:26:22.994 [main] [] INFO  c.i.application.EmailContentBuilder - M=buildBody, I=Construindo corpo do email, ticker=AAA, alertId=2
2026-04-26 22:26:22.994 [main] [] INFO  c.i.application.EmailContentBuilder - M=buildBody, I=Construindo corpo do email, ticker=AAA, alertId=2
2026-04-26 22:26:22.994 [main] [] INFO  c.i.application.EmailContentBuilder - M=buildBody, I=Construindo corpo do email, ticker=AAA, alertId=2
2026-04-26 22:26:22.995 [main] [] INFO  c.i.application.EmailContentBuilder - M=buildBody, I=Construindo corpo do email, ticker=0uOQiAXc, alertId=136752
2026-04-26 22:26:22.995 [main] [] INFO  c.i.application.EmailContentBuilder - M=buildBody, I=Construindo corpo do email, ticker=AAA, alertId=2
2026-04-26 22:26:22.995 [main] [] INFO  c.i.application.EmailContentBuilder - M=buildBody, I=Construindo corpo do email, ticker=kXm2, alertId=3721
2026-04-26 22:26:22.996 [main] [] INFO  c.i.application.EmailContentBuilder - M=buildBody, I=Construindo corpo do email, ticker=WGR, alertId=50627
2026-04-26 22:26:22.996 [main] [] INFO  c.i.application.EmailContentBuilder - M=buildBody, I=Construindo corpo do email, ticker=4H5DvICc, alertId=1405
2026-04-26 22:26:22.997 [main] [] INFO  c.i.application.EmailContentBuilder - M=buildBody, I=Construindo corpo do email, ticker=sEw, alertId=24
2026-04-26 22:26:22.997 [main] [] INFO  c.i.application.EmailContentBuilder - M=buildBody, I=Construindo corpo do email, ticker=Jbm2Zh, alertId=6844
2026-04-26 22:26:22.998 [main] [] INFO  c.i.application.EmailContentBuilder - M=buildBody, I=Construindo corpo do email, ticker=aoHxr, alertId=15953
2026-04-26 22:26:22.998 [main] [] INFO  c.i.application.EmailContentBuilder - M=buildBody, I=Construindo corpo do email, ticker=AAA, alertId=2
2026-04-26 22:26:22.998 [main] [] INFO  c.i.application.EmailContentBuilder - M=buildBody, I=Construindo corpo do email, ticker=AAA, alertId=2
2026-04-26 22:26:22.998 [main] [] INFO  c.i.application.EmailContentBuilder - M=buildBody, I=Construindo corpo do email, ticker=Mb5, alertId=8
2026-04-26 22:26:22.999 [main] [] INFO  c.i.application.EmailContentBuilder - M=buildBody, I=Construindo corpo do email, ticker=AAA, alertId=2
2026-04-26 22:26:22.999 [main] [] INFO  c.i.application.EmailContentBuilder - M=buildBody, I=Construindo corpo do email, ticker=7qc, alertId=541996
2026-04-26 22:26:23.000 [main] [] INFO  c.i.application.EmailContentBuilder - M=buildBody, I=Construindo corpo do email, ticker=yCwb, alertId=1412
2026-04-26 22:26:23.000 [main] [] INFO  c.i.application.EmailContentBuilder - M=buildBody, I=Construindo corpo do email, ticker=AAA, alertId=2
2026-04-26 22:26:23.001 [main] [] INFO  c.i.application.EmailContentBuilder - M=buildBody, I=Construindo corpo do email, ticker=yS0, alertId=437
2026-04-26 22:26:23.002 [main] [] INFO  c.i.application.EmailContentBuilder - M=buildBody, I=Construindo corpo do email, ticker=oyiHuRS, alertId=2321
2026-04-26 22:26:23.002 [main] [] INFO  c.i.application.EmailContentBuilder - M=buildBody, I=Construindo corpo do email, ticker=AAA, alertId=2
2026-04-26 22:26:23.002 [main] [] INFO  c.i.application.EmailContentBuilder - M=buildBody, I=Construindo corpo do email, ticker=rqxQ71o, alertId=1745
2026-04-26 22:26:23.003 [main] [] INFO  c.i.application.EmailContentBuilder - M=buildBody, I=Construindo corpo do email, ticker=nttL4AM, alertId=26398
2026-04-26 22:26:23.003 [main] [] INFO  c.i.application.EmailContentBuilder - M=buildBody, I=Construindo corpo do email, ticker=AAA, alertId=2
2026-04-26 22:26:23.003 [main] [] INFO  c.i.application.EmailContentBuilder - M=buildBody, I=Construindo corpo do email, ticker=DCY, alertId=146922
2026-04-26 22:26:23.004 [main] [] INFO  c.i.application.EmailContentBuilder - M=buildBody, I=Construindo corpo do email, ticker=tXKtM0yC, alertId=655
2026-04-26 22:26:23.004 [main] [] INFO  c.i.application.EmailContentBuilder - M=buildBody, I=Construindo corpo do email, ticker=2A37, alertId=4129
2026-04-26 22:26:23.004 [main] [] INFO  c.i.application.EmailContentBuilder - M=buildBody, I=Construindo corpo do email, ticker=5Nnk, alertId=74
2026-04-26 22:26:23.005 [main] [] INFO  c.i.application.EmailContentBuilder - M=buildBody, I=Construindo corpo do email, ticker=6l3HKz, alertId=51016
2026-04-26 22:26:23.005 [main] [] INFO  c.i.application.EmailContentBuilder - M=buildBody, I=Construindo corpo do email, ticker=7S7GaLba, alertId=174
2026-04-26 22:26:23.006 [main] [] INFO  c.i.application.EmailContentBuilder - M=buildBody, I=Construindo corpo do email, ticker=jl1, alertId=2
2026-04-26 22:26:23.006 [main] [] INFO  c.i.application.EmailContentBuilder - M=buildBody, I=Construindo corpo do email, ticker=YgLN, alertId=774913
2026-04-26 22:26:23.006 [main] [] INFO  c.i.application.EmailContentBuilder - M=buildBody, I=Construindo corpo do email, ticker=AAA, alertId=2
2026-04-26 22:26:23.007 [main] [] INFO  c.i.application.EmailContentBuilder - M=buildBody, I=Construindo corpo do email, ticker=y6Q79FyO, alertId=683
2026-04-26 22:26:23.007 [main] [] INFO  c.i.application.EmailContentBuilder - M=buildBody, I=Construindo corpo do email, ticker=pOdY, alertId=8311
2026-04-26 22:26:23.007 [main] [] INFO  c.i.application.EmailContentBuilder - M=buildBody, I=Construindo corpo do email, ticker=jXjHDUE, alertId=48
2026-04-26 22:26:23.008 [main] [] INFO  c.i.application.EmailContentBuilder - M=buildBody, I=Construindo corpo do email, ticker=1AagfZ, alertId=4
2026-04-26 22:26:23.008 [main] [] INFO  c.i.application.EmailContentBuilder - M=buildBody, I=Construindo corpo do email, ticker=AAA, alertId=2
2026-04-26 22:26:23.008 [main] [] INFO  c.i.application.EmailContentBuilder - M=buildBody, I=Construindo corpo do email, ticker=C3WTP, alertId=2851
2026-04-26 22:26:23.009 [main] [] INFO  c.i.application.EmailContentBuilder - M=buildBody, I=Construindo corpo do email, ticker=vejgCqE, alertId=379
2026-04-26 22:26:23.009 [main] [] INFO  c.i.application.EmailContentBuilder - M=buildBody, I=Construindo corpo do email, ticker=AAA, alertId=2
2026-04-26 22:26:23.009 [main] [] INFO  c.i.application.EmailContentBuilder - M=buildBody, I=Construindo corpo do email, ticker=ESqPS, alertId=4614
2026-04-26 22:26:23.010 [main] [] INFO  c.i.application.EmailContentBuilder - M=buildBody, I=Construindo corpo do email, ticker=zFKKpf0, alertId=708002
2026-04-26 22:26:23.010 [main] [] INFO  c.i.application.EmailContentBuilder - M=buildBody, I=Construindo corpo do email, ticker=AAA, alertId=2
2026-04-26 22:26:23.010 [main] [] INFO  c.i.application.EmailContentBuilder - M=buildBody, I=Construindo corpo do email, ticker=2Ic8bn, alertId=39341
2026-04-26 22:26:23.011 [main] [] INFO  c.i.application.EmailContentBuilder - M=buildBody, I=Construindo corpo do email, ticker=g8AV, alertId=25357
2026-04-26 22:26:23.011 [main] [] INFO  c.i.application.EmailContentBuilder - M=buildBody, I=Construindo corpo do email, ticker=XgtMhewi, alertId=199
2026-04-26 22:26:23.012 [main] [] INFO  c.i.application.EmailContentBuilder - M=buildBody, I=Construindo corpo do email, ticker=0jTYe1, alertId=9171
2026-04-26 22:26:23.012 [main] [] INFO  c.i.application.EmailContentBuilder - M=buildBody, I=Construindo corpo do email, ticker=AAA, alertId=2
2026-04-26 22:26:23.012 [main] [] INFO  c.i.application.EmailContentBuilder - M=buildBody, I=Construindo corpo do email, ticker=4WN8at, alertId=15969
2026-04-26 22:26:23.013 [main] [] INFO  c.i.application.EmailContentBuilder - M=buildBody, I=Construindo corpo do email, ticker=EHG, alertId=138
2026-04-26 22:26:23.013 [main] [] INFO  c.i.application.EmailContentBuilder - M=buildBody, I=Construindo corpo do email, ticker=Dc1, alertId=101
2026-04-26 22:26:23.013 [main] [] INFO  c.i.application.EmailContentBuilder - M=buildBody, I=Construindo corpo do email, ticker=AAA, alertId=2
2026-04-26 22:26:23.014 [main] [] INFO  c.i.application.EmailContentBuilder - M=buildBody, I=Construindo corpo do email, ticker=ltXzbyJ, alertId=14329
2026-04-26 22:26:23.014 [main] [] INFO  c.i.application.EmailContentBuilder - M=buildBody, I=Construindo corpo do email, ticker=EPbCWE, alertId=3306
2026-04-26 22:26:23.014 [main] [] INFO  c.i.application.EmailContentBuilder - M=buildBody, I=Construindo corpo do email, ticker=GlgA, alertId=18017
2026-04-26 22:26:23.015 [main] [] INFO  c.i.application.EmailContentBuilder - M=buildBody, I=Construindo corpo do email, ticker=fuQZG, alertId=85
2026-04-26 22:26:23.015 [main] [] INFO  c.i.application.EmailContentBuilder - M=buildBody, I=Construindo corpo do email, ticker=3cioII, alertId=342662
2026-04-26 22:26:23.016 [main] [] INFO  c.i.application.EmailContentBuilder - M=buildBody, I=Construindo corpo do email, ticker=XKpF, alertId=43079
2026-04-26 22:26:23.016 [main] [] INFO  c.i.application.EmailContentBuilder - M=buildBody, I=Construindo corpo do email, ticker=pHSRx, alertId=134
2026-04-26 22:26:23.017 [main] [] INFO  c.i.application.EmailContentBuilder - M=buildBody, I=Construindo corpo do email, ticker=apNuC, alertId=88
2026-04-26 22:26:23.018 [main] [] INFO  c.i.application.EmailContentBuilder - M=buildBody, I=Construindo corpo do email, ticker=FSh2V, alertId=1196
2026-04-26 22:26:23.019 [main] [] INFO  c.i.application.EmailContentBuilder - M=buildBody, I=Construindo corpo do email, ticker=EunPrs, alertId=157093
2026-04-26 22:26:23.019 [main] [] INFO  c.i.application.EmailContentBuilder - M=buildBody, I=Construindo corpo do email, ticker=Eh4N, alertId=7
2026-04-26 22:26:23.020 [main] [] INFO  c.i.application.EmailContentBuilder - M=buildBody, I=Construindo corpo do email, ticker=DKKek5, alertId=191691
2026-04-26 22:26:23.021 [main] [] INFO  c.i.application.EmailContentBuilder - M=buildBody, I=Construindo corpo do email, ticker=zDSsD, alertId=10478
2026-04-26 22:26:23.021 [main] [] INFO  c.i.application.EmailContentBuilder - M=buildBody, I=Construindo corpo do email, ticker=AAA, alertId=2
2026-04-26 22:26:23.021 [main] [] INFO  c.i.application.EmailContentBuilder - M=buildBody, I=Construindo corpo do email, ticker=AAA, alertId=2
2026-04-26 22:26:23.021 [main] [] INFO  c.i.application.EmailContentBuilder - M=buildBody, I=Construindo corpo do email, ticker=AAA, alertId=2
2026-04-26 22:26:23.021 [main] [] INFO  c.i.application.EmailContentBuilder - M=buildBody, I=Construindo corpo do email, ticker=8ugmufRa, alertId=21
2026-04-26 22:26:23.022 [main] [] INFO  c.i.application.EmailContentBuilder - M=buildBody, I=Construindo corpo do email, ticker=V9f, alertId=208
2026-04-26 22:26:23.022 [main] [] INFO  c.i.application.EmailContentBuilder - M=buildBody, I=Construindo corpo do email, ticker=AAA, alertId=2
2026-04-26 22:26:23.022 [main] [] INFO  c.i.application.EmailContentBuilder - M=buildBody, I=Construindo corpo do email, ticker=7Xts5K, alertId=50
2026-04-26 22:26:23.023 [main] [] INFO  c.i.application.EmailContentBuilder - M=buildBody, I=Construindo corpo do email, ticker=PGw, alertId=268
2026-04-26 22:26:23.023 [main] [] INFO  c.i.application.EmailContentBuilder - M=buildBody, I=Construindo corpo do email, ticker=xMn8C, alertId=38456
2026-04-26 22:26:23.024 [main] [] INFO  c.i.application.EmailContentBuilder - M=buildBody, I=Construindo corpo do email, ticker=rW3C2, alertId=191374
2026-04-26 22:26:23.024 [main] [] INFO  c.i.application.EmailContentBuilder - M=buildBody, I=Construindo corpo do email, ticker=AAA, alertId=2
2026-04-26 22:26:23.024 [main] [] INFO  c.i.application.EmailContentBuilder - M=buildBody, I=Construindo corpo do email, ticker=AAA, alertId=2
2026-04-26 22:26:23.024 [main] [] INFO  c.i.application.EmailContentBuilder - M=buildBody, I=Construindo corpo do email, ticker=FFoKzZBr, alertId=68
2026-04-26 22:26:23.024 [main] [] INFO  c.i.application.EmailContentBuilder - M=buildBody, I=Construindo corpo do email, ticker=AAA, alertId=2
2026-04-26 22:26:23.025 [main] [] INFO  c.i.application.EmailContentBuilder - M=buildBody, I=Construindo corpo do email, ticker=VYvVNNG, alertId=348490
2026-04-26 22:26:23.025 [main] [] INFO  c.i.application.EmailContentBuilder - M=buildBody, I=Construindo corpo do email, ticker=pL219uQ9, alertId=23330
2026-04-26 22:26:23.026 [main] [] INFO  c.i.application.EmailContentBuilder - M=buildBody, I=Construindo corpo do email, ticker=iZMF3, alertId=5707
2026-04-26 22:26:23.026 [main] [] INFO  c.i.application.EmailContentBuilder - M=buildBody, I=Construindo corpo do email, ticker=ub5iO, alertId=96787
2026-04-26 22:26:23.027 [main] [] INFO  c.i.application.EmailContentBuilder - M=buildBody, I=Construindo corpo do email, ticker=Vtje, alertId=195
2026-04-26 22:26:23.027 [main] [] INFO  c.i.application.EmailContentBuilder - M=buildBody, I=Construindo corpo do email, ticker=AAA, alertId=2
2026-04-26 22:26:23.027 [main] [] INFO  c.i.application.EmailContentBuilder - M=buildBody, I=Construindo corpo do email, ticker=B2XwuN, alertId=891
2026-04-26 22:26:23.028 [main] [] INFO  c.i.application.EmailContentBuilder - M=buildBody, I=Construindo corpo do email, ticker=1uqnx, alertId=207
2026-04-26 22:26:23.028 [main] [] INFO  c.i.application.EmailContentBuilder - M=buildBody, I=Construindo corpo do email, ticker=AAA, alertId=2
2026-04-26 22:26:23.028 [main] [] INFO  c.i.application.EmailContentBuilder - M=buildBody, I=Construindo corpo do email, ticker=AAA, alertId=2
2026-04-26 22:26:23.028 [main] [] INFO  c.i.application.EmailContentBuilder - M=buildBody, I=Construindo corpo do email, ticker=CdZc, alertId=17237
2026-04-26 22:26:23.028 [main] [] INFO  c.i.application.EmailContentBuilder - M=buildBody, I=Construindo corpo do email, ticker=AAA, alertId=2
2026-04-26 22:26:23.029 [main] [] INFO  c.i.application.EmailContentBuilder - M=buildBody, I=Construindo corpo do email, ticker=VaeXtV, alertId=64575
2026-04-26 22:26:23.029 [main] [] INFO  c.i.application.EmailContentBuilder - M=buildBody, I=Construindo corpo do email, ticker=pfO, alertId=4
2026-04-26 22:26:23.029 [main] [] INFO  c.i.application.EmailContentBuilder - M=buildBody, I=Construindo corpo do email, ticker=AAA, alertId=2
2026-04-26 22:26:23.029 [main] [] INFO  c.i.application.EmailContentBuilder - M=buildBody, I=Construindo corpo do email, ticker=AAA, alertId=2
2026-04-26 22:26:23.030 [main] [] INFO  c.i.application.EmailContentBuilder - M=buildBody, I=Construindo corpo do email, ticker=9Jgn828F, alertId=34130
2026-04-26 22:26:23.030 [main] [] INFO  c.i.application.EmailContentBuilder - M=buildBody, I=Construindo corpo do email, ticker=AAA, alertId=2
2026-04-26 22:26:23.030 [main] [] INFO  c.i.application.EmailContentBuilder - M=buildBody, I=Construindo corpo do email, ticker=AAA, alertId=2
2026-04-26 22:26:23.030 [main] [] INFO  c.i.application.EmailContentBuilder - M=buildBody, I=Construindo corpo do email, ticker=nGbyU1a, alertId=77049
2026-04-26 22:26:23.031 [main] [] INFO  c.i.application.EmailContentBuilder - M=buildBody, I=Construindo corpo do email, ticker=p6aRi, alertId=5165
2026-04-26 22:26:23.031 [main] [] INFO  c.i.application.EmailContentBuilder - M=buildBody, I=Construindo corpo do email, ticker=gYm8tGe, alertId=2409
2026-04-26 22:26:23.031 [main] [] INFO  c.i.application.EmailContentBuilder - M=buildBody, I=Construindo corpo do email, ticker=uIDbu2K, alertId=10108
2026-04-26 22:26:23.032 [main] [] INFO  c.i.application.EmailContentBuilder - M=buildBody, I=Construindo corpo do email, ticker=z8e, alertId=87782
2026-04-26 22:26:23.032 [main] [] INFO  c.i.application.EmailContentBuilder - M=buildBody, I=Construindo corpo do email, ticker=i1GEq, alertId=225
2026-04-26 22:26:23.033 [main] [] INFO  c.i.application.EmailContentBuilder - M=buildBody, I=Construindo corpo do email, ticker=wtlmGO, alertId=586
2026-04-26 22:26:23.033 [main] [] INFO  c.i.application.EmailContentBuilder - M=buildBody, I=Construindo corpo do email, ticker=AAA, alertId=2
2026-04-26 22:26:23.033 [main] [] INFO  c.i.application.EmailContentBuilder - M=buildBody, I=Construindo corpo do email, ticker=rgWjIav, alertId=4
2026-04-26 22:26:23.033 [main] [] INFO  c.i.application.EmailContentBuilder - M=buildBody, I=Construindo corpo do email, ticker=AAA, alertId=2
2026-04-26 22:26:23.034 [main] [] INFO  c.i.application.EmailContentBuilder - M=buildBody, I=Construindo corpo do email, ticker=QKPFtyyx, alertId=95
2026-04-26 22:26:23.035 [main] [] INFO  c.i.application.EmailContentBuilder - M=buildBody, I=Construindo corpo do email, ticker=N62UWc, alertId=18
2026-04-26 22:26:23.035 [main] [] INFO  c.i.application.EmailContentBuilder - M=buildBody, I=Construindo corpo do email, ticker=AAA, alertId=2
2026-04-26 22:26:23.035 [main] [] INFO  c.i.application.EmailContentBuilder - M=buildBody, I=Construindo corpo do email, ticker=AAA, alertId=2
2026-04-26 22:26:23.035 [main] [] INFO  c.i.application.EmailContentBuilder - M=buildBody, I=Construindo corpo do email, ticker=dokFtF, alertId=5
2026-04-26 22:26:23.036 [main] [] INFO  c.i.application.EmailContentBuilder - M=buildBody, I=Construindo corpo do email, ticker=AAA, alertId=2
2026-04-26 22:26:23.036 [main] [] INFO  c.i.application.EmailContentBuilder - M=buildBody, I=Construindo corpo do email, ticker=zxq, alertId=3758
2026-04-26 22:26:23.037 [main] [] INFO  c.i.application.EmailContentBuilder - M=buildBody, I=Construindo corpo do email, ticker=edtdUe, alertId=449
2026-04-26 22:26:23.038 [main] [] INFO  c.i.application.EmailContentBuilder - M=buildBody, I=Construindo corpo do email, ticker=4mmyU, alertId=8
2026-04-26 22:26:23.038 [main] [] INFO  c.i.application.EmailContentBuilder - M=buildBody, I=Construindo corpo do email, ticker=AAA, alertId=2
2026-04-26 22:26:23.039 [main] [] INFO  c.i.application.EmailContentBuilder - M=buildBody, I=Construindo corpo do email, ticker=vYfyHwJe, alertId=1812
2026-04-26 22:26:23.039 [main] [] INFO  c.i.application.EmailContentBuilder - M=buildBody, I=Construindo corpo do email, ticker=AAA, alertId=2
2026-04-26 22:26:23.039 [main] [] INFO  c.i.application.EmailContentBuilder - M=buildBody, I=Construindo corpo do email, ticker=AAA, alertId=2
2026-04-26 22:26:23.040 [main] [] INFO  c.i.application.EmailContentBuilder - M=buildBody, I=Construindo corpo do email, ticker=YnZ3BRWR, alertId=55
2026-04-26 22:26:23.040 [main] [] INFO  c.i.application.EmailContentBuilder - M=buildBody, I=Construindo corpo do email, ticker=apGN, alertId=1973
2026-04-26 22:26:23.040 [main] [] INFO  c.i.application.EmailContentBuilder - M=buildBody, I=Construindo corpo do email, ticker=AAA, alertId=2
2026-04-26 22:26:23.040 [main] [] INFO  c.i.application.EmailContentBuilder - M=buildBody, I=Construindo corpo do email, ticker=AAA, alertId=2
2026-04-26 22:26:23.041 [main] [] INFO  c.i.application.EmailContentBuilder - M=buildBody, I=Construindo corpo do email, ticker=esoKOum, alertId=40129
2026-04-26 22:26:23.041 [main] [] INFO  c.i.application.EmailContentBuilder - M=buildBody, I=Construindo corpo do email, ticker=GdXtlMR, alertId=6
2026-04-26 22:26:23.042 [main] [] INFO  c.i.application.EmailContentBuilder - M=buildBody, I=Construindo corpo do email, ticker=AAA, alertId=2
2026-04-26 22:26:23.042 [main] [] INFO  c.i.application.EmailContentBuilder - M=buildBody, I=Construindo corpo do email, ticker=AAA, alertId=2
2026-04-26 22:26:23.042 [main] [] INFO  c.i.application.EmailContentBuilder - M=buildBody, I=Construindo corpo do email, ticker=ORSXNRXg, alertId=12450
2026-04-26 22:26:23.043 [main] [] INFO  c.i.application.EmailContentBuilder - M=buildBody, I=Construindo corpo do email, ticker=OYJqgDu, alertId=7
2026-04-26 22:26:23.043 [main] [] INFO  c.i.application.EmailContentBuilder - M=buildBody, I=Construindo corpo do email, ticker=m6BY38Th, alertId=224
2026-04-26 22:26:23.043 [main] [] INFO  c.i.application.EmailContentBuilder - M=buildBody, I=Construindo corpo do email, ticker=AAA, alertId=2
2026-04-26 22:26:23.044 [main] [] INFO  c.i.application.EmailContentBuilder - M=buildBody, I=Construindo corpo do email, ticker=9vhAdUgw, alertId=924206
2026-04-26 22:26:23.044 [main] [] INFO  c.i.application.EmailContentBuilder - M=buildBody, I=Construindo corpo do email, ticker=or34R1D, alertId=43
2026-04-26 22:26:23.045 [main] [] INFO  c.i.application.EmailContentBuilder - M=buildBody, I=Construindo corpo do email, ticker=rPrRPR, alertId=17
2026-04-26 22:26:23.045 [main] [] INFO  c.i.application.EmailContentBuilder - M=buildBody, I=Construindo corpo do email, ticker=AAA, alertId=2
2026-04-26 22:26:23.045 [main] [] INFO  c.i.application.EmailContentBuilder - M=buildBody, I=Construindo corpo do email, ticker=AAA, alertId=2
2026-04-26 22:26:23.045 [main] [] INFO  c.i.application.EmailContentBuilder - M=buildBody, I=Construindo corpo do email, ticker=AAA, alertId=2
2026-04-26 22:26:23.045 [main] [] INFO  c.i.application.EmailContentBuilder - M=buildBody, I=Construindo corpo do email, ticker=AAA, alertId=2
2026-04-26 22:26:23.045 [main] [] INFO  c.i.application.EmailContentBuilder - M=buildBody, I=Construindo corpo do email, ticker=L29, alertId=51056
2026-04-26 22:26:23.045 [main] [] INFO  c.i.application.EmailContentBuilder - M=buildBody, I=Construindo corpo do email, ticker=AAA, alertId=2
2026-04-26 22:26:23.045 [main] [] INFO  c.i.application.EmailContentBuilder - M=buildBody, I=Construindo corpo do email, ticker=AAA, alertId=2
2026-04-26 22:26:23.046 [main] [] INFO  c.i.application.EmailContentBuilder - M=buildBody, I=Construindo corpo do email, ticker=wOY4FT, alertId=1112
2026-04-26 22:26:23.046 [main] [] INFO  c.i.application.EmailContentBuilder - M=buildBody, I=Construindo corpo do email, ticker=W57Bbxtd, alertId=35778
2026-04-26 22:26:23.047 [main] [] INFO  c.i.application.EmailContentBuilder - M=buildBody, I=Construindo corpo do email, ticker=MfR5, alertId=4333
2026-04-26 22:26:23.047 [main] [] INFO  c.i.application.EmailContentBuilder - M=buildBody, I=Construindo corpo do email, ticker=bhegXl, alertId=52
2026-04-26 22:26:23.048 [main] [] INFO  c.i.application.EmailContentBuilder - M=buildBody, I=Construindo corpo do email, ticker=AwyAZ, alertId=32
2026-04-26 22:26:23.048 [main] [] INFO  c.i.application.EmailContentBuilder - M=buildBody, I=Construindo corpo do email, ticker=AAA, alertId=2
2026-04-26 22:26:23.048 [main] [] INFO  c.i.application.EmailContentBuilder - M=buildBody, I=Construindo corpo do email, ticker=O5WMifs, alertId=2
2026-04-26 22:26:23.049 [main] [] INFO  c.i.application.EmailContentBuilder - M=buildBody, I=Construindo corpo do email, ticker=el7oU, alertId=44803
2026-04-26 22:26:23.049 [main] [] INFO  c.i.application.EmailContentBuilder - M=buildBody, I=Construindo corpo do email, ticker=c9tgR, alertId=163024
2026-04-26 22:26:23.050 [main] [] INFO  c.i.application.EmailContentBuilder - M=buildBody, I=Construindo corpo do email, ticker=TkF5Leu, alertId=54998
2026-04-26 22:26:23.051 [main] [] INFO  c.i.application.EmailContentBuilder - M=buildBody, I=Construindo corpo do email, ticker=mu8, alertId=139
2026-04-26 22:26:23.052 [main] [] INFO  c.i.application.EmailContentBuilder - M=buildBody, I=Construindo corpo do email, ticker=klxRuE, alertId=137
2026-04-26 22:26:23.052 [main] [] INFO  c.i.application.EmailContentBuilder - M=buildBody, I=Construindo corpo do email, ticker=AAA, alertId=2
2026-04-26 22:26:23.053 [main] [] INFO  c.i.application.EmailContentBuilder - M=buildBody, I=Construindo corpo do email, ticker=tydPV, alertId=88754
2026-04-26 22:26:23.054 [main] [] INFO  c.i.application.EmailContentBuilder - M=buildBody, I=Construindo corpo do email, ticker=yccBGY4V, alertId=5381
2026-04-26 22:26:23.054 [main] [] INFO  c.i.application.EmailContentBuilder - M=buildBody, I=Construindo corpo do email, ticker=F8dn, alertId=85
2026-04-26 22:26:23.055 [main] [] INFO  c.i.application.EmailContentBuilder - M=buildBody, I=Construindo corpo do email, ticker=dYPX, alertId=82891
2026-04-26 22:26:23.055 [main] [] INFO  c.i.application.EmailContentBuilder - M=buildBody, I=Construindo corpo do email, ticker=Eln, alertId=185
2026-04-26 22:26:23.055 [main] [] INFO  c.i.application.EmailContentBuilder - M=buildBody, I=Construindo corpo do email, ticker=AAA, alertId=2
2026-04-26 22:26:23.056 [main] [] INFO  c.i.application.EmailContentBuilder - M=buildBody, I=Construindo corpo do email, ticker=EDJe, alertId=139574
2026-04-26 22:26:23.056 [main] [] INFO  c.i.application.EmailContentBuilder - M=buildBody, I=Construindo corpo do email, ticker=AAA, alertId=2
2026-04-26 22:26:23.056 [main] [] INFO  c.i.application.EmailContentBuilder - M=buildBody, I=Construindo corpo do email, ticker=zTl, alertId=23
2026-04-26 22:26:23.057 [main] [] INFO  c.i.application.EmailContentBuilder - M=buildBody, I=Construindo corpo do email, ticker=SwBFUR, alertId=40827
2026-04-26 22:26:23.057 [main] [] INFO  c.i.application.EmailContentBuilder - M=buildBody, I=Construindo corpo do email, ticker=i8sbstk, alertId=140
2026-04-26 22:26:23.058 [main] [] INFO  c.i.application.EmailContentBuilder - M=buildBody, I=Construindo corpo do email, ticker=IECWtGlv, alertId=50
2026-04-26 22:26:23.058 [main] [] INFO  c.i.application.EmailContentBuilder - M=buildBody, I=Construindo corpo do email, ticker=jB3YM, alertId=58363
2026-04-26 22:26:23.059 [main] [] INFO  c.i.application.EmailContentBuilder - M=buildBody, I=Construindo corpo do email, ticker=JR4i, alertId=6
2026-04-26 22:26:23.059 [main] [] INFO  c.i.application.EmailContentBuilder - M=buildBody, I=Construindo corpo do email, ticker=qydRrNN7, alertId=100
2026-04-26 22:26:23.060 [main] [] INFO  c.i.application.EmailContentBuilder - M=buildBody, I=Construindo corpo do email, ticker=STh, alertId=721543
2026-04-26 22:26:23.060 [main] [] INFO  c.i.application.EmailContentBuilder - M=buildBody, I=Construindo corpo do email, ticker=p6O1Sd, alertId=87606
2026-04-26 22:26:23.061 [main] [] INFO  c.i.application.EmailContentBuilder - M=buildBody, I=Construindo corpo do email, ticker=tGc, alertId=2491
2026-04-26 22:26:23.061 [main] [] INFO  c.i.application.EmailContentBuilder - M=buildBody, I=Construindo corpo do email, ticker=PGFCxJ, alertId=15854
2026-04-26 22:26:23.062 [main] [] INFO  c.i.application.EmailContentBuilder - M=buildBody, I=Construindo corpo do email, ticker=AAA, alertId=2
2026-04-26 22:26:23.062 [main] [] INFO  c.i.application.EmailContentBuilder - M=buildBody, I=Construindo corpo do email, ticker=CVj0y, alertId=18
2026-04-26 22:26:23.062 [main] [] INFO  c.i.application.EmailContentBuilder - M=buildBody, I=Construindo corpo do email, ticker=AAA, alertId=2
2026-04-26 22:26:23.063 [main] [] INFO  c.i.application.EmailContentBuilder - M=buildBody, I=Construindo corpo do email, ticker=zYau4M1F, alertId=232700
2026-04-26 22:26:23.063 [main] [] INFO  c.i.application.EmailContentBuilder - M=buildBody, I=Construindo corpo do email, ticker=QUm2DuXW, alertId=13
2026-04-26 22:26:23.063 [main] [] INFO  c.i.application.EmailContentBuilder - M=buildBody, I=Construindo corpo do email, ticker=AAA, alertId=2
2026-04-26 22:26:23.063 [main] [] INFO  c.i.application.EmailContentBuilder - M=buildBody, I=Construindo corpo do email, ticker=AAA, alertId=2
2026-04-26 22:26:23.063 [main] [] INFO  c.i.application.EmailContentBuilder - M=buildBody, I=Construindo corpo do email, ticker=AAA, alertId=2
2026-04-26 22:26:23.064 [main] [] INFO  c.i.application.EmailContentBuilder - M=buildBody, I=Construindo corpo do email, ticker=cqLZzBDd, alertId=2186
2026-04-26 22:26:23.065 [main] [] INFO  c.i.application.EmailContentBuilder - M=buildBody, I=Construindo corpo do email, ticker=YpuTE6, alertId=23
2026-04-26 22:26:23.065 [main] [] INFO  c.i.application.EmailContentBuilder - M=buildBody, I=Construindo corpo do email, ticker=c5XOZ, alertId=840493
2026-04-26 22:26:23.066 [main] [] INFO  c.i.application.EmailContentBuilder - M=buildBody, I=Construindo corpo do email, ticker=oE5j4U, alertId=386
2026-04-26 22:26:23.066 [main] [] INFO  c.i.application.EmailContentBuilder - M=buildBody, I=Construindo corpo do email, ticker=vZZ, alertId=1
2026-04-26 22:26:23.067 [main] [] INFO  c.i.application.EmailContentBuilder - M=buildBody, I=Construindo corpo do email, ticker=KUZBLg, alertId=1344
2026-04-26 22:26:23.067 [main] [] INFO  c.i.application.EmailContentBuilder - M=buildBody, I=Construindo corpo do email, ticker=AAA, alertId=2
2026-04-26 22:26:23.067 [main] [] INFO  c.i.application.EmailContentBuilder - M=buildBody, I=Construindo corpo do email, ticker=AAA, alertId=2
2026-04-26 22:26:23.067 [main] [] INFO  c.i.application.EmailContentBuilder - M=buildBody, I=Construindo corpo do email, ticker=ViHpO5i, alertId=20995
2026-04-26 22:26:23.068 [main] [] INFO  c.i.application.EmailContentBuilder - M=buildBody, I=Construindo corpo do email, ticker=qZm, alertId=65
2026-04-26 22:26:23.068 [main] [] INFO  c.i.application.EmailContentBuilder - M=buildBody, I=Construindo corpo do email, ticker=g9L, alertId=950270
2026-04-26 22:26:23.069 [main] [] INFO  c.i.application.EmailContentBuilder - M=buildBody, I=Construindo corpo do email, ticker=tMGVKfbO, alertId=105
2026-04-26 22:26:23.069 [main] [] INFO  c.i.application.EmailContentBuilder - M=buildBody, I=Construindo corpo do email, ticker=BEBlr, alertId=703917
2026-04-26 22:26:23.070 [main] [] INFO  c.i.application.EmailContentBuilder - M=buildBody, I=Construindo corpo do email, ticker=vOcHcg, alertId=35491
2026-04-26 22:26:23.070 [main] [] INFO  c.i.application.EmailContentBuilder - M=buildBody, I=Construindo corpo do email, ticker=AAA, alertId=2
2026-04-26 22:26:23.070 [main] [] INFO  c.i.application.EmailContentBuilder - M=buildBody, I=Construindo corpo do email, ticker=laql2X, alertId=722
2026-04-26 22:26:23.071 [main] [] INFO  c.i.application.EmailContentBuilder - M=buildBody, I=Construindo corpo do email, ticker=naL9v, alertId=31248
2026-04-26 22:26:23.072 [main] [] INFO  c.i.application.EmailContentBuilder - M=buildBody, I=Construindo corpo do email, ticker=1VXbpi, alertId=112
2026-04-26 22:26:23.072 [main] [] INFO  c.i.application.EmailContentBuilder - M=buildBody, I=Construindo corpo do email, ticker=AAA, alertId=2
2026-04-26 22:26:23.072 [main] [] INFO  c.i.application.EmailContentBuilder - M=buildBody, I=Construindo corpo do email, ticker=EKA, alertId=461046
2026-04-26 22:26:23.073 [main] [] INFO  c.i.application.EmailContentBuilder - M=buildBody, I=Construindo corpo do email, ticker=FGfH1t79, alertId=163
2026-04-26 22:26:23.073 [main] [] INFO  c.i.application.EmailContentBuilder - M=buildBody, I=Construindo corpo do email, ticker=gQrkvLg2, alertId=83602
2026-04-26 22:26:23.074 [main] [] INFO  c.i.application.EmailContentBuilder - M=buildBody, I=Construindo corpo do email, ticker=FZLBeS, alertId=589195
2026-04-26 22:26:23.074 [main] [] INFO  c.i.application.EmailContentBuilder - M=buildBody, I=Construindo corpo do email, ticker=H8sSmoAo, alertId=510
2026-04-26 22:26:23.075 [main] [] INFO  c.i.application.EmailContentBuilder - M=buildBody, I=Construindo corpo do email, ticker=BfvcI, alertId=7
2026-04-26 22:26:23.075 [main] [] INFO  c.i.application.EmailContentBuilder - M=buildBody, I=Construindo corpo do email, ticker=LlXM, alertId=52315
2026-04-26 22:26:23.076 [main] [] INFO  c.i.application.EmailContentBuilder - M=buildBody, I=Construindo corpo do email, ticker=I9U, alertId=845425
2026-04-26 22:26:23.076 [main] [] INFO  c.i.application.EmailContentBuilder - M=buildBody, I=Construindo corpo do email, ticker=ZfvRG, alertId=6728
2026-04-26 22:26:23.077 [main] [] INFO  c.i.application.EmailContentBuilder - M=buildBody, I=Construindo corpo do email, ticker=WKb8, alertId=36209
2026-04-26 22:26:23.077 [main] [] INFO  c.i.application.EmailContentBuilder - M=buildBody, I=Construindo corpo do email, ticker=AAA, alertId=2
2026-04-26 22:26:23.078 [main] [] INFO  c.i.application.EmailContentBuilder - M=buildBody, I=Construindo corpo do email, ticker=HxYP, alertId=23
2026-04-26 22:26:23.078 [main] [] INFO  c.i.application.EmailContentBuilder - M=buildBody, I=Construindo corpo do email, ticker=AAA, alertId=2
2026-04-26 22:26:23.079 [main] [] INFO  c.i.application.EmailContentBuilder - M=buildBody, I=Construindo corpo do email, ticker=thpGTY, alertId=300
2026-04-26 22:26:23.079 [main] [] INFO  c.i.application.EmailContentBuilder - M=buildBody, I=Construindo corpo do email, ticker=AAA, alertId=2
2026-04-26 22:26:23.080 [main] [] INFO  c.i.application.EmailContentBuilder - M=buildBody, I=Construindo corpo do email, ticker=w0Pwh, alertId=963
2026-04-26 22:26:23.081 [main] [] INFO  c.i.application.EmailContentBuilder - M=buildBody, I=Construindo corpo do email, ticker=1UF, alertId=14818
2026-04-26 22:26:23.081 [main] [] INFO  c.i.application.EmailContentBuilder - M=buildBody, I=Construindo corpo do email, ticker=OyR8VF, alertId=5
2026-04-26 22:26:23.082 [main] [] INFO  c.i.application.EmailContentBuilder - M=buildBody, I=Construindo corpo do email, ticker=rIH, alertId=4
2026-04-26 22:26:23.083 [main] [] INFO  c.i.application.EmailContentBuilder - M=buildBody, I=Construindo corpo do email, ticker=aFnt4fB, alertId=108
2026-04-26 22:26:23.083 [main] [] INFO  c.i.application.EmailContentBuilder - M=buildBody, I=Construindo corpo do email, ticker=I6tZJhb, alertId=3397
2026-04-26 22:26:23.084 [main] [] INFO  c.i.application.EmailContentBuilder - M=buildBody, I=Construindo corpo do email, ticker=ihk, alertId=13310
2026-04-26 22:26:23.084 [main] [] INFO  c.i.application.EmailContentBuilder - M=buildBody, I=Construindo corpo do email, ticker=qdfbhkPf, alertId=956
2026-04-26 22:26:23.085 [main] [] INFO  c.i.application.EmailContentBuilder - M=buildBody, I=Construindo corpo do email, ticker=Y3L, alertId=516
2026-04-26 22:26:23.085 [main] [] INFO  c.i.application.EmailContentBuilder - M=buildBody, I=Construindo corpo do email, ticker=ojOctF9, alertId=1287
2026-04-26 22:26:23.086 [main] [] INFO  c.i.application.EmailContentBuilder - M=buildBody, I=Construindo corpo do email, ticker=zvG2lnH, alertId=699170
2026-04-26 22:26:23.086 [main] [] INFO  c.i.application.EmailContentBuilder - M=buildBody, I=Construindo corpo do email, ticker=AAA, alertId=2
2026-04-26 22:26:23.086 [main] [] INFO  c.i.application.EmailContentBuilder - M=buildBody, I=Construindo corpo do email, ticker=AAA, alertId=2
2026-04-26 22:26:23.086 [main] [] INFO  c.i.application.EmailContentBuilder - M=buildBody, I=Construindo corpo do email, ticker=AAA, alertId=2
2026-04-26 22:26:23.087 [main] [] INFO  c.i.application.EmailContentBuilder - M=buildBody, I=Construindo corpo do email, ticker=iot, alertId=5
2026-04-26 22:26:23.087 [main] [] INFO  c.i.application.EmailContentBuilder - M=buildBody, I=Construindo corpo do email, ticker=w0ll4, alertId=25
2026-04-26 22:26:23.087 [main] [] INFO  c.i.application.EmailContentBuilder - M=buildBody, I=Construindo corpo do email, ticker=AAA, alertId=2
2026-04-26 22:26:23.088 [main] [] INFO  c.i.application.EmailContentBuilder - M=buildBody, I=Construindo corpo do email, ticker=H20m1aJ9, alertId=160128
2026-04-26 22:26:23.088 [main] [] INFO  c.i.application.EmailContentBuilder - M=buildBody, I=Construindo corpo do email, ticker=0VPIs, alertId=852568
2026-04-26 22:26:23.088 [main] [] INFO  c.i.application.EmailContentBuilder - M=buildBody, I=Construindo corpo do email, ticker=AAA, alertId=2
2026-04-26 22:26:23.089 [main] [] INFO  c.i.application.EmailContentBuilder - M=buildBody, I=Construindo corpo do email, ticker=nU57nIeV, alertId=6299
2026-04-26 22:26:23.089 [main] [] INFO  c.i.application.EmailContentBuilder - M=buildBody, I=Construindo corpo do email, ticker=6uNmG, alertId=53464
2026-04-26 22:26:23.090 [main] [] INFO  c.i.application.EmailContentBuilder - M=buildBody, I=Construindo corpo do email, ticker=F47cJuB, alertId=703981
2026-04-26 22:26:23.091 [main] [] INFO  c.i.application.EmailContentBuilder - M=buildBody, I=Construindo corpo do email, ticker=A76qD, alertId=452
2026-04-26 22:26:23.091 [main] [] INFO  c.i.application.EmailContentBuilder - M=buildBody, I=Construindo corpo do email, ticker=bYXlZ, alertId=6924
2026-04-26 22:26:23.092 [main] [] INFO  c.i.application.EmailContentBuilder - M=buildBody, I=Construindo corpo do email, ticker=JURzPVT, alertId=1036
2026-04-26 22:26:23.092 [main] [] INFO  c.i.application.EmailContentBuilder - M=buildBody, I=Construindo corpo do email, ticker=YEqryYN, alertId=134316
2026-04-26 22:26:23.092 [main] [] INFO  c.i.application.EmailContentBuilder - M=buildBody, I=Construindo corpo do email, ticker=AAA, alertId=2
2026-04-26 22:26:23.093 [main] [] INFO  c.i.application.EmailContentBuilder - M=buildBody, I=Construindo corpo do email, ticker=7cH, alertId=822981
2026-04-26 22:26:23.093 [main] [] INFO  c.i.application.EmailContentBuilder - M=buildBody, I=Construindo corpo do email, ticker=AAA, alertId=2
2026-04-26 22:26:23.093 [main] [] INFO  c.i.application.EmailContentBuilder - M=buildBody, I=Construindo corpo do email, ticker=AAA, alertId=2
2026-04-26 22:26:23.093 [main] [] INFO  c.i.application.EmailContentBuilder - M=buildBody, I=Construindo corpo do email, ticker=AAA, alertId=2
2026-04-26 22:26:23.093 [main] [] INFO  c.i.application.EmailContentBuilder - M=buildBody, I=Construindo corpo do email, ticker=AAA, alertId=2
2026-04-26 22:26:23.093 [main] [] INFO  c.i.application.EmailContentBuilder - M=buildBody, I=Construindo corpo do email, ticker=AAA, alertId=2
2026-04-26 22:26:23.093 [main] [] INFO  c.i.application.EmailContentBuilder - M=buildBody, I=Construindo corpo do email, ticker=iqxndq, alertId=363
2026-04-26 22:26:23.094 [main] [] INFO  c.i.application.EmailContentBuilder - M=buildBody, I=Construindo corpo do email, ticker=FQR8ZdlX, alertId=19
2026-04-26 22:26:23.094 [main] [] INFO  c.i.application.EmailContentBuilder - M=buildBody, I=Construindo corpo do email, ticker=AAA, alertId=2
2026-04-26 22:26:23.094 [main] [] INFO  c.i.application.EmailContentBuilder - M=buildBody, I=Construindo corpo do email, ticker=AAA, alertId=2
2026-04-26 22:26:23.095 [main] [] INFO  c.i.application.EmailContentBuilder - M=buildBody, I=Construindo corpo do email, ticker=GF1, alertId=127
2026-04-26 22:26:23.095 [main] [] INFO  c.i.application.EmailContentBuilder - M=buildBody, I=Construindo corpo do email, ticker=eH1o, alertId=32082
2026-04-26 22:26:23.096 [main] [] INFO  c.i.application.EmailContentBuilder - M=buildBody, I=Construindo corpo do email, ticker=xfY2, alertId=39292
2026-04-26 22:26:23.098 [main] [] INFO  c.i.application.EmailContentBuilder - M=buildBody, I=Construindo corpo do email, ticker=3Oo2, alertId=780969
2026-04-26 22:26:23.099 [main] [] INFO  c.i.application.EmailContentBuilder - M=buildBody, I=Construindo corpo do email, ticker=TSG, alertId=133
2026-04-26 22:26:23.100 [main] [] INFO  c.i.application.EmailContentBuilder - M=buildBody, I=Construindo corpo do email, ticker=IBl, alertId=106
2026-04-26 22:26:23.100 [main] [] INFO  c.i.application.EmailContentBuilder - M=buildBody, I=Construindo corpo do email, ticker=HXPUId3K, alertId=6885
2026-04-26 22:26:23.101 [main] [] INFO  c.i.application.EmailContentBuilder - M=buildBody, I=Construindo corpo do email, ticker=MWc, alertId=5
2026-04-26 22:26:23.101 [main] [] INFO  c.i.application.EmailContentBuilder - M=buildBody, I=Construindo corpo do email, ticker=AAA, alertId=2
2026-04-26 22:26:23.101 [main] [] INFO  c.i.application.EmailContentBuilder - M=buildBody, I=Construindo corpo do email, ticker=G59P, alertId=7
2026-04-26 22:26:23.101 [main] [] INFO  c.i.application.EmailContentBuilder - M=buildBody, I=Construindo corpo do email, ticker=AAA, alertId=2
2026-04-26 22:26:23.101 [main] [] INFO  c.i.application.EmailContentBuilder - M=buildBody, I=Construindo corpo do email, ticker=AAA, alertId=2
2026-04-26 22:26:23.101 [main] [] INFO  c.i.application.EmailContentBuilder - M=buildBody, I=Construindo corpo do email, ticker=AAA, alertId=2
2026-04-26 22:26:23.101 [main] [] INFO  c.i.application.EmailContentBuilder - M=buildBody, I=Construindo corpo do email, ticker=AAA, alertId=2
2026-04-26 22:26:23.102 [main] [] INFO  c.i.application.EmailContentBuilder - M=buildBody, I=Construindo corpo do email, ticker=VrdAN, alertId=25
2026-04-26 22:26:23.103 [main] [] INFO  c.i.application.EmailContentBuilder - M=buildBody, I=Construindo corpo do email, ticker=1X9J, alertId=22
2026-04-26 22:26:23.103 [main] [] INFO  c.i.application.EmailContentBuilder - M=buildBody, I=Construindo corpo do email, ticker=AAA, alertId=2
2026-04-26 22:26:23.103 [main] [] INFO  c.i.application.EmailContentBuilder - M=buildBody, I=Construindo corpo do email, ticker=hPI6zI, alertId=254956
2026-04-26 22:26:23.104 [main] [] INFO  c.i.application.EmailContentBuilder - M=buildBody, I=Construindo corpo do email, ticker=UiSBtyF, alertId=83819
2026-04-26 22:26:23.104 [main] [] INFO  c.i.application.EmailContentBuilder - M=buildBody, I=Construindo corpo do email, ticker=AAA, alertId=2
2026-04-26 22:26:23.104 [main] [] INFO  c.i.application.EmailContentBuilder - M=buildBody, I=Construindo corpo do email, ticker=AAA, alertId=2
2026-04-26 22:26:23.104 [main] [] INFO  c.i.application.EmailContentBuilder - M=buildBody, I=Construindo corpo do email, ticker=RoCpQG, alertId=5655
2026-04-26 22:26:23.105 [main] [] INFO  c.i.application.EmailContentBuilder - M=buildBody, I=Construindo corpo do email, ticker=a4KLiHdk, alertId=23084
2026-04-26 22:26:23.105 [main] [] INFO  c.i.application.EmailContentBuilder - M=buildBody, I=Construindo corpo do email, ticker=7LTbQ3v, alertId=187
2026-04-26 22:26:23.106 [main] [] INFO  c.i.application.EmailContentBuilder - M=buildBody, I=Construindo corpo do email, ticker=MNNi, alertId=352
2026-04-26 22:26:23.107 [main] [] INFO  c.i.application.EmailContentBuilder - M=buildBody, I=Construindo corpo do email, ticker=hSYFlU3, alertId=1801
2026-04-26 22:26:23.107 [main] [] INFO  c.i.application.EmailContentBuilder - M=buildBody, I=Construindo corpo do email, ticker=Zp7G2I, alertId=205
2026-04-26 22:26:23.108 [main] [] INFO  c.i.application.EmailContentBuilder - M=buildBody, I=Construindo corpo do email, ticker=LJr9B, alertId=89395
2026-04-26 22:26:23.108 [main] [] INFO  c.i.application.EmailContentBuilder - M=buildBody, I=Construindo corpo do email, ticker=YnGSB, alertId=2982
2026-04-26 22:26:23.109 [main] [] INFO  c.i.application.EmailContentBuilder - M=buildBody, I=Construindo corpo do email, ticker=AAA, alertId=2
2026-04-26 22:26:23.109 [main] [] INFO  c.i.application.EmailContentBuilder - M=buildBody, I=Construindo corpo do email, ticker=uFioL5if, alertId=80054
2026-04-26 22:26:23.109 [main] [] INFO  c.i.application.EmailContentBuilder - M=buildBody, I=Construindo corpo do email, ticker=AAA, alertId=2
2026-04-26 22:26:23.109 [main] [] INFO  c.i.application.EmailContentBuilder - M=buildBody, I=Construindo corpo do email, ticker=AAA, alertId=2
2026-04-26 22:26:23.109 [main] [] INFO  c.i.application.EmailContentBuilder - M=buildBody, I=Construindo corpo do email, ticker=AAA, alertId=2
2026-04-26 22:26:23.110 [main] [] INFO  c.i.application.EmailContentBuilder - M=buildBody, I=Construindo corpo do email, ticker=d0MeUg1, alertId=259702
2026-04-26 22:26:23.110 [main] [] INFO  c.i.application.EmailContentBuilder - M=buildBody, I=Construindo corpo do email, ticker=rdRGwz, alertId=2060
2026-04-26 22:26:23.138 [main] [] INFO  c.i.application.EmailContentBuilder - M=buildBody, I=Construindo corpo do email, ticker=rLR, alertId=75349
2026-04-26 22:26:23.140 [main] [] INFO  c.i.application.EmailContentBuilder - M=buildBody, I=Construindo corpo do email, ticker=BtLmA1, alertId=9071
2026-04-26 22:26:23.140 [main] [] INFO  c.i.application.EmailContentBuilder - M=buildBody, I=Construindo corpo do email, ticker=AAA, alertId=2
2026-04-26 22:26:23.140 [main] [] INFO  c.i.application.EmailContentBuilder - M=buildBody, I=Construindo corpo do email, ticker=AAA, alertId=2
2026-04-26 22:26:23.141 [main] [] INFO  c.i.application.EmailContentBuilder - M=buildBody, I=Construindo corpo do email, ticker=eicYFsr, alertId=800
2026-04-26 22:26:23.141 [main] [] INFO  c.i.application.EmailContentBuilder - M=buildBody, I=Construindo corpo do email, ticker=XkE, alertId=14267
2026-04-26 22:26:23.142 [main] [] INFO  c.i.application.EmailContentBuilder - M=buildBody, I=Construindo corpo do email, ticker=daTKt, alertId=30908
2026-04-26 22:26:23.143 [main] [] INFO  c.i.application.EmailContentBuilder - M=buildBody, I=Construindo corpo do email, ticker=hzP596, alertId=36069
2026-04-26 22:26:23.143 [main] [] INFO  c.i.application.EmailContentBuilder - M=buildBody, I=Construindo corpo do email, ticker=X5KvB5, alertId=6
2026-04-26 22:26:23.144 [main] [] INFO  c.i.application.EmailContentBuilder - M=buildBody, I=Construindo corpo do email, ticker=y4Sd4zK, alertId=508
2026-04-26 22:26:23.144 [main] [] INFO  c.i.application.EmailContentBuilder - M=buildBody, I=Construindo corpo do email, ticker=taqqJru, alertId=7
2026-04-26 22:26:23.144 [main] [] INFO  c.i.application.EmailContentBuilder - M=buildBody, I=Construindo corpo do email, ticker=AAA, alertId=2
2026-04-26 22:26:23.145 [main] [] INFO  c.i.application.EmailContentBuilder - M=buildBody, I=Construindo corpo do email, ticker=8e1, alertId=216
2026-04-26 22:26:23.146 [main] [] INFO  c.i.application.EmailContentBuilder - M=buildBody, I=Construindo corpo do email, ticker=suiiIvA, alertId=15808
2026-04-26 22:26:23.146 [main] [] INFO  c.i.application.EmailContentBuilder - M=buildBody, I=Construindo corpo do email, ticker=SGBSuI, alertId=17357
2026-04-26 22:26:23.146 [main] [] INFO  c.i.application.EmailContentBuilder - M=buildBody, I=Construindo corpo do email, ticker=AAA, alertId=2
2026-04-26 22:26:23.147 [main] [] INFO  c.i.application.EmailContentBuilder - M=buildBody, I=Construindo corpo do email, ticker=c0UR5mR7, alertId=133246
2026-04-26 22:26:23.147 [main] [] INFO  c.i.application.EmailContentBuilder - M=buildBody, I=Construindo corpo do email, ticker=p1X, alertId=1038
2026-04-26 22:26:23.147 [main] [] INFO  c.i.application.EmailContentBuilder - M=buildBody, I=Construindo corpo do email, ticker=AAA, alertId=2
2026-04-26 22:26:23.148 [main] [] INFO  c.i.application.EmailContentBuilder - M=buildBody, I=Construindo corpo do email, ticker=9gQeXECr, alertId=179019
2026-04-26 22:26:23.148 [main] [] INFO  c.i.application.EmailContentBuilder - M=buildBody, I=Construindo corpo do email, ticker=nJJltzf, alertId=96
2026-04-26 22:26:23.149 [main] [] INFO  c.i.application.EmailContentBuilder - M=buildBody, I=Construindo corpo do email, ticker=XYfw, alertId=16
2026-04-26 22:26:23.149 [main] [] INFO  c.i.application.EmailContentBuilder - M=buildBody, I=Construindo corpo do email, ticker=Fx5LL, alertId=147464
2026-04-26 22:26:23.150 [main] [] INFO  c.i.application.EmailContentBuilder - M=buildBody, I=Construindo corpo do email, ticker=wBOFC6S, alertId=117945
2026-04-26 22:26:23.151 [main] [] INFO  c.i.application.EmailContentBuilder - M=buildBody, I=Construindo corpo do email, ticker=DfngXaL, alertId=147
2026-04-26 22:26:23.151 [main] [] INFO  c.i.application.EmailContentBuilder - M=buildBody, I=Construindo corpo do email, ticker=DO4xJUm, alertId=351
2026-04-26 22:26:23.152 [main] [] INFO  c.i.application.EmailContentBuilder - M=buildBody, I=Construindo corpo do email, ticker=T5Qk, alertId=5704
2026-04-26 22:26:23.152 [main] [] INFO  c.i.application.EmailContentBuilder - M=buildBody, I=Construindo corpo do email, ticker=AAA, alertId=2
2026-04-26 22:26:23.152 [main] [] INFO  c.i.application.EmailContentBuilder - M=buildBody, I=Construindo corpo do email, ticker=AAA, alertId=2
2026-04-26 22:26:23.152 [main] [] INFO  c.i.application.EmailContentBuilder - M=buildBody, I=Construindo corpo do email, ticker=AAA, alertId=2
2026-04-26 22:26:23.152 [main] [] INFO  c.i.application.EmailContentBuilder - M=buildBody, I=Construindo corpo do email, ticker=AAA, alertId=2
2026-04-26 22:26:23.152 [main] [] INFO  c.i.application.EmailContentBuilder - M=buildBody, I=Construindo corpo do email, ticker=AAA, alertId=2
2026-04-26 22:26:23.152 [main] [] INFO  c.i.application.EmailContentBuilder - M=buildBody, I=Construindo corpo do email, ticker=AAA, alertId=2
2026-04-26 22:26:23.152 [main] [] INFO  c.i.application.EmailContentBuilder - M=buildBody, I=Construindo corpo do email, ticker=AAA, alertId=2
2026-04-26 22:26:23.152 [main] [] INFO  c.i.application.EmailContentBuilder - M=buildBody, I=Construindo corpo do email, ticker=RlPE, alertId=62
2026-04-26 22:26:23.152 [main] [] INFO  c.i.application.EmailContentBuilder - M=buildBody, I=Construindo corpo do email, ticker=AAA, alertId=2
2026-04-26 22:26:23.153 [main] [] INFO  c.i.application.EmailContentBuilder - M=buildBody, I=Construindo corpo do email, ticker=cSPo4, alertId=24
2026-04-26 22:26:23.154 [main] [] INFO  c.i.application.EmailContentBuilder - M=buildBody, I=Construindo corpo do email, ticker=JXHwse, alertId=364
2026-04-26 22:26:23.154 [main] [] INFO  c.i.application.EmailContentBuilder - M=buildBody, I=Construindo corpo do email, ticker=AAA, alertId=2
2026-04-26 22:26:23.154 [main] [] INFO  c.i.application.EmailContentBuilder - M=buildBody, I=Construindo corpo do email, ticker=2fcjl7, alertId=49018
2026-04-26 22:26:23.155 [main] [] INFO  c.i.application.EmailContentBuilder - M=buildBody, I=Construindo corpo do email, ticker=kh0, alertId=102
2026-04-26 22:26:23.156 [main] [] INFO  c.i.application.EmailContentBuilder - M=buildBody, I=Construindo corpo do email, ticker=AAA, alertId=2
2026-04-26 22:26:23.156 [main] [] INFO  c.i.application.EmailContentBuilder - M=buildBody, I=Construindo corpo do email, ticker=AAA, alertId=2
2026-04-26 22:26:23.157 [main] [] INFO  c.i.application.EmailContentBuilder - M=buildBody, I=Construindo corpo do email, ticker=pCjf, alertId=487
2026-04-26 22:26:23.157 [main] [] INFO  c.i.application.EmailContentBuilder - M=buildBody, I=Construindo corpo do email, ticker=AAA, alertId=2
2026-04-26 22:26:23.158 [main] [] INFO  c.i.application.EmailContentBuilder - M=buildBody, I=Construindo corpo do email, ticker=GWfLxS7, alertId=9692
2026-04-26 22:26:23.158 [main] [] INFO  c.i.application.EmailContentBuilder - M=buildBody, I=Construindo corpo do email, ticker=7eN2a9oS, alertId=40929
2026-04-26 22:26:23.159 [main] [] INFO  c.i.application.EmailContentBuilder - M=buildBody, I=Construindo corpo do email, ticker=8I8ueR6, alertId=51
2026-04-26 22:26:23.159 [main] [] INFO  c.i.application.EmailContentBuilder - M=buildBody, I=Construindo corpo do email, ticker=E01n6, alertId=109942
2026-04-26 22:26:23.160 [main] [] INFO  c.i.application.EmailContentBuilder - M=buildBody, I=Construindo corpo do email, ticker=7vnlkmE, alertId=17159
2026-04-26 22:26:23.160 [main] [] INFO  c.i.application.EmailContentBuilder - M=buildBody, I=Construindo corpo do email, ticker=AAA, alertId=2
2026-04-26 22:26:23.160 [main] [] INFO  c.i.application.EmailContentBuilder - M=buildBody, I=Construindo corpo do email, ticker=AAA, alertId=2
2026-04-26 22:26:23.161 [main] [] INFO  c.i.application.EmailContentBuilder - M=buildBody, I=Construindo corpo do email, ticker=mj6FRV, alertId=14518
2026-04-26 22:26:23.161 [main] [] INFO  c.i.application.EmailContentBuilder - M=buildBody, I=Construindo corpo do email, ticker=rDp2r3Io, alertId=537
2026-04-26 22:26:23.162 [main] [] INFO  c.i.application.EmailContentBuilder - M=buildBody, I=Construindo corpo do email, ticker=8A2M2aev, alertId=851172
2026-04-26 22:26:23.162 [main] [] INFO  c.i.application.EmailContentBuilder - M=buildBody, I=Construindo corpo do email, ticker=lHdLl3, alertId=289
2026-04-26 22:26:23.162 [main] [] INFO  c.i.application.EmailContentBuilder - M=buildBody, I=Construindo corpo do email, ticker=AAA, alertId=2
2026-04-26 22:26:23.162 [main] [] INFO  c.i.application.EmailContentBuilder - M=buildBody, I=Construindo corpo do email, ticker=AAA, alertId=2
2026-04-26 22:26:23.162 [main] [] INFO  c.i.application.EmailContentBuilder - M=buildBody, I=Construindo corpo do email, ticker=AAA, alertId=2
2026-04-26 22:26:23.163 [main] [] INFO  c.i.application.EmailContentBuilder - M=buildBody, I=Construindo corpo do email, ticker=bttFt, alertId=3068
2026-04-26 22:26:23.164 [main] [] INFO  c.i.application.EmailContentBuilder - M=buildBody, I=Construindo corpo do email, ticker=9StXKMG, alertId=75
2026-04-26 22:26:23.164 [main] [] INFO  c.i.application.EmailContentBuilder - M=buildBody, I=Construindo corpo do email, ticker=UCr5KVN, alertId=1070
2026-04-26 22:26:23.165 [main] [] INFO  c.i.application.EmailContentBuilder - M=buildBody, I=Construindo corpo do email, ticker=C4U, alertId=57081
2026-04-26 22:26:23.165 [main] [] INFO  c.i.application.EmailContentBuilder - M=buildBody, I=Construindo corpo do email, ticker=OjCeN3, alertId=1390
2026-04-26 22:26:23.166 [main] [] INFO  c.i.application.EmailContentBuilder - M=buildBody, I=Construindo corpo do email, ticker=tgiiW, alertId=305
2026-04-26 22:26:23.166 [main] [] INFO  c.i.application.EmailContentBuilder - M=buildBody, I=Construindo corpo do email, ticker=AAA, alertId=2
2026-04-26 22:26:23.166 [main] [] INFO  c.i.application.EmailContentBuilder - M=buildBody, I=Construindo corpo do email, ticker=AAA, alertId=2
[...]
2026-04-26 22:26:23.992 [main] [] INFO  c.i.application.EmailContentBuilder - M=buildSubject, I=Construindo assunto do email, ticker=AAA
2026-04-26 22:26:23.992 [main] [] INFO  c.i.application.EmailContentBuilder - M=buildSubject, I=Construindo assunto do email, ticker=AAA
2026-04-26 22:26:23.992 [main] [] INFO  c.i.application.EmailContentBuilder - M=buildSubject, I=Construindo assunto do email, ticker=xWCrFb8M
2026-04-26 22:26:23.992 [main] [] INFO  c.i.application.EmailContentBuilder - M=buildSubject, I=Construindo assunto do email, ticker=AAA
2026-04-26 22:26:23.992 [main] [] INFO  c.i.application.EmailContentBuilder - M=buildSubject, I=Construindo assunto do email, ticker=AAA
2026-04-26 22:26:23.993 [main] [] INFO  c.i.application.EmailContentBuilder - M=buildSubject, I=Construindo assunto do email, ticker=dmB
2026-04-26 22:26:23.993 [main] [] INFO  c.i.application.EmailContentBuilder - M=buildSubject, I=Construindo assunto do email, ticker=AAA
2026-04-26 22:26:23.993 [main] [] INFO  c.i.application.EmailContentBuilder - M=buildSubject, I=Construindo assunto do email, ticker=S7PXND
2026-04-26 22:26:23.993 [main] [] INFO  c.i.application.EmailContentBuilder - M=buildSubject, I=Construindo assunto do email, ticker=AAA
2026-04-26 22:26:23.993 [main] [] INFO  c.i.application.EmailContentBuilder - M=buildSubject, I=Construindo assunto do email, ticker=AAA
2026-04-26 22:26:23.993 [main] [] INFO  c.i.application.EmailContentBuilder - M=buildSubject, I=Construindo assunto do email, ticker=AAA
2026-04-26 22:26:23.994 [main] [] INFO  c.i.application.EmailContentBuilder - M=buildSubject, I=Construindo assunto do email, ticker=dgiqBk
2026-04-26 22:26:23.994 [main] [] INFO  c.i.application.EmailContentBuilder - M=buildSubject, I=Construindo assunto do email, ticker=1qU
2026-04-26 22:26:23.994 [main] [] INFO  c.i.application.EmailContentBuilder - M=buildSubject, I=Construindo assunto do email, ticker=AAA
2026-04-26 22:26:23.994 [main] [] INFO  c.i.application.EmailContentBuilder - M=buildSubject, I=Construindo assunto do email, ticker=AAA
2026-04-26 22:26:23.994 [main] [] INFO  c.i.application.EmailContentBuilder - M=buildSubject, I=Construindo assunto do email, ticker=blD
2026-04-26 22:26:23.995 [main] [] INFO  c.i.application.EmailContentBuilder - M=buildSubject, I=Construindo assunto do email, ticker=cKvW8
2026-04-26 22:26:23.995 [main] [] INFO  c.i.application.EmailContentBuilder - M=buildSubject, I=Construindo assunto do email, ticker=EdbG
2026-04-26 22:26:23.995 [main] [] INFO  c.i.application.EmailContentBuilder - M=buildSubject, I=Construindo assunto do email, ticker=AAA
2026-04-26 22:26:23.995 [main] [] INFO  c.i.application.EmailContentBuilder - M=buildSubject, I=Construindo assunto do email, ticker=AAA
2026-04-26 22:26:23.996 [main] [] INFO  c.i.application.EmailContentBuilder - M=buildSubject, I=Construindo assunto do email, ticker=YrSF
2026-04-26 22:26:23.996 [main] [] INFO  c.i.application.EmailContentBuilder - M=buildSubject, I=Construindo assunto do email, ticker=AAA
2026-04-26 22:26:23.996 [main] [] INFO  c.i.application.EmailContentBuilder - M=buildSubject, I=Construindo assunto do email, ticker=Kkndk
2026-04-26 22:26:23.996 [main] [] INFO  c.i.application.EmailContentBuilder - M=buildSubject, I=Construindo assunto do email, ticker=AAA
2026-04-26 22:26:23.996 [main] [] INFO  c.i.application.EmailContentBuilder - M=buildSubject, I=Construindo assunto do email, ticker=AAA
2026-04-26 22:26:23.997 [main] [] INFO  c.i.application.EmailContentBuilder - M=buildSubject, I=Construindo assunto do email, ticker=lvyumB
2026-04-26 22:26:23.997 [main] [] INFO  c.i.application.EmailContentBuilder - M=buildSubject, I=Construindo assunto do email, ticker=AAA
2026-04-26 22:26:23.997 [main] [] INFO  c.i.application.EmailContentBuilder - M=buildSubject, I=Construindo assunto do email, ticker=H6Da8oYY
2026-04-26 22:26:23.997 [main] [] INFO  c.i.application.EmailContentBuilder - M=buildSubject, I=Construindo assunto do email, ticker=SJPfUjA
2026-04-26 22:26:23.998 [main] [] INFO  c.i.application.EmailContentBuilder - M=buildSubject, I=Construindo assunto do email, ticker=9ae
2026-04-26 22:26:23.998 [main] [] INFO  c.i.application.EmailContentBuilder - M=buildSubject, I=Construindo assunto do email, ticker=iMoNzver
2026-04-26 22:26:23.998 [main] [] INFO  c.i.application.EmailContentBuilder - M=buildSubject, I=Construindo assunto do email, ticker=AAA
2026-04-26 22:26:23.998 [main] [] INFO  c.i.application.EmailContentBuilder - M=buildSubject, I=Construindo assunto do email, ticker=AAA
2026-04-26 22:26:23.998 [main] [] INFO  c.i.application.EmailContentBuilder - M=buildSubject, I=Construindo assunto do email, ticker=WjBhYQ1
2026-04-26 22:26:23.998 [main] [] INFO  c.i.application.EmailContentBuilder - M=buildSubject, I=Construindo assunto do email, ticker=AAA
2026-04-26 22:26:23.999 [main] [] INFO  c.i.application.EmailContentBuilder - M=buildSubject, I=Construindo assunto do email, ticker=FQtiO1W
2026-04-26 22:26:23.999 [main] [] INFO  c.i.application.EmailContentBuilder - M=buildSubject, I=Construindo assunto do email, ticker=2R9C7
2026-04-26 22:26:23.999 [main] [] INFO  c.i.application.EmailContentBuilder - M=buildSubject, I=Construindo assunto do email, ticker=AAA
2026-04-26 22:26:23.999 [main] [] INFO  c.i.application.EmailContentBuilder - M=buildSubject, I=Construindo assunto do email, ticker=AAA
2026-04-26 22:26:23.999 [main] [] INFO  c.i.application.EmailContentBuilder - M=buildSubject, I=Construindo assunto do email, ticker=c8eX7g
2026-04-26 22:26:24.000 [main] [] INFO  c.i.application.EmailContentBuilder - M=buildSubject, I=Construindo assunto do email, ticker=V5tznHp
2026-04-26 22:26:24.000 [main] [] INFO  c.i.application.EmailContentBuilder - M=buildSubject, I=Construindo assunto do email, ticker=qrEdB0TX
2026-04-26 22:26:24.001 [main] [] INFO  c.i.application.EmailContentBuilder - M=buildSubject, I=Construindo assunto do email, ticker=o6V
2026-04-26 22:26:24.001 [main] [] INFO  c.i.application.EmailContentBuilder - M=buildSubject, I=Construindo assunto do email, ticker=0xPxs5O
2026-04-26 22:26:24.001 [main] [] INFO  c.i.application.EmailContentBuilder - M=buildSubject, I=Construindo assunto do email, ticker=TloLEjXu
2026-04-26 22:26:24.002 [main] [] INFO  c.i.application.EmailContentBuilder - M=buildSubject, I=Construindo assunto do email, ticker=H3lcLC
2026-04-26 22:26:24.002 [main] [] INFO  c.i.application.EmailContentBuilder - M=buildSubject, I=Construindo assunto do email, ticker=03XE
2026-04-26 22:26:24.002 [main] [] INFO  c.i.application.EmailContentBuilder - M=buildSubject, I=Construindo assunto do email, ticker=AAA
2026-04-26 22:26:24.003 [main] [] INFO  c.i.application.EmailContentBuilder - M=buildSubject, I=Construindo assunto do email, ticker=BicVn7MQ
2026-04-26 22:26:24.004 [main] [] INFO  c.i.application.EmailContentBuilder - M=buildSubject, I=Construindo assunto do email, ticker=X0Bn6Nui
2026-04-26 22:26:24.005 [main] [] INFO  c.i.application.EmailContentBuilder - M=buildSubject, I=Construindo assunto do email, ticker=LwG
2026-04-26 22:26:24.006 [main] [] INFO  c.i.application.EmailContentBuilder - M=buildSubject, I=Construindo assunto do email, ticker=PvJNt
2026-04-26 22:26:24.007 [main] [] INFO  c.i.application.EmailContentBuilder - M=buildSubject, I=Construindo assunto do email, ticker=OgFeVtm
2026-04-26 22:26:24.007 [main] [] INFO  c.i.application.EmailContentBuilder - M=buildSubject, I=Construindo assunto do email, ticker=u2XyG
2026-04-26 22:26:24.007 [main] [] INFO  c.i.application.EmailContentBuilder - M=buildSubject, I=Construindo assunto do email, ticker=AAA
2026-04-26 22:26:24.007 [main] [] INFO  c.i.application.EmailContentBuilder - M=buildSubject, I=Construindo assunto do email, ticker=AAA
2026-04-26 22:26:24.007 [main] [] INFO  c.i.application.EmailContentBuilder - M=buildSubject, I=Construindo assunto do email, ticker=AAA
2026-04-26 22:26:24.007 [main] [] INFO  c.i.application.EmailContentBuilder - M=buildSubject, I=Construindo assunto do email, ticker=AAA
2026-04-26 22:26:24.008 [main] [] INFO  c.i.application.EmailContentBuilder - M=buildSubject, I=Construindo assunto do email, ticker=ttFotI
2026-04-26 22:26:24.008 [main] [] INFO  c.i.application.EmailContentBuilder - M=buildSubject, I=Construindo assunto do email, ticker=R0Y9JKS
2026-04-26 22:26:24.008 [main] [] INFO  c.i.application.EmailContentBuilder - M=buildSubject, I=Construindo assunto do email, ticker=AAA
2026-04-26 22:26:24.009 [main] [] INFO  c.i.application.EmailContentBuilder - M=buildSubject, I=Construindo assunto do email, ticker=OZBJ7esX
2026-04-26 22:26:24.009 [main] [] INFO  c.i.application.EmailContentBuilder - M=buildSubject, I=Construindo assunto do email, ticker=91YSkc
2026-04-26 22:26:24.010 [main] [] INFO  c.i.application.EmailContentBuilder - M=buildSubject, I=Construindo assunto do email, ticker=oo1M
2026-04-26 22:26:24.010 [main] [] INFO  c.i.application.EmailContentBuilder - M=buildSubject, I=Construindo assunto do email, ticker=0Cu3rQ95
2026-04-26 22:26:24.010 [main] [] INFO  c.i.application.EmailContentBuilder - M=buildSubject, I=Construindo assunto do email, ticker=AAA
2026-04-26 22:26:24.010 [main] [] INFO  c.i.application.EmailContentBuilder - M=buildSubject, I=Construindo assunto do email, ticker=hrxL0
2026-04-26 22:26:24.010 [main] [] INFO  c.i.application.EmailContentBuilder - M=buildSubject, I=Construindo assunto do email, ticker=AAA
2026-04-26 22:26:24.011 [main] [] INFO  c.i.application.EmailContentBuilder - M=buildSubject, I=Construindo assunto do email, ticker=ubA
2026-04-26 22:26:24.011 [main] [] INFO  c.i.application.EmailContentBuilder - M=buildSubject, I=Construindo assunto do email, ticker=iXkbMB
2026-04-26 22:26:24.011 [main] [] INFO  c.i.application.EmailContentBuilder - M=buildSubject, I=Construindo assunto do email, ticker=AAA
2026-04-26 22:26:24.011 [main] [] INFO  c.i.application.EmailContentBuilder - M=buildSubject, I=Construindo assunto do email, ticker=AAA
2026-04-26 22:26:24.012 [main] [] INFO  c.i.application.EmailContentBuilder - M=buildSubject, I=Construindo assunto do email, ticker=xy2ww6mv
2026-04-26 22:26:24.012 [main] [] INFO  c.i.application.EmailContentBuilder - M=buildSubject, I=Construindo assunto do email, ticker=AAA
2026-04-26 22:26:24.012 [main] [] INFO  c.i.application.EmailContentBuilder - M=buildSubject, I=Construindo assunto do email, ticker=AAA
2026-04-26 22:26:24.012 [main] [] INFO  c.i.application.EmailContentBuilder - M=buildSubject, I=Construindo assunto do email, ticker=WDM4L
2026-04-26 22:26:24.013 [main] [] INFO  c.i.application.EmailContentBuilder - M=buildSubject, I=Construindo assunto do email, ticker=0eP
2026-04-26 22:26:24.013 [main] [] INFO  c.i.application.EmailContentBuilder - M=buildSubject, I=Construindo assunto do email, ticker=okK92E
2026-04-26 22:26:24.013 [main] [] INFO  c.i.application.EmailContentBuilder - M=buildSubject, I=Construindo assunto do email, ticker=AAA
2026-04-26 22:26:24.014 [main] [] INFO  c.i.application.EmailContentBuilder - M=buildSubject, I=Construindo assunto do email, ticker=DU7
2026-04-26 22:26:24.014 [main] [] INFO  c.i.application.EmailContentBuilder - M=buildSubject, I=Construindo assunto do email, ticker=AAA
2026-04-26 22:26:24.014 [main] [] INFO  c.i.application.EmailContentBuilder - M=buildSubject, I=Construindo assunto do email, ticker=f55
2026-04-26 22:26:24.015 [main] [] INFO  c.i.application.EmailContentBuilder - M=buildSubject, I=Construindo assunto do email, ticker=wcXjA
2026-04-26 22:26:24.015 [main] [] INFO  c.i.application.EmailContentBuilder - M=buildSubject, I=Construindo assunto do email, ticker=pWZMLBGO
2026-04-26 22:26:24.015 [main] [] INFO  c.i.application.EmailContentBuilder - M=buildSubject, I=Construindo assunto do email, ticker=4lbGN
2026-04-26 22:26:24.016 [main] [] INFO  c.i.application.EmailContentBuilder - M=buildSubject, I=Construindo assunto do email, ticker=oLIiWEO
2026-04-26 22:26:24.016 [main] [] INFO  c.i.application.EmailContentBuilder - M=buildSubject, I=Construindo assunto do email, ticker=AAA
2026-04-26 22:26:24.016 [main] [] INFO  c.i.application.EmailContentBuilder - M=buildSubject, I=Construindo assunto do email, ticker=s9om
2026-04-26 22:26:24.016 [main] [] INFO  c.i.application.EmailContentBuilder - M=buildSubject, I=Construindo assunto do email, ticker=AAA
2026-04-26 22:26:24.016 [main] [] INFO  c.i.application.EmailContentBuilder - M=buildSubject, I=Construindo assunto do email, ticker=AAA
2026-04-26 22:26:24.016 [main] [] INFO  c.i.application.EmailContentBuilder - M=buildSubject, I=Construindo assunto do email, ticker=AAA
2026-04-26 22:26:24.016 [main] [] INFO  c.i.application.EmailContentBuilder - M=buildSubject, I=Construindo assunto do email, ticker=AAA
2026-04-26 22:26:24.017 [main] [] INFO  c.i.application.EmailContentBuilder - M=buildSubject, I=Construindo assunto do email, ticker=WKkbm
2026-04-26 22:26:24.017 [main] [] INFO  c.i.application.EmailContentBuilder - M=buildSubject, I=Construindo assunto do email, ticker=BWF3p
2026-04-26 22:26:24.017 [main] [] INFO  c.i.application.EmailContentBuilder - M=buildSubject, I=Construindo assunto do email, ticker=AAA
2026-04-26 22:26:24.017 [main] [] INFO  c.i.application.EmailContentBuilder - M=buildSubject, I=Construindo assunto do email, ticker=MI6bkHdO
2026-04-26 22:26:24.017 [main] [] INFO  c.i.application.EmailContentBuilder - M=buildSubject, I=Construindo assunto do email, ticker=AAA
2026-04-26 22:26:24.017 [main] [] INFO  c.i.application.EmailContentBuilder - M=buildSubject, I=Construindo assunto do email, ticker=AAA
2026-04-26 22:26:24.018 [main] [] INFO  c.i.application.EmailContentBuilder - M=buildSubject, I=Construindo assunto do email, ticker=LbdK
2026-04-26 22:26:24.018 [main] [] INFO  c.i.application.EmailContentBuilder - M=buildSubject, I=Construindo assunto do email, ticker=AAA
2026-04-26 22:26:24.018 [main] [] INFO  c.i.application.EmailContentBuilder - M=buildSubject, I=Construindo assunto do email, ticker=JW2j2X
2026-04-26 22:26:24.019 [main] [] INFO  c.i.application.EmailContentBuilder - M=buildSubject, I=Construindo assunto do email, ticker=Q0T50d
2026-04-26 22:26:24.019 [main] [] INFO  c.i.application.EmailContentBuilder - M=buildSubject, I=Construindo assunto do email, ticker=vEsK
2026-04-26 22:26:24.019 [main] [] INFO  c.i.application.EmailContentBuilder - M=buildSubject, I=Construindo assunto do email, ticker=AAA
2026-04-26 22:26:24.019 [main] [] INFO  c.i.application.EmailContentBuilder - M=buildSubject, I=Construindo assunto do email, ticker=l94TouC2
2026-04-26 22:26:24.019 [main] [] INFO  c.i.application.EmailContentBuilder - M=buildSubject, I=Construindo assunto do email, ticker=AAA
2026-04-26 22:26:24.019 [main] [] INFO  c.i.application.EmailContentBuilder - M=buildSubject, I=Construindo assunto do email, ticker=AAA
2026-04-26 22:26:24.019 [main] [] INFO  c.i.application.EmailContentBuilder - M=buildSubject, I=Construindo assunto do email, ticker=AAA
2026-04-26 22:26:24.020 [main] [] INFO  c.i.application.EmailContentBuilder - M=buildSubject, I=Construindo assunto do email, ticker=tQX2
2026-04-26 22:26:24.020 [main] [] INFO  c.i.application.EmailContentBuilder - M=buildSubject, I=Construindo assunto do email, ticker=LOdC
2026-04-26 22:26:24.020 [main] [] INFO  c.i.application.EmailContentBuilder - M=buildSubject, I=Construindo assunto do email, ticker=AAA
2026-04-26 22:26:24.021 [main] [] INFO  c.i.application.EmailContentBuilder - M=buildSubject, I=Construindo assunto do email, ticker=Vzc5fO
2026-04-26 22:26:24.022 [main] [] INFO  c.i.application.EmailContentBuilder - M=buildSubject, I=Construindo assunto do email, ticker=jTKQgAOO
2026-04-26 22:26:24.023 [main] [] INFO  c.i.application.EmailContentBuilder - M=buildSubject, I=Construindo assunto do email, ticker=KYN7dBS
2026-04-26 22:26:24.024 [main] [] INFO  c.i.application.EmailContentBuilder - M=buildSubject, I=Construindo assunto do email, ticker=QhHkK
2026-04-26 22:26:24.024 [main] [] INFO  c.i.application.EmailContentBuilder - M=buildSubject, I=Construindo assunto do email, ticker=AAA
2026-04-26 22:26:24.024 [main] [] INFO  c.i.application.EmailContentBuilder - M=buildSubject, I=Construindo assunto do email, ticker=AAA
2026-04-26 22:26:24.024 [main] [] INFO  c.i.application.EmailContentBuilder - M=buildSubject, I=Construindo assunto do email, ticker=AAA
2026-04-26 22:26:24.025 [main] [] INFO  c.i.application.EmailContentBuilder - M=buildSubject, I=Construindo assunto do email, ticker=eAfQ
2026-04-26 22:26:24.025 [main] [] INFO  c.i.application.EmailContentBuilder - M=buildSubject, I=Construindo assunto do email, ticker=ekGnKZ
2026-04-26 22:26:24.025 [main] [] INFO  c.i.application.EmailContentBuilder - M=buildSubject, I=Construindo assunto do email, ticker=AAA
2026-04-26 22:26:24.026 [main] [] INFO  c.i.application.EmailContentBuilder - M=buildSubject, I=Construindo assunto do email, ticker=wZfOGHL
2026-04-26 22:26:24.026 [main] [] INFO  c.i.application.EmailContentBuilder - M=buildSubject, I=Construindo assunto do email, ticker=AAA
2026-04-26 22:26:24.026 [main] [] INFO  c.i.application.EmailContentBuilder - M=buildSubject, I=Construindo assunto do email, ticker=j5Vxn
2026-04-26 22:26:24.027 [main] [] INFO  c.i.application.EmailContentBuilder - M=buildSubject, I=Construindo assunto do email, ticker=txzhHpw
2026-04-26 22:26:24.027 [main] [] INFO  c.i.application.EmailContentBuilder - M=buildSubject, I=Construindo assunto do email, ticker=AAA
2026-04-26 22:26:24.027 [main] [] INFO  c.i.application.EmailContentBuilder - M=buildSubject, I=Construindo assunto do email, ticker=0g7G
2026-04-26 22:26:24.027 [main] [] INFO  c.i.application.EmailContentBuilder - M=buildSubject, I=Construindo assunto do email, ticker=AAA
2026-04-26 22:26:24.028 [main] [] INFO  c.i.application.EmailContentBuilder - M=buildSubject, I=Construindo assunto do email, ticker=Qw21zCO
2026-04-26 22:26:24.028 [main] [] INFO  c.i.application.EmailContentBuilder - M=buildSubject, I=Construindo assunto do email, ticker=AAA
2026-04-26 22:26:24.028 [main] [] INFO  c.i.application.EmailContentBuilder - M=buildSubject, I=Construindo assunto do email, ticker=AAA
2026-04-26 22:26:24.028 [main] [] INFO  c.i.application.EmailContentBuilder - M=buildSubject, I=Construindo assunto do email, ticker=QFecW0
2026-04-26 22:26:24.029 [main] [] INFO  c.i.application.EmailContentBuilder - M=buildSubject, I=Construindo assunto do email, ticker=kHJ
2026-04-26 22:26:24.029 [main] [] INFO  c.i.application.EmailContentBuilder - M=buildSubject, I=Construindo assunto do email, ticker=RobQ1Z
2026-04-26 22:26:24.029 [main] [] INFO  c.i.application.EmailContentBuilder - M=buildSubject, I=Construindo assunto do email, ticker=AAA
2026-04-26 22:26:24.030 [main] [] INFO  c.i.application.EmailContentBuilder - M=buildSubject, I=Construindo assunto do email, ticker=rARom
2026-04-26 22:26:24.030 [main] [] INFO  c.i.application.EmailContentBuilder - M=buildSubject, I=Construindo assunto do email, ticker=zkeU19j
2026-04-26 22:26:24.031 [main] [] INFO  c.i.application.EmailContentBuilder - M=buildSubject, I=Construindo assunto do email, ticker=2wgWEO
timestamp = 2026-04-26T22:26:24.031243859, EmailContentBuilderProperties:emailSubjectContainsAssetNameAndTicker = 
                              |-----------------------jqwik-----------------------
tries = 1000                  | # of calls to property
checks = 1000                 | # of not rejected calls
generation = RANDOMIZED       | parameters are randomly generated
after-failure = SAMPLE_FIRST  | try previously failed sample, then previous seed
when-fixed-seed = ALLOW       | fixing the random seed is allowed
edge-cases#mode = MIXIN       | edge cases are mixed in
edge-cases#total = 1000       | # of all combined edge cases
edge-cases#tried = 165        | # of edge cases tried in current run
seed = 5703995161564917282    | random seed to reproduce generated values


]]></system-out>
  </testcase>
</testsuite>