<?xml version="1.0" encoding="UTF-8"?>
<testsuite xmlns:xsi="http://www.w3.org/2001/XMLSchema-instance" xsi:noNamespaceSchemaLocation="https://maven.apache.org/surefire/maven-surefire-plugin/xsd/surefire-test-report.xsd" version="3.0.2" name="com.invest.application.ProcessAlertNotificationUseCaseProperties" time="1.035" tests="2" errors="0" skipped="0" failures="0" flakes="0">
  <properties>
[...]
</properties>
  <testcase name="useCaseOrchestrationUsesHtmlBuilderAndPassesIsHtmlTrue" classname="ProcessAlertNotificationUseCaseProperties" time="0.846">
    <system-out><![CDATA[00:31:29.661 [main] INFO com.invest.application.ProcessAlertNotificationUseCaseImpl -- M=execute, I=Processing alert notification, alertId=35227, email=rozstad@kggmln.com
00:31:29.669 [main] INFO com.invest.application.EmailContentBuilder -- M=buildSubject, I=Construindo assunto do email, ticker=XvX
00:31:29.670 [main] INFO com.invest.application.EmailContentBuilder -- M=buildHtmlBody, I=Construindo corpo HTML do email, ticker=XvX, alertId=35227
00:31:29.674 [main] INFO com.invest.application.ProcessAlertNotificationUseCaseImpl -- M=execute, I=Alert notification sent successfully, alertId=35227
00:31:29.674 [main] WARN com.invest.application.ProcessAlertNotificationUseCaseImpl -- M=markAlertAsSent, W=Alert not found, alertId=35227
00:31:29.674 [main] WARN com.invest.application.ProcessAlertNotificationUseCaseImpl -- M=deactivateAssociatedRules, W=Alert not found, alertId=35227
00:31:29.690 [main] INFO com.invest.application.ProcessAlertNotificationUseCaseImpl -- M=execute, I=Processing alert notification, alertId=1108, email=nid@zmmhzefe.com
00:31:29.690 [main] INFO com.invest.application.EmailContentBuilder -- M=buildSubject, I=Construindo assunto do email, ticker=QbnXHQB
00:31:29.691 [main] INFO com.invest.application.EmailContentBuilder -- M=buildHtmlBody, I=Construindo corpo HTML do email, ticker=QbnXHQB, alertId=1108
00:31:29.693 [main] INFO com.invest.application.ProcessAlertNotificationUseCaseImpl -- M=execute, I=Alert notification sent successfully, alertId=1108
00:31:29.693 [main] WARN com.invest.application.ProcessAlertNotificationUseCaseImpl -- M=markAlertAsSent, W=Alert not found, alertId=1108
00:31:29.693 [main] WARN com.invest.application.ProcessAlertNotificationUseCaseImpl -- M=deactivateAssociatedRules, W=Alert not found, alertId=1108
00:31:29.698 [main] INFO com.invest.application.ProcessAlertNotificationUseCaseImpl -- M=execute, I=Processing alert notification, alertId=429916, email=aaa@aaa.com
00:31:29.698 [main] INFO com.invest.application.EmailContentBuilder -- M=buildSubject, I=Construindo assunto do email, ticker=AAA
00:31:29.698 [main] INFO com.invest.application.EmailContentBuilder -- M=buildHtmlBody, I=Construindo corpo HTML do email, ticker=AAA, alertId=429916
00:31:29.699 [main] INFO com.invest.application.ProcessAlertNotificationUseCaseImpl -- M=execute, I=Alert notification sent successfully, alertId=429916
00:31:29.699 [main] WARN com.invest.application.ProcessAlertNotificationUseCaseImpl -- M=markAlertAsSent, W=Alert not found, alertId=429916
00:31:29.700 [main] WARN com.invest.application.ProcessAlertNotificationUseCaseImpl -- M=deactivateAssociatedRules, W=Alert not found, alertId=429916
00:31:29.706 [main] INFO com.invest.application.ProcessAlertNotificationUseCaseImpl -- M=execute, I=Processing alert notification, alertId=3434, email=trzhzmryau@dtjppgt.com
00:31:29.706 [main] INFO com.invest.application.EmailContentBuilder -- M=buildSubject, I=Construindo assunto do email, ticker=GErn
00:31:29.706 [main] INFO com.invest.application.EmailContentBuilder -- M=buildHtmlBody, I=Construindo corpo HTML do email, ticker=GErn, alertId=3434
00:31:29.707 [main] INFO com.invest.application.ProcessAlertNotificationUseCaseImpl -- M=execute, I=Alert notification sent successfully, alertId=3434
00:31:29.707 [main] WARN com.invest.application.ProcessAlertNotificationUseCaseImpl -- M=markAlertAsSent, W=Alert not found, alertId=3434
00:31:29.707 [main] WARN com.invest.application.ProcessAlertNotificationUseCaseImpl -- M=deactivateAssociatedRules, W=Alert not found, alertId=3434
00:31:29.708 [main] INFO com.invest.application.ProcessAlertNotificationUseCaseImpl -- M=execute, I=Processing alert notification, alertId=2, email=aaa@aaa.com
00:31:29.708 [main] INFO com.invest.application.EmailContentBuilder -- M=buildSubject, I=Construindo assunto do email, ticker=AAA
00:31:29.708 [main] INFO com.invest.application.EmailContentBuilder -- M=buildHtmlBody, I=Construindo corpo HTML do email, ticker=AAA, alertId=2
00:31:29.708 [main] INFO com.invest.application.ProcessAlertNotificationUseCaseImpl -- M=execute, I=Alert notification sent successfully, alertId=2
00:31:29.708 [main] WARN com.invest.application.ProcessAlertNotificationUseCaseImpl -- M=markAlertAsSent, W=Alert not found, alertId=2
00:31:29.709 [main] WARN com.invest.application.ProcessAlertNotificationUseCaseImpl -- M=deactivateAssociatedRules, W=Alert not found, alertId=2
00:31:29.709 [main] INFO com.invest.application.ProcessAlertNotificationUseCaseImpl -- M=execute, I=Processing alert notification, alertId=2, email=aaa@aaa.com
00:31:29.710 [main] INFO com.invest.application.EmailContentBuilder -- M=buildSubject, I=Construindo assunto do email, ticker=AAA
00:31:29.710 [main] INFO com.invest.application.EmailContentBuilder -- M=buildHtmlBody, I=Construindo corpo HTML do email, ticker=AAA, alertId=2
00:31:29.710 [main] INFO com.invest.application.ProcessAlertNotificationUseCaseImpl -- M=execute, I=Alert notification sent successfully, alertId=2
00:31:29.710 [main] WARN com.invest.application.ProcessAlertNotificationUseCaseImpl -- M=markAlertAsSent, W=Alert not found, alertId=2
00:31:29.710 [main] WARN com.invest.application.ProcessAlertNotificationUseCaseImpl -- M=deactivateAssociatedRules, W=Alert not found, alertId=2
00:31:29.713 [main] INFO com.invest.application.ProcessAlertNotificationUseCaseImpl -- M=execute, I=Processing alert notification, alertId=660829, email=aaa@aaa.com
00:31:29.713 [main] INFO com.invest.application.EmailContentBuilder -- M=buildSubject, I=Construindo assunto do email, ticker=AAA
00:31:29.713 [main] INFO com.invest.application.EmailContentBuilder -- M=buildHtmlBody, I=Construindo corpo HTML do email, ticker=AAA, alertId=660829
00:31:29.714 [main] INFO com.invest.application.ProcessAlertNotificationUseCaseImpl -- M=execute, I=Alert notification sent successfully, alertId=660829
00:31:29.714 [main] WARN com.invest.application.ProcessAlertNotificationUseCaseImpl -- M=markAlertAsSent, W=Alert not found, alertId=660829
00:31:29.714 [main] WARN com.invest.application.ProcessAlertNotificationUseCaseImpl -- M=deactivateAssociatedRules, W=Alert not found, alertId=660829
00:31:29.715 [main] INFO com.invest.application.ProcessAlertNotificationUseCaseImpl -- M=execute, I=Processing alert notification, alertId=2, email=aaa@aaa.com
00:31:29.715 [main] INFO com.invest.application.EmailContentBuilder -- M=buildSubject, I=Construindo assunto do email, ticker=AAA
00:31:29.715 [main] INFO com.invest.application.EmailContentBuilder -- M=buildHtmlBody, I=Construindo corpo HTML do email, ticker=AAA, alertId=2
00:31:29.715 [main] INFO com.invest.application.ProcessAlertNotificationUseCaseImpl -- M=execute, I=Alert notification sent successfully, alertId=2
00:31:29.715 [main] WARN com.invest.application.ProcessAlertNotificationUseCaseImpl -- M=markAlertAsSent, W=Alert not found, alertId=2
00:31:29.715 [main] WARN com.invest.application.ProcessAlertNotificationUseCaseImpl -- M=deactivateAssociatedRules, W=Alert not found, alertId=2
00:31:29.716 [main] INFO com.invest.application.ProcessAlertNotificationUseCaseImpl -- M=execute, I=Processing alert notification, alertId=2, email=aaa@aaa.com
00:31:29.716 [main] INFO com.invest.application.EmailContentBuilder -- M=buildSubject, I=Construindo assunto do email, ticker=AAA
00:31:29.716 [main] INFO com.invest.application.EmailContentBuilder -- M=buildHtmlBody, I=Construindo corpo HTML do email, ticker=AAA, alertId=2
00:31:29.717 [main] INFO com.invest.application.ProcessAlertNotificationUseCaseImpl -- M=execute, I=Alert notification sent successfully, alertId=2
00:31:29.717 [main] WARN com.invest.application.ProcessAlertNotificationUseCaseImpl -- M=markAlertAsSent, W=Alert not found, alertId=2
00:31:29.717 [main] WARN com.invest.application.ProcessAlertNotificationUseCaseImpl -- M=deactivateAssociatedRules, W=Alert not found, alertId=2
00:31:29.719 [main] INFO com.invest.application.ProcessAlertNotificationUseCaseImpl -- M=execute, I=Processing alert notification, alertId=226, email=dyrgvp@fsqklw.com
00:31:29.720 [main] INFO com.invest.application.EmailContentBuilder -- M=buildSubject, I=Construindo assunto do email, ticker=7PJr
00:31:29.720 [main] INFO com.invest.application.EmailContentBuilder -- M=buildHtmlBody, I=Construindo corpo HTML do email, ticker=7PJr, alertId=226
00:31:29.720 [main] INFO com.invest.application.ProcessAlertNotificationUseCaseImpl -- M=execute, I=Alert notification sent successfully, alertId=226
00:31:29.720 [main] WARN com.invest.application.ProcessAlertNotificationUseCaseImpl -- M=markAlertAsSent, W=Alert not found, alertId=226
00:31:29.720 [main] WARN com.invest.application.ProcessAlertNotificationUseCaseImpl -- M=deactivateAssociatedRules, W=Alert not found, alertId=226
00:31:29.721 [main] INFO com.invest.application.ProcessAlertNotificationUseCaseImpl -- M=execute, I=Processing alert notification, alertId=2, email=aaa@aaa.com
00:31:29.721 [main] INFO com.invest.application.EmailContentBuilder -- M=buildSubject, I=Construindo assunto do email, ticker=AAA
00:31:29.721 [main] INFO com.invest.application.EmailContentBuilder -- M=buildHtmlBody, I=Construindo corpo HTML do email, ticker=AAA, alertId=2
00:31:29.722 [main] INFO com.invest.application.ProcessAlertNotificationUseCaseImpl -- M=execute, I=Alert notification sent successfully, alertId=2
00:31:29.722 [main] WARN com.invest.application.ProcessAlertNotificationUseCaseImpl -- M=markAlertAsSent, W=Alert not found, alertId=2
00:31:29.722 [main] WARN com.invest.application.ProcessAlertNotificationUseCaseImpl -- M=deactivateAssociatedRules, W=Alert not found, alertId=2
00:31:29.722 [main] INFO com.invest.application.ProcessAlertNotificationUseCaseImpl -- M=execute, I=Processing alert notification, alertId=2, email=aaa@aaa.com
00:31:29.722 [main] INFO com.invest.application.EmailContentBuilder -- M=buildSubject, I=Construindo assunto do email, ticker=AAA
00:31:29.723 [main] INFO com.invest.application.EmailContentBuilder -- M=buildHtmlBody, I=Construindo corpo HTML do email, ticker=AAA, alertId=2
00:31:29.723 [main] INFO com.invest.application.ProcessAlertNotificationUseCaseImpl -- M=execute, I=Alert notification sent successfully, alertId=2
00:31:29.723 [main] WARN com.invest.application.ProcessAlertNotificationUseCaseImpl -- M=markAlertAsSent, W=Alert not found, alertId=2
00:31:29.723 [main] WARN com.invest.application.ProcessAlertNotificationUseCaseImpl -- M=deactivateAssociatedRules, W=Alert not found, alertId=2
00:31:29.725 [main] INFO com.invest.application.ProcessAlertNotificationUseCaseImpl -- M=execute, I=Processing alert notification, alertId=567, email=aaa@aaa.com
00:31:29.725 [main] INFO com.invest.application.EmailContentBuilder -- M=buildSubject, I=Construindo assunto do email, ticker=AAA
00:31:29.725 [main] INFO com.invest.application.EmailContentBuilder -- M=buildHtmlBody, I=Construindo corpo HTML do email, ticker=AAA, alertId=567
00:31:29.725 [main] INFO com.invest.application.ProcessAlertNotificationUseCaseImpl -- M=execute, I=Alert notification sent successfully, alertId=567
00:31:29.725 [main] WARN com.invest.application.ProcessAlertNotificationUseCaseImpl -- M=markAlertAsSent, W=Alert not found, alertId=567
00:31:29.725 [main] WARN com.invest.application.ProcessAlertNotificationUseCaseImpl -- M=deactivateAssociatedRules, W=Alert not found, alertId=567
00:31:29.727 [main] INFO com.invest.application.ProcessAlertNotificationUseCaseImpl -- M=execute, I=Processing alert notification, alertId=100323, email=aaa@aaa.com
00:31:29.728 [main] INFO com.invest.application.EmailContentBuilder -- M=buildSubject, I=Construindo assunto do email, ticker=AAA
00:31:29.728 [main] INFO com.invest.application.EmailContentBuilder -- M=buildHtmlBody, I=Construindo corpo HTML do email, ticker=AAA, alertId=100323
00:31:29.728 [main] INFO com.invest.application.ProcessAlertNotificationUseCaseImpl -- M=execute, I=Alert notification sent successfully, alertId=100323
00:31:29.728 [main] WARN com.invest.application.ProcessAlertNotificationUseCaseImpl -- M=markAlertAsSent, W=Alert not found, alertId=100323
00:31:29.728 [main] WARN com.invest.application.ProcessAlertNotificationUseCaseImpl -- M=deactivateAssociatedRules, W=Alert not found, alertId=100323
00:31:29.732 [main] INFO com.invest.application.ProcessAlertNotificationUseCaseImpl -- M=execute, I=Processing alert notification, alertId=9643, email=vlbnrcgpye@acpwoaw.com
00:31:29.732 [main] INFO com.invest.application.EmailContentBuilder -- M=buildSubject, I=Construindo assunto do email, ticker=5thHhG
00:31:29.732 [main] INFO com.invest.application.EmailContentBuilder -- M=buildHtmlBody, I=Construindo corpo HTML do email, ticker=5thHhG, alertId=9643
00:31:29.733 [main] INFO com.invest.application.ProcessAlertNotificationUseCaseImpl -- M=execute, I=Alert notification sent successfully, alertId=9643
00:31:29.734 [main] WARN com.invest.application.ProcessAlertNotificationUseCaseImpl -- M=markAlertAsSent, W=Alert not found, alertId=9643
00:31:29.734 [main] WARN com.invest.application.ProcessAlertNotificationUseCaseImpl -- M=deactivateAssociatedRules, W=Alert not found, alertId=9643
00:31:29.735 [main] INFO com.invest.application.ProcessAlertNotificationUseCaseImpl -- M=execute, I=Processing alert notification, alertId=2, email=aaa@aaa.com
00:31:29.735 [main] INFO com.invest.application.EmailContentBuilder -- M=buildSubject, I=Construindo assunto do email, ticker=AAA
00:31:29.735 [main] INFO com.invest.application.EmailContentBuilder -- M=buildHtmlBody, I=Construindo corpo HTML do email, ticker=AAA, alertId=2
00:31:29.735 [main] INFO com.invest.application.ProcessAlertNotificationUseCaseImpl -- M=execute, I=Alert notification sent successfully, alertId=2
00:31:29.735 [main] WARN com.invest.application.ProcessAlertNotificationUseCaseImpl -- M=markAlertAsSent, W=Alert not found, alertId=2
00:31:29.735 [main] WARN com.invest.application.ProcessAlertNotificationUseCaseImpl -- M=deactivateAssociatedRules, W=Alert not found, alertId=2
00:31:29.736 [main] INFO com.invest.application.ProcessAlertNotificationUseCaseImpl -- M=execute, I=Processing alert notification, alertId=2, email=aaa@aaa.com
00:31:29.736 [main] INFO com.invest.application.EmailContentBuilder -- M=buildSubject, I=Construindo assunto do email, ticker=AAA
00:31:29.736 [main] INFO com.invest.application.EmailContentBuilder -- M=buildHtmlBody, I=Construindo corpo HTML do email, ticker=AAA, alertId=2
00:31:29.737 [main] INFO com.invest.application.ProcessAlertNotificationUseCaseImpl -- M=execute, I=Alert notification sent successfully, alertId=2
00:31:29.737 [main] WARN com.invest.application.ProcessAlertNotificationUseCaseImpl -- M=markAlertAsSent, W=Alert not found, alertId=2
00:31:29.737 [main] WARN com.invest.application.ProcessAlertNotificationUseCaseImpl -- M=deactivateAssociatedRules, W=Alert not found, alertId=2
00:31:29.738 [main] INFO com.invest.application.ProcessAlertNotificationUseCaseImpl -- M=execute, I=Processing alert notification, alertId=2, email=aaa@aaa.com
00:31:29.738 [main] INFO com.invest.application.EmailContentBuilder -- M=buildSubject, I=Construindo assunto do email, ticker=AAA
00:31:29.738 [main] INFO com.invest.application.EmailContentBuilder -- M=buildHtmlBody, I=Construindo corpo HTML do email, ticker=AAA, alertId=2
00:31:29.738 [main] INFO com.invest.application.ProcessAlertNotificationUseCaseImpl -- M=execute, I=Alert notification sent successfully, alertId=2
00:31:29.738 [main] WARN com.invest.application.ProcessAlertNotificationUseCaseImpl -- M=markAlertAsSent, W=Alert not found, alertId=2
00:31:29.738 [main] WARN com.invest.application.ProcessAlertNotificationUseCaseImpl -- M=deactivateAssociatedRules, W=Alert not found, alertId=2
00:31:29.739 [main] INFO com.invest.application.ProcessAlertNotificationUseCaseImpl -- M=execute, I=Processing alert notification, alertId=2, email=aaa@aaa.com
00:31:29.739 [main] INFO com.invest.application.EmailContentBuilder -- M=buildSubject, I=Construindo assunto do email, ticker=AAA
00:31:29.739 [main] INFO com.invest.application.EmailContentBuilder -- M=buildHtmlBody, I=Construindo corpo HTML do email, ticker=AAA, alertId=2
00:31:29.740 [main] INFO com.invest.application.ProcessAlertNotificationUseCaseImpl -- M=execute, I=Alert notification sent successfully, alertId=2
00:31:29.740 [main] WARN com.invest.application.ProcessAlertNotificationUseCaseImpl -- M=markAlertAsSent, W=Alert not found, alertId=2
00:31:29.740 [main] WARN com.invest.application.ProcessAlertNotificationUseCaseImpl -- M=deactivateAssociatedRules, W=Alert not found, alertId=2
00:31:29.740 [main] INFO com.invest.application.ProcessAlertNotificationUseCaseImpl -- M=execute, I=Processing alert notification, alertId=2, email=aaa@aaa.com
00:31:29.740 [main] INFO com.invest.application.EmailContentBuilder -- M=buildSubject, I=Construindo assunto do email, ticker=AAA
00:31:29.741 [main] INFO com.invest.application.EmailContentBuilder -- M=buildHtmlBody, I=Construindo corpo HTML do email, ticker=AAA, alertId=2
00:31:29.741 [main] INFO com.invest.application.ProcessAlertNotificationUseCaseImpl -- M=execute, I=Alert notification sent successfully, alertId=2
00:31:29.741 [main] WARN com.invest.application.ProcessAlertNotificationUseCaseImpl -- M=markAlertAsSent, W=Alert not found, alertId=2
00:31:29.741 [main] WARN com.invest.application.ProcessAlertNotificationUseCaseImpl -- M=deactivateAssociatedRules, W=Alert not found, alertId=2
00:31:29.742 [main] INFO com.invest.application.ProcessAlertNotificationUseCaseImpl -- M=execute, I=Processing alert notification, alertId=2, email=aaa@aaa.com
00:31:29.742 [main] INFO com.invest.application.EmailContentBuilder -- M=buildSubject, I=Construindo assunto do email, ticker=AAA
00:31:29.742 [main] INFO com.invest.application.EmailContentBuilder -- M=buildHtmlBody, I=Construindo corpo HTML do email, ticker=AAA, alertId=2
00:31:29.742 [main] INFO com.invest.application.ProcessAlertNotificationUseCaseImpl -- M=execute, I=Alert notification sent successfully, alertId=2
00:31:29.743 [main] WARN com.invest.application.ProcessAlertNotificationUseCaseImpl -- M=markAlertAsSent, W=Alert not found, alertId=2
00:31:29.743 [main] WARN com.invest.application.ProcessAlertNotificationUseCaseImpl -- M=deactivateAssociatedRules, W=Alert not found, alertId=2
00:31:29.745 [main] INFO com.invest.application.ProcessAlertNotificationUseCaseImpl -- M=execute, I=Processing alert notification, alertId=58486, email=rjou@hxlkdhfx.com
00:31:29.746 [main] INFO com.invest.application.EmailContentBuilder -- M=buildSubject, I=Construindo assunto do email, ticker=JP9vo
00:31:29.746 [main] INFO com.invest.application.EmailContentBuilder -- M=buildHtmlBody, I=Construindo corpo HTML do email, ticker=JP9vo, alertId=58486
00:31:29.746 [main] INFO com.invest.application.ProcessAlertNotificationUseCaseImpl -- M=execute, I=Alert notification sent successfully, alertId=58486
00:31:29.746 [main] WARN com.invest.application.ProcessAlertNotificationUseCaseImpl -- M=markAlertAsSent, W=Alert not found, alertId=58486
00:31:29.746 [main] WARN com.invest.application.ProcessAlertNotificationUseCaseImpl -- M=deactivateAssociatedRules, W=Alert not found, alertId=58486
00:31:29.749 [main] INFO com.invest.application.ProcessAlertNotificationUseCaseImpl -- M=execute, I=Processing alert notification, alertId=171, email=duayvvjku@hgn.com
00:31:29.750 [main] INFO com.invest.application.EmailContentBuilder -- M=buildSubject, I=Construindo assunto do email, ticker=emEUmLr8
00:31:29.750 [main] INFO com.invest.application.EmailContentBuilder -- M=buildHtmlBody, I=Construindo corpo HTML do email, ticker=emEUmLr8, alertId=171
00:31:29.750 [main] INFO com.invest.application.ProcessAlertNotificationUseCaseImpl -- M=execute, I=Alert notification sent successfully, alertId=171
00:31:29.750 [main] WARN com.invest.application.ProcessAlertNotificationUseCaseImpl -- M=markAlertAsSent, W=Alert not found, alertId=171
00:31:29.750 [main] WARN com.invest.application.ProcessAlertNotificationUseCaseImpl -- M=deactivateAssociatedRules, W=Alert not found, alertId=171
00:31:29.751 [main] INFO com.invest.application.ProcessAlertNotificationUseCaseImpl -- M=execute, I=Processing alert notification, alertId=5935, email=aaa@aaa.com
00:31:29.752 [main] INFO com.invest.application.EmailContentBuilder -- M=buildSubject, I=Construindo assunto do email, ticker=AAA
00:31:29.752 [main] INFO com.invest.application.EmailContentBuilder -- M=buildHtmlBody, I=Construindo corpo HTML do email, ticker=AAA, alertId=5935
00:31:29.752 [main] INFO com.invest.application.ProcessAlertNotificationUseCaseImpl -- M=execute, I=Alert notification sent successfully, alertId=5935
00:31:29.752 [main] WARN com.invest.application.ProcessAlertNotificationUseCaseImpl -- M=markAlertAsSent, W=Alert not found, alertId=5935
00:31:29.752 [main] WARN com.invest.application.ProcessAlertNotificationUseCaseImpl -- M=deactivateAssociatedRules, W=Alert not found, alertId=5935
00:31:29.753 [main] INFO com.invest.application.ProcessAlertNotificationUseCaseImpl -- M=execute, I=Processing alert notification, alertId=2, email=aaa@aaa.com
00:31:29.753 [main] INFO com.invest.application.EmailContentBuilder -- M=buildSubject, I=Construindo assunto do email, ticker=AAA
00:31:29.753 [main] INFO com.invest.application.EmailContentBuilder -- M=buildHtmlBody, I=Construindo corpo HTML do email, ticker=AAA, alertId=2
00:31:29.753 [main] INFO com.invest.application.ProcessAlertNotificationUseCaseImpl -- M=execute, I=Alert notification sent successfully, alertId=2
00:31:29.753 [main] WARN com.invest.application.ProcessAlertNotificationUseCaseImpl -- M=markAlertAsSent, W=Alert not found, alertId=2
00:31:29.753 [main] WARN com.invest.application.ProcessAlertNotificationUseCaseImpl -- M=deactivateAssociatedRules, W=Alert not found, alertId=2
00:31:29.754 [main] INFO com.invest.application.ProcessAlertNotificationUseCaseImpl -- M=execute, I=Processing alert notification, alertId=2, email=aaa@aaa.com
00:31:29.754 [main] INFO com.invest.application.EmailContentBuilder -- M=buildSubject, I=Construindo assunto do email, ticker=AAA
00:31:29.754 [main] INFO com.invest.application.EmailContentBuilder -- M=buildHtmlBody, I=Construindo corpo HTML do email, ticker=AAA, alertId=2
00:31:29.754 [main] INFO com.invest.application.ProcessAlertNotificationUseCaseImpl -- M=execute, I=Alert notification sent successfully, alertId=2
00:31:29.754 [main] WARN com.invest.application.ProcessAlertNotificationUseCaseImpl -- M=markAlertAsSent, W=Alert not found, alertId=2
00:31:29.755 [main] WARN com.invest.application.ProcessAlertNotificationUseCaseImpl -- M=deactivateAssociatedRules, W=Alert not found, alertId=2
00:31:29.755 [main] INFO com.invest.application.ProcessAlertNotificationUseCaseImpl -- M=execute, I=Processing alert notification, alertId=2, email=aaa@aaa.com
00:31:29.755 [main] INFO com.invest.application.EmailContentBuilder -- M=buildSubject, I=Construindo assunto do email, ticker=AAA
00:31:29.756 [main] INFO com.invest.application.EmailContentBuilder -- M=buildHtmlBody, I=Construindo corpo HTML do email, ticker=AAA, alertId=2
00:31:29.756 [main] INFO com.invest.application.ProcessAlertNotificationUseCaseImpl -- M=execute, I=Alert notification sent successfully, alertId=2
00:31:29.756 [main] WARN com.invest.application.ProcessAlertNotificationUseCaseImpl -- M=markAlertAsSent, W=Alert not found, alertId=2
00:31:29.756 [main] WARN com.invest.application.ProcessAlertNotificationUseCaseImpl -- M=deactivateAssociatedRules, W=Alert not found, alertId=2
00:31:29.757 [main] INFO com.invest.application.ProcessAlertNotificationUseCaseImpl -- M=execute, I=Processing alert notification, alertId=2, email=aaa@aaa.com
00:31:29.757 [main] INFO com.invest.application.EmailContentBuilder -- M=buildSubject, I=Construindo assunto do email, ticker=AAA
00:31:29.757 [main] INFO com.invest.application.EmailContentBuilder -- M=buildHtmlBody, I=Construindo corpo HTML do email, ticker=AAA, alertId=2
00:31:29.758 [main] INFO com.invest.application.ProcessAlertNotificationUseCaseImpl -- M=execute, I=Alert notification sent successfully, alertId=2
00:31:29.758 [main] WARN com.invest.application.ProcessAlertNotificationUseCaseImpl -- M=markAlertAsSent, W=Alert not found, alertId=2
00:31:29.758 [main] WARN com.invest.application.ProcessAlertNotificationUseCaseImpl -- M=deactivateAssociatedRules, W=Alert not found, alertId=2
00:31:29.761 [main] INFO com.invest.application.ProcessAlertNotificationUseCaseImpl -- M=execute, I=Processing alert notification, alertId=7, email=xznii@rpp.com
00:31:29.761 [main] INFO com.invest.application.EmailContentBuilder -- M=buildSubject, I=Construindo assunto do email, ticker=45Z1uc1x
00:31:29.761 [main] INFO com.invest.application.EmailContentBuilder -- M=buildHtmlBody, I=Construindo corpo HTML do email, ticker=45Z1uc1x, alertId=7
00:31:29.762 [main] INFO com.invest.application.ProcessAlertNotificationUseCaseImpl -- M=execute, I=Alert notification sent successfully, alertId=7
00:31:29.762 [main] WARN com.invest.application.ProcessAlertNotificationUseCaseImpl -- M=markAlertAsSent, W=Alert not found, alertId=7
00:31:29.762 [main] WARN com.invest.application.ProcessAlertNotificationUseCaseImpl -- M=deactivateAssociatedRules, W=Alert not found, alertId=7
00:31:29.763 [main] INFO com.invest.application.ProcessAlertNotificationUseCaseImpl -- M=execute, I=Processing alert notification, alertId=2, email=aaa@aaa.com
00:31:29.763 [main] INFO com.invest.application.EmailContentBuilder -- M=buildSubject, I=Construindo assunto do email, ticker=AAA
00:31:29.763 [main] INFO com.invest.application.EmailContentBuilder -- M=buildHtmlBody, I=Construindo corpo HTML do email, ticker=AAA, alertId=2
00:31:29.763 [main] INFO com.invest.application.ProcessAlertNotificationUseCaseImpl -- M=execute, I=Alert notification sent successfully, alertId=2
00:31:29.763 [main] WARN com.invest.application.ProcessAlertNotificationUseCaseImpl -- M=markAlertAsSent, W=Alert not found, alertId=2
00:31:29.763 [main] WARN com.invest.application.ProcessAlertNotificationUseCaseImpl -- M=deactivateAssociatedRules, W=Alert not found, alertId=2
00:31:29.766 [main] INFO com.invest.application.ProcessAlertNotificationUseCaseImpl -- M=execute, I=Processing alert notification, alertId=204794, email=noesl@xop.com
00:31:29.766 [main] INFO com.invest.application.EmailContentBuilder -- M=buildSubject, I=Construindo assunto do email, ticker=x3N
00:31:29.767 [main] INFO com.invest.application.EmailContentBuilder -- M=buildHtmlBody, I=Construindo corpo HTML do email, ticker=x3N, alertId=204794
00:31:29.767 [main] INFO com.invest.application.ProcessAlertNotificationUseCaseImpl -- M=execute, I=Alert notification sent successfully, alertId=204794
00:31:29.767 [main] WARN com.invest.application.ProcessAlertNotificationUseCaseImpl -- M=markAlertAsSent, W=Alert not found, alertId=204794
00:31:29.767 [main] WARN com.invest.application.ProcessAlertNotificationUseCaseImpl -- M=deactivateAssociatedRules, W=Alert not found, alertId=204794
00:31:29.771 [main] INFO com.invest.application.ProcessAlertNotificationUseCaseImpl -- M=execute, I=Processing alert notification, alertId=49, email=pxlluoqk@pnauqle.com
00:31:29.771 [main] INFO com.invest.application.EmailContentBuilder -- M=buildSubject, I=Construindo assunto do email, ticker=yVFONn
00:31:29.772 [main] INFO com.invest.application.EmailContentBuilder -- M=buildHtmlBody, I=Construindo corpo HTML do email, ticker=yVFONn, alertId=49
00:31:29.772 [main] INFO com.invest.application.ProcessAlertNotificationUseCaseImpl -- M=execute, I=Alert notification sent successfully, alertId=49
00:31:29.772 [main] WARN com.invest.application.ProcessAlertNotificationUseCaseImpl -- M=markAlertAsSent, W=Alert not found, alertId=49
00:31:29.772 [main] WARN com.invest.application.ProcessAlertNotificationUseCaseImpl -- M=deactivateAssociatedRules, W=Alert not found, alertId=49
00:31:29.776 [main] INFO com.invest.application.ProcessAlertNotificationUseCaseImpl -- M=execute, I=Processing alert notification, alertId=150, email=uzb@ash.com
00:31:29.777 [main] INFO com.invest.application.EmailContentBuilder -- M=buildSubject, I=Construindo assunto do email, ticker=BmwOdQ3
00:31:29.777 [main] INFO com.invest.application.EmailContentBuilder -- M=buildHtmlBody, I=Construindo corpo HTML do email, ticker=BmwOdQ3, alertId=150
00:31:29.777 [main] INFO com.invest.application.ProcessAlertNotificationUseCaseImpl -- M=execute, I=Alert notification sent successfully, alertId=150
00:31:29.777 [main] WARN com.invest.application.ProcessAlertNotificationUseCaseImpl -- M=markAlertAsSent, W=Alert not found, alertId=150
00:31:29.777 [main] WARN com.invest.application.ProcessAlertNotificationUseCaseImpl -- M=deactivateAssociatedRules, W=Alert not found, alertId=150
00:31:29.781 [main] INFO com.invest.application.ProcessAlertNotificationUseCaseImpl -- M=execute, I=Processing alert notification, alertId=600, email=bxonis@teeio.com
00:31:29.781 [main] INFO com.invest.application.EmailContentBuilder -- M=buildSubject, I=Construindo assunto do email, ticker=mFbXS
00:31:29.782 [main] INFO com.invest.application.EmailContentBuilder -- M=buildHtmlBody, I=Construindo corpo HTML do email, ticker=mFbXS, alertId=600
00:31:29.782 [main] INFO com.invest.application.ProcessAlertNotificationUseCaseImpl -- M=execute, I=Alert notification sent successfully, alertId=600
00:31:29.782 [main] WARN com.invest.application.ProcessAlertNotificationUseCaseImpl -- M=markAlertAsSent, W=Alert not found, alertId=600
00:31:29.782 [main] WARN com.invest.application.ProcessAlertNotificationUseCaseImpl -- M=deactivateAssociatedRules, W=Alert not found, alertId=600
00:31:29.787 [main] INFO com.invest.application.ProcessAlertNotificationUseCaseImpl -- M=execute, I=Processing alert notification, alertId=209, email=boi@ppjy.com
00:31:29.787 [main] INFO com.invest.application.EmailContentBuilder -- M=buildSubject, I=Construindo assunto do email, ticker=iW1np
00:31:29.787 [main] INFO com.invest.application.EmailContentBuilder -- M=buildHtmlBody, I=Construindo corpo HTML do email, ticker=iW1np, alertId=209
00:31:29.788 [main] INFO com.invest.application.ProcessAlertNotificationUseCaseImpl -- M=execute, I=Alert notification sent successfully, alertId=209
00:31:29.788 [main] WARN com.invest.application.ProcessAlertNotificationUseCaseImpl -- M=markAlertAsSent, W=Alert not found, alertId=209
00:31:29.788 [main] WARN com.invest.application.ProcessAlertNotificationUseCaseImpl -- M=deactivateAssociatedRules, W=Alert not found, alertId=209
00:31:29.791 [main] INFO com.invest.application.ProcessAlertNotificationUseCaseImpl -- M=execute, I=Processing alert notification, alertId=144280, email=nvwxtk@eenrphkx.com
00:31:29.791 [main] INFO com.invest.application.EmailContentBuilder -- M=buildSubject, I=Construindo assunto do email, ticker=2PHHK
00:31:29.792 [main] INFO com.invest.application.EmailContentBuilder -- M=buildHtmlBody, I=Construindo corpo HTML do email, ticker=2PHHK, alertId=144280
00:31:29.792 [main] INFO com.invest.application.ProcessAlertNotificationUseCaseImpl -- M=execute, I=Alert notification sent successfully, alertId=144280
00:31:29.792 [main] WARN com.invest.application.ProcessAlertNotificationUseCaseImpl -- M=markAlertAsSent, W=Alert not found, alertId=144280
00:31:29.792 [main] WARN com.invest.application.ProcessAlertNotificationUseCaseImpl -- M=deactivateAssociatedRules, W=Alert not found, alertId=144280
00:31:29.796 [main] INFO com.invest.application.ProcessAlertNotificationUseCaseImpl -- M=execute, I=Processing alert notification, alertId=18324, email=frtxx@qxeji.com
00:31:29.796 [main] INFO com.invest.application.EmailContentBuilder -- M=buildSubject, I=Construindo assunto do email, ticker=poqy
00:31:29.796 [main] INFO com.invest.application.EmailContentBuilder -- M=buildHtmlBody, I=Construindo corpo HTML do email, ticker=poqy, alertId=18324
00:31:29.796 [main] INFO com.invest.application.ProcessAlertNotificationUseCaseImpl -- M=execute, I=Alert notification sent successfully, alertId=18324
00:31:29.797 [main] WARN com.invest.application.ProcessAlertNotificationUseCaseImpl -- M=markAlertAsSent, W=Alert not found, alertId=18324
00:31:29.797 [main] WARN com.invest.application.ProcessAlertNotificationUseCaseImpl -- M=deactivateAssociatedRules, W=Alert not found, alertId=18324
00:31:29.799 [main] INFO com.invest.application.ProcessAlertNotificationUseCaseImpl -- M=execute, I=Processing alert notification, alertId=79917, email=wbwciiq@bdlpsgwl.com
00:31:29.799 [main] INFO com.invest.application.EmailContentBuilder -- M=buildSubject, I=Construindo assunto do email, ticker=VUou
00:31:29.799 [main] INFO com.invest.application.EmailContentBuilder -- M=buildHtmlBody, I=Construindo corpo HTML do email, ticker=VUou, alertId=79917
00:31:29.799 [main] INFO com.invest.application.ProcessAlertNotificationUseCaseImpl -- M=execute, I=Alert notification sent successfully, alertId=79917
00:31:29.799 [main] WARN com.invest.application.ProcessAlertNotificationUseCaseImpl -- M=markAlertAsSent, W=Alert not found, alertId=79917
00:31:29.799 [main] WARN com.invest.application.ProcessAlertNotificationUseCaseImpl -- M=deactivateAssociatedRules, W=Alert not found, alertId=79917
00:31:29.801 [main] INFO com.invest.application.ProcessAlertNotificationUseCaseImpl -- M=execute, I=Processing alert notification, alertId=489, email=zcoswznh@miupmdbs.com
00:31:29.801 [main] INFO com.invest.application.EmailContentBuilder -- M=buildSubject, I=Construindo assunto do email, ticker=JSF9h
00:31:29.801 [main] INFO com.invest.application.EmailContentBuilder -- M=buildHtmlBody, I=Construindo corpo HTML do email, ticker=JSF9h, alertId=489
00:31:29.801 [main] INFO com.invest.application.ProcessAlertNotificationUseCaseImpl -- M=execute, I=Alert notification sent successfully, alertId=489
00:31:29.801 [main] WARN com.invest.application.ProcessAlertNotificationUseCaseImpl -- M=markAlertAsSent, W=Alert not found, alertId=489
00:31:29.801 [main] WARN com.invest.application.ProcessAlertNotificationUseCaseImpl -- M=deactivateAssociatedRules, W=Alert not found, alertId=489
00:31:29.803 [main] INFO com.invest.application.ProcessAlertNotificationUseCaseImpl -- M=execute, I=Processing alert notification, alertId=16099, email=gxsa@cfkkwzbx.com
00:31:29.803 [main] INFO com.invest.application.EmailContentBuilder -- M=buildSubject, I=Construindo assunto do email, ticker=QOD
00:31:29.803 [main] INFO com.invest.application.EmailContentBuilder -- M=buildHtmlBody, I=Construindo corpo HTML do email, ticker=QOD, alertId=16099
00:31:29.804 [main] INFO com.invest.application.ProcessAlertNotificationUseCaseImpl -- M=execute, I=Alert notification sent successfully, alertId=16099
00:31:29.804 [main] WARN com.invest.application.ProcessAlertNotificationUseCaseImpl -- M=markAlertAsSent, W=Alert not found, alertId=16099
00:31:29.804 [main] WARN com.invest.application.ProcessAlertNotificationUseCaseImpl -- M=deactivateAssociatedRules, W=Alert not found, alertId=16099
00:31:29.804 [main] INFO com.invest.application.ProcessAlertNotificationUseCaseImpl -- M=execute, I=Processing alert notification, alertId=2, email=aaa@aaa.com
00:31:29.804 [main] INFO com.invest.application.EmailContentBuilder -- M=buildSubject, I=Construindo assunto do email, ticker=AAA
00:31:29.804 [main] INFO com.invest.application.EmailContentBuilder -- M=buildHtmlBody, I=Construindo corpo HTML do email, ticker=AAA, alertId=2
00:31:29.804 [main] INFO com.invest.application.ProcessAlertNotificationUseCaseImpl -- M=execute, I=Alert notification sent successfully, alertId=2
00:31:29.804 [main] WARN com.invest.application.ProcessAlertNotificationUseCaseImpl -- M=markAlertAsSent, W=Alert not found, alertId=2
00:31:29.804 [main] WARN com.invest.application.ProcessAlertNotificationUseCaseImpl -- M=deactivateAssociatedRules, W=Alert not found, alertId=2
00:31:29.805 [main] INFO com.invest.application.ProcessAlertNotificationUseCaseImpl -- M=execute, I=Processing alert notification, alertId=2, email=aaa@aaa.com
00:31:29.805 [main] INFO com.invest.application.EmailContentBuilder -- M=buildSubject, I=Construindo assunto do email, ticker=AAA
00:31:29.805 [main] INFO com.invest.application.EmailContentBuilder -- M=buildHtmlBody, I=Construindo corpo HTML do email, ticker=AAA, alertId=2
00:31:29.805 [main] INFO com.invest.application.ProcessAlertNotificationUseCaseImpl -- M=execute, I=Alert notification sent successfully, alertId=2
00:31:29.805 [main] WARN com.invest.application.ProcessAlertNotificationUseCaseImpl -- M=markAlertAsSent, W=Alert not found, alertId=2
00:31:29.805 [main] WARN com.invest.application.ProcessAlertNotificationUseCaseImpl -- M=deactivateAssociatedRules, W=Alert not found, alertId=2
00:31:29.806 [main] INFO com.invest.application.ProcessAlertNotificationUseCaseImpl -- M=execute, I=Processing alert notification, alertId=2, email=aaa@aaa.com
00:31:29.806 [main] INFO com.invest.application.EmailContentBuilder -- M=buildSubject, I=Construindo assunto do email, ticker=AAA
00:31:29.806 [main] INFO com.invest.application.EmailContentBuilder -- M=buildHtmlBody, I=Construindo corpo HTML do email, ticker=AAA, alertId=2
00:31:29.806 [main] INFO com.invest.application.ProcessAlertNotificationUseCaseImpl -- M=execute, I=Alert notification sent successfully, alertId=2
00:31:29.806 [main] WARN com.invest.application.ProcessAlertNotificationUseCaseImpl -- M=markAlertAsSent, W=Alert not found, alertId=2
00:31:29.806 [main] WARN com.invest.application.ProcessAlertNotificationUseCaseImpl -- M=deactivateAssociatedRules, W=Alert not found, alertId=2
00:31:29.807 [main] INFO com.invest.application.ProcessAlertNotificationUseCaseImpl -- M=execute, I=Processing alert notification, alertId=2, email=aaa@aaa.com
00:31:29.807 [main] INFO com.invest.application.EmailContentBuilder -- M=buildSubject, I=Construindo assunto do email, ticker=AAA
00:31:29.807 [main] INFO com.invest.application.EmailContentBuilder -- M=buildHtmlBody, I=Construindo corpo HTML do email, ticker=AAA, alertId=2
00:31:29.807 [main] INFO com.invest.application.ProcessAlertNotificationUseCaseImpl -- M=execute, I=Alert notification sent successfully, alertId=2
00:31:29.807 [main] WARN com.invest.application.ProcessAlertNotificationUseCaseImpl -- M=markAlertAsSent, W=Alert not found, alertId=2
00:31:29.807 [main] WARN com.invest.application.ProcessAlertNotificationUseCaseImpl -- M=deactivateAssociatedRules, W=Alert not found, alertId=2
00:31:29.809 [main] INFO com.invest.application.ProcessAlertNotificationUseCaseImpl -- M=execute, I=Processing alert notification, alertId=128449, email=aaa@aaa.com
00:31:29.809 [main] INFO com.invest.application.EmailContentBuilder -- M=buildSubject, I=Construindo assunto do email, ticker=AAA
00:31:29.809 [main] INFO com.invest.application.EmailContentBuilder -- M=buildHtmlBody, I=Construindo corpo HTML do email, ticker=AAA, alertId=128449
00:31:29.809 [main] INFO com.invest.application.ProcessAlertNotificationUseCaseImpl -- M=execute, I=Alert notification sent successfully, alertId=128449
00:31:29.809 [main] WARN com.invest.application.ProcessAlertNotificationUseCaseImpl -- M=markAlertAsSent, W=Alert not found, alertId=128449
00:31:29.809 [main] WARN com.invest.application.ProcessAlertNotificationUseCaseImpl -- M=deactivateAssociatedRules, W=Alert not found, alertId=128449
00:31:29.811 [main] INFO com.invest.application.ProcessAlertNotificationUseCaseImpl -- M=execute, I=Processing alert notification, alertId=585, email=gnnr@zynbzutg.com
00:31:29.811 [main] INFO com.invest.application.EmailContentBuilder -- M=buildSubject, I=Construindo assunto do email, ticker=elqCYr
00:31:29.811 [main] INFO com.invest.application.EmailContentBuilder -- M=buildHtmlBody, I=Construindo corpo HTML do email, ticker=elqCYr, alertId=585
00:31:29.811 [main] INFO com.invest.application.ProcessAlertNotificationUseCaseImpl -- M=execute, I=Alert notification sent successfully, alertId=585
00:31:29.811 [main] WARN com.invest.application.ProcessAlertNotificationUseCaseImpl -- M=markAlertAsSent, W=Alert not found, alertId=585
00:31:29.811 [main] WARN com.invest.application.ProcessAlertNotificationUseCaseImpl -- M=deactivateAssociatedRules, W=Alert not found, alertId=585
00:31:29.811 [main] INFO com.invest.application.ProcessAlertNotificationUseCaseImpl -- M=execute, I=Processing alert notification, alertId=2, email=aaa@aaa.com
00:31:29.811 [main] INFO com.invest.application.EmailContentBuilder -- M=buildSubject, I=Construindo assunto do email, ticker=AAA
00:31:29.812 [main] INFO com.invest.application.EmailContentBuilder -- M=buildHtmlBody, I=Construindo corpo HTML do email, ticker=AAA, alertId=2
00:31:29.812 [main] INFO com.invest.application.ProcessAlertNotificationUseCaseImpl -- M=execute, I=Alert notification sent successfully, alertId=2
00:31:29.812 [main] WARN com.invest.application.ProcessAlertNotificationUseCaseImpl -- M=markAlertAsSent, W=Alert not found, alertId=2
00:31:29.812 [main] WARN com.invest.application.ProcessAlertNotificationUseCaseImpl -- M=deactivateAssociatedRules, W=Alert not found, alertId=2
00:31:29.814 [main] INFO com.invest.application.ProcessAlertNotificationUseCaseImpl -- M=execute, I=Processing alert notification, alertId=17, email=qwx@ikzotmol.com
00:31:29.814 [main] INFO com.invest.application.EmailContentBuilder -- M=buildSubject, I=Construindo assunto do email, ticker=Nbewhdw
00:31:29.814 [main] INFO com.invest.application.EmailContentBuilder -- M=buildHtmlBody, I=Construindo corpo HTML do email, ticker=Nbewhdw, alertId=17
00:31:29.814 [main] INFO com.invest.application.ProcessAlertNotificationUseCaseImpl -- M=execute, I=Alert notification sent successfully, alertId=17
00:31:29.814 [main] WARN com.invest.application.ProcessAlertNotificationUseCaseImpl -- M=markAlertAsSent, W=Alert not found, alertId=17
00:31:29.814 [main] WARN com.invest.application.ProcessAlertNotificationUseCaseImpl -- M=deactivateAssociatedRules, W=Alert not found, alertId=17
00:31:29.815 [main] INFO com.invest.application.ProcessAlertNotificationUseCaseImpl -- M=execute, I=Processing alert notification, alertId=648, email=slebpiyiri@kfkytmtw.com
00:31:29.816 [main] INFO com.invest.application.EmailContentBuilder -- M=buildSubject, I=Construindo assunto do email, ticker=mitI
00:31:29.816 [main] INFO com.invest.application.EmailContentBuilder -- M=buildHtmlBody, I=Construindo corpo HTML do email, ticker=mitI, alertId=648
00:31:29.816 [main] INFO com.invest.application.ProcessAlertNotificationUseCaseImpl -- M=execute, I=Alert notification sent successfully, alertId=648
00:31:29.816 [main] WARN com.invest.application.ProcessAlertNotificationUseCaseImpl -- M=markAlertAsSent, W=Alert not found, alertId=648
00:31:29.816 [main] WARN com.invest.application.ProcessAlertNotificationUseCaseImpl -- M=deactivateAssociatedRules, W=Alert not found, alertId=648
00:31:29.817 [main] INFO com.invest.application.ProcessAlertNotificationUseCaseImpl -- M=execute, I=Processing alert notification, alertId=110112, email=aaa@aaa.com
00:31:29.817 [main] INFO com.invest.application.EmailContentBuilder -- M=buildSubject, I=Construindo assunto do email, ticker=AAA
00:31:29.817 [main] INFO com.invest.application.EmailContentBuilder -- M=buildHtmlBody, I=Construindo corpo HTML do email, ticker=AAA, alertId=110112
00:31:29.817 [main] INFO com.invest.application.ProcessAlertNotificationUseCaseImpl -- M=execute, I=Alert notification sent successfully, alertId=110112
00:31:29.817 [main] WARN com.invest.application.ProcessAlertNotificationUseCaseImpl -- M=markAlertAsSent, W=Alert not found, alertId=110112
00:31:29.817 [main] WARN com.invest.application.ProcessAlertNotificationUseCaseImpl -- M=deactivateAssociatedRules, W=Alert not found, alertId=110112
00:31:29.818 [main] INFO com.invest.application.ProcessAlertNotificationUseCaseImpl -- M=execute, I=Processing alert notification, alertId=2, email=aaa@aaa.com
00:31:29.818 [main] INFO com.invest.application.EmailContentBuilder -- M=buildSubject, I=Construindo assunto do email, ticker=AAA
00:31:29.818 [main] INFO com.invest.application.EmailContentBuilder -- M=buildHtmlBody, I=Construindo corpo HTML do email, ticker=AAA, alertId=2
00:31:29.818 [main] INFO com.invest.application.ProcessAlertNotificationUseCaseImpl -- M=execute, I=Alert notification sent successfully, alertId=2
00:31:29.818 [main] WARN com.invest.application.ProcessAlertNotificationUseCaseImpl -- M=markAlertAsSent, W=Alert not found, alertId=2
00:31:29.818 [main] WARN com.invest.application.ProcessAlertNotificationUseCaseImpl -- M=deactivateAssociatedRules, W=Alert not found, alertId=2
00:31:29.819 [main] INFO com.invest.application.ProcessAlertNotificationUseCaseImpl -- M=execute, I=Processing alert notification, alertId=11, email=aaa@aaa.com
00:31:29.819 [main] INFO com.invest.application.EmailContentBuilder -- M=buildSubject, I=Construindo assunto do email, ticker=AAA
00:31:29.819 [main] INFO com.invest.application.EmailContentBuilder -- M=buildHtmlBody, I=Construindo corpo HTML do email, ticker=AAA, alertId=11
00:31:29.819 [main] INFO com.invest.application.ProcessAlertNotificationUseCaseImpl -- M=execute, I=Alert notification sent successfully, alertId=11
00:31:29.819 [main] WARN com.invest.application.ProcessAlertNotificationUseCaseImpl -- M=markAlertAsSent, W=Alert not found, alertId=11
00:31:29.819 [main] WARN com.invest.application.ProcessAlertNotificationUseCaseImpl -- M=deactivateAssociatedRules, W=Alert not found, alertId=11
00:31:29.820 [main] INFO com.invest.application.ProcessAlertNotificationUseCaseImpl -- M=execute, I=Processing alert notification, alertId=2, email=aaa@aaa.com
00:31:29.820 [main] INFO com.invest.application.EmailContentBuilder -- M=buildSubject, I=Construindo assunto do email, ticker=AAA
00:31:29.820 [main] INFO com.invest.application.EmailContentBuilder -- M=buildHtmlBody, I=Construindo corpo HTML do email, ticker=AAA, alertId=2
00:31:29.820 [main] INFO com.invest.application.ProcessAlertNotificationUseCaseImpl -- M=execute, I=Alert notification sent successfully, alertId=2
00:31:29.820 [main] WARN com.invest.application.ProcessAlertNotificationUseCaseImpl -- M=markAlertAsSent, W=Alert not found, alertId=2
00:31:29.820 [main] WARN com.invest.application.ProcessAlertNotificationUseCaseImpl -- M=deactivateAssociatedRules, W=Alert not found, alertId=2
00:31:29.822 [main] INFO com.invest.application.ProcessAlertNotificationUseCaseImpl -- M=execute, I=Processing alert notification, alertId=88786, email=kjii@aycpn.com
00:31:29.822 [main] INFO com.invest.application.EmailContentBuilder -- M=buildSubject, I=Construindo assunto do email, ticker=1eEZMR
00:31:29.822 [main] INFO com.invest.application.EmailContentBuilder -- M=buildHtmlBody, I=Construindo corpo HTML do email, ticker=1eEZMR, alertId=88786
00:31:29.822 [main] INFO com.invest.application.ProcessAlertNotificationUseCaseImpl -- M=execute, I=Alert notification sent successfully, alertId=88786
00:31:29.822 [main] WARN com.invest.application.ProcessAlertNotificationUseCaseImpl -- M=markAlertAsSent, W=Alert not found, alertId=88786
00:31:29.822 [main] WARN com.invest.application.ProcessAlertNotificationUseCaseImpl -- M=deactivateAssociatedRules, W=Alert not found, alertId=88786
00:31:29.824 [main] INFO com.invest.application.ProcessAlertNotificationUseCaseImpl -- M=execute, I=Processing alert notification, alertId=621, email=rzlabbz@amwm.com
00:31:29.824 [main] INFO com.invest.application.EmailContentBuilder -- M=buildSubject, I=Construindo assunto do email, ticker=hnCfIv
00:31:29.824 [main] INFO com.invest.application.EmailContentBuilder -- M=buildHtmlBody, I=Construindo corpo HTML do email, ticker=hnCfIv, alertId=621
00:31:29.824 [main] INFO com.invest.application.ProcessAlertNotificationUseCaseImpl -- M=execute, I=Alert notification sent successfully, alertId=621
00:31:29.824 [main] WARN com.invest.application.ProcessAlertNotificationUseCaseImpl -- M=markAlertAsSent, W=Alert not found, alertId=621
00:31:29.824 [main] WARN com.invest.application.ProcessAlertNotificationUseCaseImpl -- M=deactivateAssociatedRules, W=Alert not found, alertId=621
00:31:29.826 [main] INFO com.invest.application.ProcessAlertNotificationUseCaseImpl -- M=execute, I=Processing alert notification, alertId=270, email=uprpgm@efchdv.com
00:31:29.826 [main] INFO com.invest.application.EmailContentBuilder -- M=buildSubject, I=Construindo assunto do email, ticker=STs2Rjm
00:31:29.826 [main] INFO com.invest.application.EmailContentBuilder -- M=buildHtmlBody, I=Construindo corpo HTML do email, ticker=STs2Rjm, alertId=270
00:31:29.826 [main] INFO com.invest.application.ProcessAlertNotificationUseCaseImpl -- M=execute, I=Alert notification sent successfully, alertId=270
00:31:29.826 [main] WARN com.invest.application.ProcessAlertNotificationUseCaseImpl -- M=markAlertAsSent, W=Alert not found, alertId=270
00:31:29.826 [main] WARN com.invest.application.ProcessAlertNotificationUseCaseImpl -- M=deactivateAssociatedRules, W=Alert not found, alertId=270
00:31:29.827 [main] INFO com.invest.application.ProcessAlertNotificationUseCaseImpl -- M=execute, I=Processing alert notification, alertId=191, email=ydfeglrpsc@bzedef.com
00:31:29.827 [main] INFO com.invest.application.EmailContentBuilder -- M=buildSubject, I=Construindo assunto do email, ticker=2XCHM
00:31:29.828 [main] INFO com.invest.application.EmailContentBuilder -- M=buildHtmlBody, I=Construindo corpo HTML do email, ticker=2XCHM, alertId=191
00:31:29.828 [main] INFO com.invest.application.ProcessAlertNotificationUseCaseImpl -- M=execute, I=Alert notification sent successfully, alertId=191
00:31:29.828 [main] WARN com.invest.application.ProcessAlertNotificationUseCaseImpl -- M=markAlertAsSent, W=Alert not found, alertId=191
00:31:29.828 [main] WARN com.invest.application.ProcessAlertNotificationUseCaseImpl -- M=deactivateAssociatedRules, W=Alert not found, alertId=191
00:31:29.829 [main] INFO com.invest.application.ProcessAlertNotificationUseCaseImpl -- M=execute, I=Processing alert notification, alertId=594107, email=xnbw@owmwx.com
00:31:29.829 [main] INFO com.invest.application.EmailContentBuilder -- M=buildSubject, I=Construindo assunto do email, ticker=XYq
00:31:29.829 [main] INFO com.invest.application.EmailContentBuilder -- M=buildHtmlBody, I=Construindo corpo HTML do email, ticker=XYq, alertId=594107
00:31:29.829 [main] INFO com.invest.application.ProcessAlertNotificationUseCaseImpl -- M=execute, I=Alert notification sent successfully, alertId=594107
00:31:29.830 [main] WARN com.invest.application.ProcessAlertNotificationUseCaseImpl -- M=markAlertAsSent, W=Alert not found, alertId=594107
00:31:29.830 [main] WARN com.invest.application.ProcessAlertNotificationUseCaseImpl -- M=deactivateAssociatedRules, W=Alert not found, alertId=594107
00:31:29.831 [main] INFO com.invest.application.ProcessAlertNotificationUseCaseImpl -- M=execute, I=Processing alert notification, alertId=54029, email=aaa@aaa.com
00:31:29.831 [main] INFO com.invest.application.EmailContentBuilder -- M=buildSubject, I=Construindo assunto do email, ticker=AAA
00:31:29.831 [main] INFO com.invest.application.EmailContentBuilder -- M=buildHtmlBody, I=Construindo corpo HTML do email, ticker=AAA, alertId=54029
00:31:29.831 [main] INFO com.invest.application.ProcessAlertNotificationUseCaseImpl -- M=execute, I=Alert notification sent successfully, alertId=54029
00:31:29.831 [main] WARN com.invest.application.ProcessAlertNotificationUseCaseImpl -- M=markAlertAsSent, W=Alert not found, alertId=54029
00:31:29.831 [main] WARN com.invest.application.ProcessAlertNotificationUseCaseImpl -- M=deactivateAssociatedRules, W=Alert not found, alertId=54029
00:31:29.832 [main] INFO com.invest.application.ProcessAlertNotificationUseCaseImpl -- M=execute, I=Processing alert notification, alertId=7, email=jvnjfpvj@vudj.com
00:31:29.832 [main] INFO com.invest.application.EmailContentBuilder -- M=buildSubject, I=Construindo assunto do email, ticker=fOwWGZ
00:31:29.832 [main] INFO com.invest.application.EmailContentBuilder -- M=buildHtmlBody, I=Construindo corpo HTML do email, ticker=fOwWGZ, alertId=7
00:31:29.833 [main] INFO com.invest.application.ProcessAlertNotificationUseCaseImpl -- M=execute, I=Alert notification sent successfully, alertId=7
00:31:29.833 [main] WARN com.invest.application.ProcessAlertNotificationUseCaseImpl -- M=markAlertAsSent, W=Alert not found, alertId=7
00:31:29.833 [main] WARN com.invest.application.ProcessAlertNotificationUseCaseImpl -- M=deactivateAssociatedRules, W=Alert not found, alertId=7
00:31:29.834 [main] INFO com.invest.application.ProcessAlertNotificationUseCaseImpl -- M=execute, I=Processing alert notification, alertId=3, email=bxomhu@pvfiofr.com
00:31:29.834 [main] INFO com.invest.application.EmailContentBuilder -- M=buildSubject, I=Construindo assunto do email, ticker=TnL40y
00:31:29.834 [main] INFO com.invest.application.EmailContentBuilder -- M=buildHtmlBody, I=Construindo corpo HTML do email, ticker=TnL40y, alertId=3
00:31:29.835 [main] INFO com.invest.application.ProcessAlertNotificationUseCaseImpl -- M=execute, I=Alert notification sent successfully, alertId=3
00:31:29.835 [main] WARN com.invest.application.ProcessAlertNotificationUseCaseImpl -- M=markAlertAsSent, W=Alert not found, alertId=3
00:31:29.835 [main] WARN com.invest.application.ProcessAlertNotificationUseCaseImpl -- M=deactivateAssociatedRules, W=Alert not found, alertId=3
00:31:29.836 [main] INFO com.invest.application.ProcessAlertNotificationUseCaseImpl -- M=execute, I=Processing alert notification, alertId=15, email=nmnbzmqoj@nexmdn.com
00:31:29.836 [main] INFO com.invest.application.EmailContentBuilder -- M=buildSubject, I=Construindo assunto do email, ticker=iBr
00:31:29.836 [main] INFO com.invest.application.EmailContentBuilder -- M=buildHtmlBody, I=Construindo corpo HTML do email, ticker=iBr, alertId=15
00:31:29.837 [main] INFO com.invest.application.ProcessAlertNotificationUseCaseImpl -- M=execute, I=Alert notification sent successfully, alertId=15
00:31:29.837 [main] WARN com.invest.application.ProcessAlertNotificationUseCaseImpl -- M=markAlertAsSent, W=Alert not found, alertId=15
00:31:29.837 [main] WARN com.invest.application.ProcessAlertNotificationUseCaseImpl -- M=deactivateAssociatedRules, W=Alert not found, alertId=15
00:31:29.838 [main] INFO com.invest.application.ProcessAlertNotificationUseCaseImpl -- M=execute, I=Processing alert notification, alertId=156614, email=aukpcyqd@hxwa.com
00:31:29.839 [main] INFO com.invest.application.EmailContentBuilder -- M=buildSubject, I=Construindo assunto do email, ticker=b46
00:31:29.839 [main] INFO com.invest.application.EmailContentBuilder -- M=buildHtmlBody, I=Construindo corpo HTML do email, ticker=b46, alertId=156614
00:31:29.839 [main] INFO com.invest.application.ProcessAlertNotificationUseCaseImpl -- M=execute, I=Alert notification sent successfully, alertId=156614
00:31:29.839 [main] WARN com.invest.application.ProcessAlertNotificationUseCaseImpl -- M=markAlertAsSent, W=Alert not found, alertId=156614
00:31:29.839 [main] WARN com.invest.application.ProcessAlertNotificationUseCaseImpl -- M=deactivateAssociatedRules, W=Alert not found, alertId=156614
00:31:29.839 [main] INFO com.invest.application.ProcessAlertNotificationUseCaseImpl -- M=execute, I=Processing alert notification, alertId=2, email=aaa@aaa.com
00:31:29.840 [main] INFO com.invest.application.EmailContentBuilder -- M=buildSubject, I=Construindo assunto do email, ticker=AAA
00:31:29.840 [main] INFO com.invest.application.EmailContentBuilder -- M=buildHtmlBody, I=Construindo corpo HTML do email, ticker=AAA, alertId=2
00:31:29.840 [main] INFO com.invest.application.ProcessAlertNotificationUseCaseImpl -- M=execute, I=Alert notification sent successfully, alertId=2
00:31:29.840 [main] WARN com.invest.application.ProcessAlertNotificationUseCaseImpl -- M=markAlertAsSent, W=Alert not found, alertId=2
00:31:29.840 [main] WARN com.invest.application.ProcessAlertNotificationUseCaseImpl -- M=deactivateAssociatedRules, W=Alert not found, alertId=2
00:31:29.841 [main] INFO com.invest.application.ProcessAlertNotificationUseCaseImpl -- M=execute, I=Processing alert notification, alertId=112, email=bgxcfsipb@vzaqz.com
00:31:29.842 [main] INFO com.invest.application.EmailContentBuilder -- M=buildSubject, I=Construindo assunto do email, ticker=H55W9MER
00:31:29.842 [main] INFO com.invest.application.EmailContentBuilder -- M=buildHtmlBody, I=Construindo corpo HTML do email, ticker=H55W9MER, alertId=112
00:31:29.842 [main] INFO com.invest.application.ProcessAlertNotificationUseCaseImpl -- M=execute, I=Alert notification sent successfully, alertId=112
00:31:29.842 [main] WARN com.invest.application.ProcessAlertNotificationUseCaseImpl -- M=markAlertAsSent, W=Alert not found, alertId=112
00:31:29.842 [main] WARN com.invest.application.ProcessAlertNotificationUseCaseImpl -- M=deactivateAssociatedRules, W=Alert not found, alertId=112
00:31:29.844 [main] INFO com.invest.application.ProcessAlertNotificationUseCaseImpl -- M=execute, I=Processing alert notification, alertId=833011, email=ediod@lfcu.com
00:31:29.844 [main] INFO com.invest.application.EmailContentBuilder -- M=buildSubject, I=Construindo assunto do email, ticker=uUbxPJUE
00:31:29.844 [main] INFO com.invest.application.EmailContentBuilder -- M=buildHtmlBody, I=Construindo corpo HTML do email, ticker=uUbxPJUE, alertId=833011
00:31:29.844 [main] INFO com.invest.application.ProcessAlertNotificationUseCaseImpl -- M=execute, I=Alert notification sent successfully, alertId=833011
00:31:29.844 [main] WARN com.invest.application.ProcessAlertNotificationUseCaseImpl -- M=markAlertAsSent, W=Alert not found, alertId=833011
00:31:29.844 [main] WARN com.invest.application.ProcessAlertNotificationUseCaseImpl -- M=deactivateAssociatedRules, W=Alert not found, alertId=833011
00:31:29.844 [main] INFO com.invest.application.ProcessAlertNotificationUseCaseImpl -- M=execute, I=Processing alert notification, alertId=2, email=aaa@aaa.com
00:31:29.844 [main] INFO com.invest.application.EmailContentBuilder -- M=buildSubject, I=Construindo assunto do email, ticker=AAA
00:31:29.844 [main] INFO com.invest.application.EmailContentBuilder -- M=buildHtmlBody, I=Construindo corpo HTML do email, ticker=AAA, alertId=2
00:31:29.845 [main] INFO com.invest.application.ProcessAlertNotificationUseCaseImpl -- M=execute, I=Alert notification sent successfully, alertId=2
00:31:29.845 [main] WARN com.invest.application.ProcessAlertNotificationUseCaseImpl -- M=markAlertAsSent, W=Alert not found, alertId=2
00:31:29.845 [main] WARN com.invest.application.ProcessAlertNotificationUseCaseImpl -- M=deactivateAssociatedRules, W=Alert not found, alertId=2
00:31:29.846 [main] INFO com.invest.application.ProcessAlertNotificationUseCaseImpl -- M=execute, I=Processing alert notification, alertId=13, email=nsisazqac@lsgfkg.com
00:31:29.846 [main] INFO com.invest.application.EmailContentBuilder -- M=buildSubject, I=Construindo assunto do email, ticker=Yqm
00:31:29.846 [main] INFO com.invest.application.EmailContentBuilder -- M=buildHtmlBody, I=Construindo corpo HTML do email, ticker=Yqm, alertId=13
00:31:29.846 [main] INFO com.invest.application.ProcessAlertNotificationUseCaseImpl -- M=execute, I=Alert notification sent successfully, alertId=13
00:31:29.846 [main] WARN com.invest.application.ProcessAlertNotificationUseCaseImpl -- M=markAlertAsSent, W=Alert not found, alertId=13
00:31:29.846 [main] WARN com.invest.application.ProcessAlertNotificationUseCaseImpl -- M=deactivateAssociatedRules, W=Alert not found, alertId=13
00:31:29.848 [main] INFO com.invest.application.ProcessAlertNotificationUseCaseImpl -- M=execute, I=Processing alert notification, alertId=7552, email=eybqx@ctvtzby.com
00:31:29.848 [main] INFO com.invest.application.EmailContentBuilder -- M=buildSubject, I=Construindo assunto do email, ticker=0mKXnrX
00:31:29.848 [main] INFO com.invest.application.EmailContentBuilder -- M=buildHtmlBody, I=Construindo corpo HTML do email, ticker=0mKXnrX, alertId=7552
00:31:29.848 [main] INFO com.invest.application.ProcessAlertNotificationUseCaseImpl -- M=execute, I=Alert notification sent successfully, alertId=7552
00:31:29.848 [main] WARN com.invest.application.ProcessAlertNotificationUseCaseImpl -- M=markAlertAsSent, W=Alert not found, alertId=7552
00:31:29.848 [main] WARN com.invest.application.ProcessAlertNotificationUseCaseImpl -- M=deactivateAssociatedRules, W=Alert not found, alertId=7552
00:31:29.850 [main] INFO com.invest.application.ProcessAlertNotificationUseCaseImpl -- M=execute, I=Processing alert notification, alertId=142888, email=vcafiwf@jxgghhp.com
00:31:29.850 [main] INFO com.invest.application.EmailContentBuilder -- M=buildSubject, I=Construindo assunto do email, ticker=htJKfvVz
00:31:29.850 [main] INFO com.invest.application.EmailContentBuilder -- M=buildHtmlBody, I=Construindo corpo HTML do email, ticker=htJKfvVz, alertId=142888
00:31:29.850 [main] INFO com.invest.application.ProcessAlertNotificationUseCaseImpl -- M=execute, I=Alert notification sent successfully, alertId=142888
00:31:29.850 [main] WARN com.invest.application.ProcessAlertNotificationUseCaseImpl -- M=markAlertAsSent, W=Alert not found, alertId=142888
00:31:29.850 [main] WARN com.invest.application.ProcessAlertNotificationUseCaseImpl -- M=deactivateAssociatedRules, W=Alert not found, alertId=142888
00:31:29.851 [main] INFO com.invest.application.ProcessAlertNotificationUseCaseImpl -- M=execute, I=Processing alert notification, alertId=2, email=aaa@aaa.com
00:31:29.851 [main] INFO com.invest.application.EmailContentBuilder -- M=buildSubject, I=Construindo assunto do email, ticker=AAA
00:31:29.851 [main] INFO com.invest.application.EmailContentBuilder -- M=buildHtmlBody, I=Construindo corpo HTML do email, ticker=AAA, alertId=2
00:31:29.851 [main] INFO com.invest.application.ProcessAlertNotificationUseCaseImpl -- M=execute, I=Alert notification sent successfully, alertId=2
00:31:29.851 [main] WARN com.invest.application.ProcessAlertNotificationUseCaseImpl -- M=markAlertAsSent, W=Alert not found, alertId=2
00:31:29.851 [main] WARN com.invest.application.ProcessAlertNotificationUseCaseImpl -- M=deactivateAssociatedRules, W=Alert not found, alertId=2
00:31:29.852 [main] INFO com.invest.application.ProcessAlertNotificationUseCaseImpl -- M=execute, I=Processing alert notification, alertId=47192, email=dxqovdn@txuubgj.com
00:31:29.852 [main] INFO com.invest.application.EmailContentBuilder -- M=buildSubject, I=Construindo assunto do email, ticker=nE9LBM
00:31:29.853 [main] INFO com.invest.application.EmailContentBuilder -- M=buildHtmlBody, I=Construindo corpo HTML do email, ticker=nE9LBM, alertId=47192
00:31:29.853 [main] INFO com.invest.application.ProcessAlertNotificationUseCaseImpl -- M=execute, I=Alert notification sent successfully, alertId=47192
00:31:29.853 [main] WARN com.invest.application.ProcessAlertNotificationUseCaseImpl -- M=markAlertAsSent, W=Alert not found, alertId=47192
00:31:29.853 [main] WARN com.invest.application.ProcessAlertNotificationUseCaseImpl -- M=deactivateAssociatedRules, W=Alert not found, alertId=47192
00:31:29.854 [main] INFO com.invest.application.ProcessAlertNotificationUseCaseImpl -- M=execute, I=Processing alert notification, alertId=97199, email=aaa@aaa.com
00:31:29.854 [main] INFO com.invest.application.EmailContentBuilder -- M=buildSubject, I=Construindo assunto do email, ticker=AAA
00:31:29.854 [main] INFO com.invest.application.EmailContentBuilder -- M=buildHtmlBody, I=Construindo corpo HTML do email, ticker=AAA, alertId=97199
00:31:29.854 [main] INFO com.invest.application.ProcessAlertNotificationUseCaseImpl -- M=execute, I=Alert notification sent successfully, alertId=97199
00:31:29.854 [main] WARN com.invest.application.ProcessAlertNotificationUseCaseImpl -- M=markAlertAsSent, W=Alert not found, alertId=97199
00:31:29.854 [main] WARN com.invest.application.ProcessAlertNotificationUseCaseImpl -- M=deactivateAssociatedRules, W=Alert not found, alertId=97199
00:31:29.856 [main] INFO com.invest.application.ProcessAlertNotificationUseCaseImpl -- M=execute, I=Processing alert notification, alertId=236945, email=lmbsiun@ocn.com
00:31:29.856 [main] INFO com.invest.application.EmailContentBuilder -- M=buildSubject, I=Construindo assunto do email, ticker=4xrRkLZf
00:31:29.856 [main] INFO com.invest.application.EmailContentBuilder -- M=buildHtmlBody, I=Construindo corpo HTML do email, ticker=4xrRkLZf, alertId=236945
00:31:29.856 [main] INFO com.invest.application.ProcessAlertNotificationUseCaseImpl -- M=execute, I=Alert notification sent successfully, alertId=236945
00:31:29.856 [main] WARN com.invest.application.ProcessAlertNotificationUseCaseImpl -- M=markAlertAsSent, W=Alert not found, alertId=236945
00:31:29.856 [main] WARN com.invest.application.ProcessAlertNotificationUseCaseImpl -- M=deactivateAssociatedRules, W=Alert not found, alertId=236945
00:31:29.858 [main] INFO com.invest.application.ProcessAlertNotificationUseCaseImpl -- M=execute, I=Processing alert notification, alertId=29047, email=hukmntf@wkqib.com
00:31:29.858 [main] INFO com.invest.application.EmailContentBuilder -- M=buildSubject, I=Construindo assunto do email, ticker=k9Pj0
00:31:29.858 [main] INFO com.invest.application.EmailContentBuilder -- M=buildHtmlBody, I=Construindo corpo HTML do email, ticker=k9Pj0, alertId=29047
00:31:29.858 [main] INFO com.invest.application.ProcessAlertNotificationUseCaseImpl -- M=execute, I=Alert notification sent successfully, alertId=29047
00:31:29.858 [main] WARN com.invest.application.ProcessAlertNotificationUseCaseImpl -- M=markAlertAsSent, W=Alert not found, alertId=29047
00:31:29.858 [main] WARN com.invest.application.ProcessAlertNotificationUseCaseImpl -- M=deactivateAssociatedRules, W=Alert not found, alertId=29047
00:31:29.859 [main] INFO com.invest.application.ProcessAlertNotificationUseCaseImpl -- M=execute, I=Processing alert notification, alertId=2, email=aaa@aaa.com
00:31:29.859 [main] INFO com.invest.application.EmailContentBuilder -- M=buildSubject, I=Construindo assunto do email, ticker=AAA
00:31:29.859 [main] INFO com.invest.application.EmailContentBuilder -- M=buildHtmlBody, I=Construindo corpo HTML do email, ticker=AAA, alertId=2
00:31:29.860 [main] INFO com.invest.application.ProcessAlertNotificationUseCaseImpl -- M=execute, I=Alert notification sent successfully, alertId=2
00:31:29.860 [main] WARN com.invest.application.ProcessAlertNotificationUseCaseImpl -- M=markAlertAsSent, W=Alert not found, alertId=2
00:31:29.860 [main] WARN com.invest.application.ProcessAlertNotificationUseCaseImpl -- M=deactivateAssociatedRules, W=Alert not found, alertId=2
00:31:29.861 [main] INFO com.invest.application.ProcessAlertNotificationUseCaseImpl -- M=execute, I=Processing alert notification, alertId=5616, email=kgbrypdph@djhoxkea.com
00:31:29.861 [main] INFO com.invest.application.EmailContentBuilder -- M=buildSubject, I=Construindo assunto do email, ticker=A46YywAC
00:31:29.861 [main] INFO com.invest.application.EmailContentBuilder -- M=buildHtmlBody, I=Construindo corpo HTML do email, ticker=A46YywAC, alertId=5616
00:31:29.862 [main] INFO com.invest.application.ProcessAlertNotificationUseCaseImpl -- M=execute, I=Alert notification sent successfully, alertId=5616
00:31:29.862 [main] WARN com.invest.application.ProcessAlertNotificationUseCaseImpl -- M=markAlertAsSent, W=Alert not found, alertId=5616
00:31:29.862 [main] WARN com.invest.application.ProcessAlertNotificationUseCaseImpl -- M=deactivateAssociatedRules, W=Alert not found, alertId=5616
00:31:29.863 [main] INFO com.invest.application.ProcessAlertNotificationUseCaseImpl -- M=execute, I=Processing alert notification, alertId=58, email=oeidjuvz@rgq.com
00:31:29.864 [main] INFO com.invest.application.EmailContentBuilder -- M=buildSubject, I=Construindo assunto do email, ticker=gVM
00:31:29.864 [main] INFO com.invest.application.EmailContentBuilder -- M=buildHtmlBody, I=Construindo corpo HTML do email, ticker=gVM, alertId=58
00:31:29.864 [main] INFO com.invest.application.ProcessAlertNotificationUseCaseImpl -- M=execute, I=Alert notification sent successfully, alertId=58
00:31:29.864 [main] WARN com.invest.application.ProcessAlertNotificationUseCaseImpl -- M=markAlertAsSent, W=Alert not found, alertId=58
00:31:29.864 [main] WARN com.invest.application.ProcessAlertNotificationUseCaseImpl -- M=deactivateAssociatedRules, W=Alert not found, alertId=58
00:31:29.865 [main] INFO com.invest.application.ProcessAlertNotificationUseCaseImpl -- M=execute, I=Processing alert notification, alertId=15821, email=hmwyjynwet@tcleq.com
00:31:29.865 [main] INFO com.invest.application.EmailContentBuilder -- M=buildSubject, I=Construindo assunto do email, ticker=6JzD
00:31:29.866 [main] INFO com.invest.application.EmailContentBuilder -- M=buildHtmlBody, I=Construindo corpo HTML do email, ticker=6JzD, alertId=15821
00:31:29.866 [main] INFO com.invest.application.ProcessAlertNotificationUseCaseImpl -- M=execute, I=Alert notification sent successfully, alertId=15821
00:31:29.866 [main] WARN com.invest.application.ProcessAlertNotificationUseCaseImpl -- M=markAlertAsSent, W=Alert not found, alertId=15821
00:31:29.866 [main] WARN com.invest.application.ProcessAlertNotificationUseCaseImpl -- M=deactivateAssociatedRules, W=Alert not found, alertId=15821
00:31:29.866 [main] INFO com.invest.application.ProcessAlertNotificationUseCaseImpl -- M=execute, I=Processing alert notification, alertId=2, email=aaa@aaa.com
00:31:29.866 [main] INFO com.invest.application.EmailContentBuilder -- M=buildSubject, I=Construindo assunto do email, ticker=AAA
00:31:29.866 [main] INFO com.invest.application.EmailContentBuilder -- M=buildHtmlBody, I=Construindo corpo HTML do email, ticker=AAA, alertId=2
00:31:29.866 [main] INFO com.invest.application.ProcessAlertNotificationUseCaseImpl -- M=execute, I=Alert notification sent successfully, alertId=2
00:31:29.866 [main] WARN com.invest.application.ProcessAlertNotificationUseCaseImpl -- M=markAlertAsSent, W=Alert not found, alertId=2
00:31:29.866 [main] WARN com.invest.application.ProcessAlertNotificationUseCaseImpl -- M=deactivateAssociatedRules, W=Alert not found, alertId=2
00:31:29.869 [main] INFO com.invest.application.ProcessAlertNotificationUseCaseImpl -- M=execute, I=Processing alert notification, alertId=23, email=tuencpcs@mhni.com
00:31:29.869 [main] INFO com.invest.application.EmailContentBuilder -- M=buildSubject, I=Construindo assunto do email, ticker=4yg
00:31:29.869 [main] INFO com.invest.application.EmailContentBuilder -- M=buildHtmlBody, I=Construindo corpo HTML do email, ticker=4yg, alertId=23
00:31:29.869 [main] INFO com.invest.application.ProcessAlertNotificationUseCaseImpl -- M=execute, I=Alert notification sent successfully, alertId=23
00:31:29.869 [main] WARN com.invest.application.ProcessAlertNotificationUseCaseImpl -- M=markAlertAsSent, W=Alert not found, alertId=23
00:31:29.869 [main] WARN com.invest.application.ProcessAlertNotificationUseCaseImpl -- M=deactivateAssociatedRules, W=Alert not found, alertId=23
00:31:29.870 [main] INFO com.invest.application.ProcessAlertNotificationUseCaseImpl -- M=execute, I=Processing alert notification, alertId=45, email=aaa@aaa.com
00:31:29.870 [main] INFO com.invest.application.EmailContentBuilder -- M=buildSubject, I=Construindo assunto do email, ticker=AAA
00:31:29.870 [main] INFO com.invest.application.EmailContentBuilder -- M=buildHtmlBody, I=Construindo corpo HTML do email, ticker=AAA, alertId=45
00:31:29.870 [main] INFO com.invest.application.ProcessAlertNotificationUseCaseImpl -- M=execute, I=Alert notification sent successfully, alertId=45
00:31:29.870 [main] WARN com.invest.application.ProcessAlertNotificationUseCaseImpl -- M=markAlertAsSent, W=Alert not found, alertId=45
00:31:29.871 [main] WARN com.invest.application.ProcessAlertNotificationUseCaseImpl -- M=deactivateAssociatedRules, W=Alert not found, alertId=45
00:31:29.872 [main] INFO com.invest.application.ProcessAlertNotificationUseCaseImpl -- M=execute, I=Processing alert notification, alertId=684, email=gkqfqhcb@minjobka.com
00:31:29.872 [main] INFO com.invest.application.EmailContentBuilder -- M=buildSubject, I=Construindo assunto do email, ticker=dST
00:31:29.872 [main] INFO com.invest.application.EmailContentBuilder -- M=buildHtmlBody, I=Construindo corpo HTML do email, ticker=dST, alertId=684
00:31:29.872 [main] INFO com.invest.application.ProcessAlertNotificationUseCaseImpl -- M=execute, I=Alert notification sent successfully, alertId=684
00:31:29.872 [main] WARN com.invest.application.ProcessAlertNotificationUseCaseImpl -- M=markAlertAsSent, W=Alert not found, alertId=684
00:31:29.872 [main] WARN com.invest.application.ProcessAlertNotificationUseCaseImpl -- M=deactivateAssociatedRules, W=Alert not found, alertId=684
00:31:29.872 [main] INFO com.invest.application.ProcessAlertNotificationUseCaseImpl -- M=execute, I=Processing alert notification, alertId=2, email=aaa@aaa.com
00:31:29.873 [main] INFO com.invest.application.EmailContentBuilder -- M=buildSubject, I=Construindo assunto do email, ticker=AAA
00:31:29.873 [main] INFO com.invest.application.EmailContentBuilder -- M=buildHtmlBody, I=Construindo corpo HTML do email, ticker=AAA, alertId=2
00:31:29.873 [main] INFO com.invest.application.ProcessAlertNotificationUseCaseImpl -- M=execute, I=Alert notification sent successfully, alertId=2
00:31:29.873 [main] WARN com.invest.application.ProcessAlertNotificationUseCaseImpl -- M=markAlertAsSent, W=Alert not found, alertId=2
00:31:29.873 [main] WARN com.invest.application.ProcessAlertNotificationUseCaseImpl -- M=deactivateAssociatedRules, W=Alert not found, alertId=2
00:31:29.873 [main] INFO com.invest.application.ProcessAlertNotificationUseCaseImpl -- M=execute, I=Processing alert notification, alertId=2, email=aaa@aaa.com
00:31:29.873 [main] INFO com.invest.application.EmailContentBuilder -- M=buildSubject, I=Construindo assunto do email, ticker=AAA
00:31:29.873 [main] INFO com.invest.application.EmailContentBuilder -- M=buildHtmlBody, I=Construindo corpo HTML do email, ticker=AAA, alertId=2
00:31:29.873 [main] INFO com.invest.application.ProcessAlertNotificationUseCaseImpl -- M=execute, I=Alert notification sent successfully, alertId=2
00:31:29.873 [main] WARN com.invest.application.ProcessAlertNotificationUseCaseImpl -- M=markAlertAsSent, W=Alert not found, alertId=2
00:31:29.873 [main] WARN com.invest.application.ProcessAlertNotificationUseCaseImpl -- M=deactivateAssociatedRules, W=Alert not found, alertId=2
00:31:29.875 [main] INFO com.invest.application.ProcessAlertNotificationUseCaseImpl -- M=execute, I=Processing alert notification, alertId=710, email=pcnbrtavhj@sktcns.com
00:31:29.875 [main] INFO com.invest.application.EmailContentBuilder -- M=buildSubject, I=Construindo assunto do email, ticker=qkE
00:31:29.875 [main] INFO com.invest.application.EmailContentBuilder -- M=buildHtmlBody, I=Construindo corpo HTML do email, ticker=qkE, alertId=710
00:31:29.875 [main] INFO com.invest.application.ProcessAlertNotificationUseCaseImpl -- M=execute, I=Alert notification sent successfully, alertId=710
00:31:29.875 [main] WARN com.invest.application.ProcessAlertNotificationUseCaseImpl -- M=markAlertAsSent, W=Alert not found, alertId=710
00:31:29.875 [main] WARN com.invest.application.ProcessAlertNotificationUseCaseImpl -- M=deactivateAssociatedRules, W=Alert not found, alertId=710
00:31:29.877 [main] INFO com.invest.application.ProcessAlertNotificationUseCaseImpl -- M=execute, I=Processing alert notification, alertId=62, email=jxhsykmr@xpfwv.com
00:31:29.877 [main] INFO com.invest.application.EmailContentBuilder -- M=buildSubject, I=Construindo assunto do email, ticker=aHgA2NV
00:31:29.877 [main] INFO com.invest.application.EmailContentBuilder -- M=buildHtmlBody, I=Construindo corpo HTML do email, ticker=aHgA2NV, alertId=62
00:31:29.877 [main] INFO com.invest.application.ProcessAlertNotificationUseCaseImpl -- M=execute, I=Alert notification sent successfully, alertId=62
00:31:29.877 [main] WARN com.invest.application.ProcessAlertNotificationUseCaseImpl -- M=markAlertAsSent, W=Alert not found, alertId=62
00:31:29.877 [main] WARN com.invest.application.ProcessAlertNotificationUseCaseImpl -- M=deactivateAssociatedRules, W=Alert not found, alertId=62
00:31:29.878 [main] INFO com.invest.application.ProcessAlertNotificationUseCaseImpl -- M=execute, I=Processing alert notification, alertId=5362, email=xmhdrjxivo@pkw.com
00:31:29.878 [main] INFO com.invest.application.EmailContentBuilder -- M=buildSubject, I=Construindo assunto do email, ticker=klwqj
00:31:29.878 [main] INFO com.invest.application.EmailContentBuilder -- M=buildHtmlBody, I=Construindo corpo HTML do email, ticker=klwqj, alertId=5362
00:31:29.879 [main] INFO com.invest.application.ProcessAlertNotificationUseCaseImpl -- M=execute, I=Alert notification sent successfully, alertId=5362
00:31:29.879 [main] WARN com.invest.application.ProcessAlertNotificationUseCaseImpl -- M=markAlertAsSent, W=Alert not found, alertId=5362
00:31:29.879 [main] WARN com.invest.application.ProcessAlertNotificationUseCaseImpl -- M=deactivateAssociatedRules, W=Alert not found, alertId=5362
00:31:29.879 [main] INFO com.invest.application.ProcessAlertNotificationUseCaseImpl -- M=execute, I=Processing alert notification, alertId=514, email=aaa@aaa.com
00:31:29.879 [main] INFO com.invest.application.EmailContentBuilder -- M=buildSubject, I=Construindo assunto do email, ticker=AAA
00:31:29.880 [main] INFO com.invest.application.EmailContentBuilder -- M=buildHtmlBody, I=Construindo corpo HTML do email, ticker=AAA, alertId=514
00:31:29.880 [main] INFO com.invest.application.ProcessAlertNotificationUseCaseImpl -- M=execute, I=Alert notification sent successfully, alertId=514
00:31:29.880 [main] WARN com.invest.application.ProcessAlertNotificationUseCaseImpl -- M=markAlertAsSent, W=Alert not found, alertId=514
00:31:29.880 [main] WARN com.invest.application.ProcessAlertNotificationUseCaseImpl -- M=deactivateAssociatedRules, W=Alert not found, alertId=514
00:31:29.881 [main] INFO com.invest.application.ProcessAlertNotificationUseCaseImpl -- M=execute, I=Processing alert notification, alertId=20, email=wtvhlgmpmq@lrspkzc.com
00:31:29.881 [main] INFO com.invest.application.EmailContentBuilder -- M=buildSubject, I=Construindo assunto do email, ticker=iNqp9te
00:31:29.881 [main] INFO com.invest.application.EmailContentBuilder -- M=buildHtmlBody, I=Construindo corpo HTML do email, ticker=iNqp9te, alertId=20
00:31:29.881 [main] INFO com.invest.application.ProcessAlertNotificationUseCaseImpl -- M=execute, I=Alert notification sent successfully, alertId=20
00:31:29.881 [main] WARN com.invest.application.ProcessAlertNotificationUseCaseImpl -- M=markAlertAsSent, W=Alert not found, alertId=20
00:31:29.881 [main] WARN com.invest.application.ProcessAlertNotificationUseCaseImpl -- M=deactivateAssociatedRules, W=Alert not found, alertId=20
00:31:29.882 [main] INFO com.invest.application.ProcessAlertNotificationUseCaseImpl -- M=execute, I=Processing alert notification, alertId=2, email=aaa@aaa.com
00:31:29.882 [main] INFO com.invest.application.EmailContentBuilder -- M=buildSubject, I=Construindo assunto do email, ticker=AAA
[...]
00:31:30.057 [main] INFO com.invest.application.EmailContentBuilder -- M=buildSubject, I=Construindo assunto do email, ticker=AAA
00:31:30.057 [main] INFO com.invest.application.EmailContentBuilder -- M=buildHtmlBody, I=Construindo corpo HTML do email, ticker=AAA, alertId=2
00:31:30.057 [main] INFO com.invest.application.ProcessAlertNotificationUseCaseImpl -- M=execute, I=Alert notification sent successfully, alertId=2
00:31:30.057 [main] INFO com.invest.application.ProcessAlertNotificationUseCaseImpl -- M=markAlertAsSent, I=Alert marked as sent, alertId=2, sentAt=2026-04-28T00:31:30.057170728
00:31:30.057 [main] INFO com.invest.application.ProcessAlertNotificationUseCaseImpl -- M=deactivateAssociatedRules, I=Rule deactivated after alert dispatch, ruleId=102, alertId=2
00:31:30.058 [main] INFO com.invest.application.ProcessAlertNotificationUseCaseImpl -- M=execute, I=Processing alert notification, alertId=5734, email=fbpkfawp@nnpq.com
00:31:30.058 [main] INFO com.invest.application.EmailContentBuilder -- M=buildSubject, I=Construindo assunto do email, ticker=hqze
00:31:30.058 [main] INFO com.invest.application.EmailContentBuilder -- M=buildHtmlBody, I=Construindo corpo HTML do email, ticker=hqze, alertId=5734
00:31:30.058 [main] INFO com.invest.application.ProcessAlertNotificationUseCaseImpl -- M=execute, I=Alert notification sent successfully, alertId=5734
00:31:30.058 [main] INFO com.invest.application.ProcessAlertNotificationUseCaseImpl -- M=markAlertAsSent, I=Alert marked as sent, alertId=5734, sentAt=2026-04-28T00:31:30.058195167
00:31:30.058 [main] INFO com.invest.application.ProcessAlertNotificationUseCaseImpl -- M=deactivateAssociatedRules, I=Rule deactivated after alert dispatch, ruleId=22, alertId=5734
00:31:30.058 [main] INFO com.invest.application.ProcessAlertNotificationUseCaseImpl -- M=deactivateAssociatedRules, I=Group rules deactivated after alert dispatch, groupId=62, alertId=5734, totalRules=2
00:31:30.067 [main] INFO com.invest.application.ProcessAlertNotificationUseCaseImpl -- M=execute, I=Processing alert notification, alertId=33, email=xszzpkfvwm@osnhfj.com
00:31:30.067 [main] INFO com.invest.application.EmailContentBuilder -- M=buildSubject, I=Construindo assunto do email, ticker=jjM27
00:31:30.067 [main] INFO com.invest.application.EmailContentBuilder -- M=buildHtmlBody, I=Construindo corpo HTML do email, ticker=jjM27, alertId=33
00:31:30.067 [main] INFO com.invest.application.ProcessAlertNotificationUseCaseImpl -- M=execute, I=Alert notification sent successfully, alertId=33
00:31:30.067 [main] INFO com.invest.application.ProcessAlertNotificationUseCaseImpl -- M=markAlertAsSent, I=Alert marked as sent, alertId=33, sentAt=2026-04-28T00:31:30.067207095
00:31:30.067 [main] INFO com.invest.application.ProcessAlertNotificationUseCaseImpl -- M=deactivateAssociatedRules, I=Rule deactivated after alert dispatch, ruleId=34, alertId=33
00:31:30.067 [main] INFO com.invest.application.ProcessAlertNotificationUseCaseImpl -- M=deactivateAssociatedRules, I=Group rules deactivated after alert dispatch, groupId=12625, alertId=33, totalRules=5
00:31:30.067 [main] INFO com.invest.application.ProcessAlertNotificationUseCaseImpl -- M=execute, I=Processing alert notification, alertId=2, email=aaa@aaa.com
00:31:30.067 [main] INFO com.invest.application.EmailContentBuilder -- M=buildSubject, I=Construindo assunto do email, ticker=AAA
00:31:30.067 [main] INFO com.invest.application.EmailContentBuilder -- M=buildHtmlBody, I=Construindo corpo HTML do email, ticker=AAA, alertId=2
00:31:30.067 [main] INFO com.invest.application.ProcessAlertNotificationUseCaseImpl -- M=execute, I=Alert notification sent successfully, alertId=2
00:31:30.067 [main] INFO com.invest.application.ProcessAlertNotificationUseCaseImpl -- M=markAlertAsSent, I=Alert marked as sent, alertId=2, sentAt=2026-04-28T00:31:30.067711270
00:31:30.067 [main] INFO com.invest.application.ProcessAlertNotificationUseCaseImpl -- M=deactivateAssociatedRules, I=Rule deactivated after alert dispatch, ruleId=102, alertId=2
00:31:30.067 [main] INFO com.invest.application.ProcessAlertNotificationUseCaseImpl -- M=execute, I=Processing alert notification, alertId=2, email=aaa@aaa.com
00:31:30.067 [main] INFO com.invest.application.EmailContentBuilder -- M=buildSubject, I=Construindo assunto do email, ticker=AAA
00:31:30.067 [main] INFO com.invest.application.EmailContentBuilder -- M=buildHtmlBody, I=Construindo corpo HTML do email, ticker=AAA, alertId=2
00:31:30.068 [main] INFO com.invest.application.ProcessAlertNotificationUseCaseImpl -- M=execute, I=Alert notification sent successfully, alertId=2
00:31:30.068 [main] INFO com.invest.application.ProcessAlertNotificationUseCaseImpl -- M=markAlertAsSent, I=Alert marked as sent, alertId=2, sentAt=2026-04-28T00:31:30.068035506
00:31:30.068 [main] INFO com.invest.application.ProcessAlertNotificationUseCaseImpl -- M=deactivateAssociatedRules, I=Rule deactivated after alert dispatch, ruleId=102, alertId=2
00:31:30.068 [main] INFO com.invest.application.ProcessAlertNotificationUseCaseImpl -- M=execute, I=Processing alert notification, alertId=2, email=aaa@aaa.com
00:31:30.068 [main] INFO com.invest.application.EmailContentBuilder -- M=buildSubject, I=Construindo assunto do email, ticker=AAA
00:31:30.068 [main] INFO com.invest.application.EmailContentBuilder -- M=buildHtmlBody, I=Construindo corpo HTML do email, ticker=AAA, alertId=2
00:31:30.068 [main] INFO com.invest.application.ProcessAlertNotificationUseCaseImpl -- M=execute, I=Alert notification sent successfully, alertId=2
00:31:30.068 [main] INFO com.invest.application.ProcessAlertNotificationUseCaseImpl -- M=markAlertAsSent, I=Alert marked as sent, alertId=2, sentAt=2026-04-28T00:31:30.068369212
00:31:30.068 [main] INFO com.invest.application.ProcessAlertNotificationUseCaseImpl -- M=deactivateAssociatedRules, I=Rule deactivated after alert dispatch, ruleId=102, alertId=2
00:31:30.069 [main] INFO com.invest.application.ProcessAlertNotificationUseCaseImpl -- M=execute, I=Processing alert notification, alertId=655382, email=aohzjhs@nbkotv.com
00:31:30.069 [main] INFO com.invest.application.EmailContentBuilder -- M=buildSubject, I=Construindo assunto do email, ticker=cqqGBqtd
00:31:30.069 [main] INFO com.invest.application.EmailContentBuilder -- M=buildHtmlBody, I=Construindo corpo HTML do email, ticker=cqqGBqtd, alertId=655382
00:31:30.069 [main] INFO com.invest.application.ProcessAlertNotificationUseCaseImpl -- M=execute, I=Alert notification sent successfully, alertId=655382
00:31:30.069 [main] INFO com.invest.application.ProcessAlertNotificationUseCaseImpl -- M=markAlertAsSent, I=Alert marked as sent, alertId=655382, sentAt=2026-04-28T00:31:30.069686432
00:31:30.069 [main] INFO com.invest.application.ProcessAlertNotificationUseCaseImpl -- M=deactivateAssociatedRules, I=Rule deactivated after alert dispatch, ruleId=1035, alertId=655382
00:31:30.069 [main] INFO com.invest.application.ProcessAlertNotificationUseCaseImpl -- M=deactivateAssociatedRules, I=Group rules deactivated after alert dispatch, groupId=16, alertId=655382, totalRules=2
00:31:30.072 [main] INFO com.invest.application.ProcessAlertNotificationUseCaseImpl -- M=execute, I=Processing alert notification, alertId=36361, email=vpks@zma.com
00:31:30.072 [main] INFO com.invest.application.EmailContentBuilder -- M=buildSubject, I=Construindo assunto do email, ticker=CQ9R
00:31:30.072 [main] INFO com.invest.application.EmailContentBuilder -- M=buildHtmlBody, I=Construindo corpo HTML do email, ticker=CQ9R, alertId=36361
00:31:30.072 [main] INFO com.invest.application.ProcessAlertNotificationUseCaseImpl -- M=execute, I=Alert notification sent successfully, alertId=36361
00:31:30.072 [main] INFO com.invest.application.ProcessAlertNotificationUseCaseImpl -- M=markAlertAsSent, I=Alert marked as sent, alertId=36361, sentAt=2026-04-28T00:31:30.072302599
00:31:30.072 [main] INFO com.invest.application.ProcessAlertNotificationUseCaseImpl -- M=deactivateAssociatedRules, I=Rule deactivated after alert dispatch, ruleId=9, alertId=36361
00:31:30.072 [main] INFO com.invest.application.ProcessAlertNotificationUseCaseImpl -- M=deactivateAssociatedRules, I=Group rules deactivated after alert dispatch, groupId=79730, alertId=36361, totalRules=4
00:31:30.074 [main] INFO com.invest.application.ProcessAlertNotificationUseCaseImpl -- M=execute, I=Processing alert notification, alertId=5883, email=qeiqnelw@dupkyg.com
00:31:30.074 [main] INFO com.invest.application.EmailContentBuilder -- M=buildSubject, I=Construindo assunto do email, ticker=2dytdP
00:31:30.074 [main] INFO com.invest.application.EmailContentBuilder -- M=buildHtmlBody, I=Construindo corpo HTML do email, ticker=2dytdP, alertId=5883
00:31:30.074 [main] INFO com.invest.application.ProcessAlertNotificationUseCaseImpl -- M=execute, I=Alert notification sent successfully, alertId=5883
00:31:30.074 [main] INFO com.invest.application.ProcessAlertNotificationUseCaseImpl -- M=markAlertAsSent, I=Alert marked as sent, alertId=5883, sentAt=2026-04-28T00:31:30.074562368
00:31:30.074 [main] INFO com.invest.application.ProcessAlertNotificationUseCaseImpl -- M=deactivateAssociatedRules, I=Rule deactivated after alert dispatch, ruleId=2545, alertId=5883
00:31:30.074 [main] INFO com.invest.application.ProcessAlertNotificationUseCaseImpl -- M=deactivateAssociatedRules, I=Group rules deactivated after alert dispatch, groupId=3, alertId=5883, totalRules=2
00:31:30.076 [main] INFO com.invest.application.ProcessAlertNotificationUseCaseImpl -- M=execute, I=Processing alert notification, alertId=79, email=aaa@aaa.com
00:31:30.076 [main] INFO com.invest.application.EmailContentBuilder -- M=buildSubject, I=Construindo assunto do email, ticker=AAA
00:31:30.076 [main] INFO com.invest.application.EmailContentBuilder -- M=buildHtmlBody, I=Construindo corpo HTML do email, ticker=AAA, alertId=79
00:31:30.076 [main] INFO com.invest.application.ProcessAlertNotificationUseCaseImpl -- M=execute, I=Alert notification sent successfully, alertId=79
00:31:30.076 [main] INFO com.invest.application.ProcessAlertNotificationUseCaseImpl -- M=markAlertAsSent, I=Alert marked as sent, alertId=79, sentAt=2026-04-28T00:31:30.076298250
00:31:30.076 [main] INFO com.invest.application.ProcessAlertNotificationUseCaseImpl -- M=deactivateAssociatedRules, I=Rule deactivated after alert dispatch, ruleId=296701, alertId=79
00:31:30.076 [main] INFO com.invest.application.ProcessAlertNotificationUseCaseImpl -- M=deactivateAssociatedRules, I=Group rules deactivated after alert dispatch, groupId=1000000, alertId=79, totalRules=2
00:31:30.076 [main] INFO com.invest.application.ProcessAlertNotificationUseCaseImpl -- M=execute, I=Processing alert notification, alertId=2, email=aaa@aaa.com
00:31:30.077 [main] INFO com.invest.application.EmailContentBuilder -- M=buildSubject, I=Construindo assunto do email, ticker=AAA
00:31:30.077 [main] INFO com.invest.application.EmailContentBuilder -- M=buildHtmlBody, I=Construindo corpo HTML do email, ticker=AAA, alertId=2
00:31:30.077 [main] INFO com.invest.application.ProcessAlertNotificationUseCaseImpl -- M=execute, I=Alert notification sent successfully, alertId=2
00:31:30.077 [main] INFO com.invest.application.ProcessAlertNotificationUseCaseImpl -- M=markAlertAsSent, I=Alert marked as sent, alertId=2, sentAt=2026-04-28T00:31:30.077138662
00:31:30.077 [main] INFO com.invest.application.ProcessAlertNotificationUseCaseImpl -- M=deactivateAssociatedRules, I=Rule deactivated after alert dispatch, ruleId=102, alertId=2
00:31:30.077 [main] INFO com.invest.application.ProcessAlertNotificationUseCaseImpl -- M=execute, I=Processing alert notification, alertId=2, email=aaa@aaa.com
00:31:30.077 [main] INFO com.invest.application.EmailContentBuilder -- M=buildSubject, I=Construindo assunto do email, ticker=AAA
00:31:30.077 [main] INFO com.invest.application.EmailContentBuilder -- M=buildHtmlBody, I=Construindo corpo HTML do email, ticker=AAA, alertId=2
00:31:30.077 [main] INFO com.invest.application.ProcessAlertNotificationUseCaseImpl -- M=execute, I=Alert notification sent successfully, alertId=2
00:31:30.077 [main] INFO com.invest.application.ProcessAlertNotificationUseCaseImpl -- M=markAlertAsSent, I=Alert marked as sent, alertId=2, sentAt=2026-04-28T00:31:30.077780535
00:31:30.077 [main] INFO com.invest.application.ProcessAlertNotificationUseCaseImpl -- M=deactivateAssociatedRules, I=Rule deactivated after alert dispatch, ruleId=102, alertId=2
00:31:30.079 [main] INFO com.invest.application.ProcessAlertNotificationUseCaseImpl -- M=execute, I=Processing alert notification, alertId=10323, email=mmw@glmw.com
00:31:30.079 [main] INFO com.invest.application.EmailContentBuilder -- M=buildSubject, I=Construindo assunto do email, ticker=VYLn
00:31:30.079 [main] INFO com.invest.application.EmailContentBuilder -- M=buildHtmlBody, I=Construindo corpo HTML do email, ticker=VYLn, alertId=10323
00:31:30.079 [main] INFO com.invest.application.ProcessAlertNotificationUseCaseImpl -- M=execute, I=Alert notification sent successfully, alertId=10323
00:31:30.079 [main] INFO com.invest.application.ProcessAlertNotificationUseCaseImpl -- M=markAlertAsSent, I=Alert marked as sent, alertId=10323, sentAt=2026-04-28T00:31:30.079499386
00:31:30.079 [main] INFO com.invest.application.ProcessAlertNotificationUseCaseImpl -- M=deactivateAssociatedRules, I=Rule deactivated after alert dispatch, ruleId=492448, alertId=10323
00:31:30.079 [main] INFO com.invest.application.ProcessAlertNotificationUseCaseImpl -- M=deactivateAssociatedRules, I=Group rules deactivated after alert dispatch, groupId=13884, alertId=10323, totalRules=4
00:31:30.081 [main] INFO com.invest.application.ProcessAlertNotificationUseCaseImpl -- M=execute, I=Processing alert notification, alertId=16427, email=avhi@rcapvkct.com
00:31:30.081 [main] INFO com.invest.application.EmailContentBuilder -- M=buildSubject, I=Construindo assunto do email, ticker=JMnASFm
00:31:30.081 [main] INFO com.invest.application.EmailContentBuilder -- M=buildHtmlBody, I=Construindo corpo HTML do email, ticker=JMnASFm, alertId=16427
00:31:30.081 [main] INFO com.invest.application.ProcessAlertNotificationUseCaseImpl -- M=execute, I=Alert notification sent successfully, alertId=16427
00:31:30.081 [main] INFO com.invest.application.ProcessAlertNotificationUseCaseImpl -- M=markAlertAsSent, I=Alert marked as sent, alertId=16427, sentAt=2026-04-28T00:31:30.081646319
00:31:30.081 [main] INFO com.invest.application.ProcessAlertNotificationUseCaseImpl -- M=deactivateAssociatedRules, I=Rule deactivated after alert dispatch, ruleId=134, alertId=16427
00:31:30.081 [main] INFO com.invest.application.ProcessAlertNotificationUseCaseImpl -- M=deactivateAssociatedRules, I=Group rules deactivated after alert dispatch, groupId=1, alertId=16427, totalRules=4
00:31:30.082 [main] INFO com.invest.application.ProcessAlertNotificationUseCaseImpl -- M=execute, I=Processing alert notification, alertId=2, email=aaa@aaa.com
00:31:30.082 [main] INFO com.invest.application.EmailContentBuilder -- M=buildSubject, I=Construindo assunto do email, ticker=AAA
00:31:30.082 [main] INFO com.invest.application.EmailContentBuilder -- M=buildHtmlBody, I=Construindo corpo HTML do email, ticker=AAA, alertId=2
00:31:30.082 [main] INFO com.invest.application.ProcessAlertNotificationUseCaseImpl -- M=execute, I=Alert notification sent successfully, alertId=2
00:31:30.082 [main] INFO com.invest.application.ProcessAlertNotificationUseCaseImpl -- M=markAlertAsSent, I=Alert marked as sent, alertId=2, sentAt=2026-04-28T00:31:30.082466161
00:31:30.082 [main] INFO com.invest.application.ProcessAlertNotificationUseCaseImpl -- M=deactivateAssociatedRules, I=Rule deactivated after alert dispatch, ruleId=102, alertId=2
00:31:30.082 [main] INFO com.invest.application.ProcessAlertNotificationUseCaseImpl -- M=execute, I=Processing alert notification, alertId=2, email=aaa@aaa.com
00:31:30.082 [main] INFO com.invest.application.EmailContentBuilder -- M=buildSubject, I=Construindo assunto do email, ticker=AAA
00:31:30.082 [main] INFO com.invest.application.EmailContentBuilder -- M=buildHtmlBody, I=Construindo corpo HTML do email, ticker=AAA, alertId=2
00:31:30.083 [main] INFO com.invest.application.ProcessAlertNotificationUseCaseImpl -- M=execute, I=Alert notification sent successfully, alertId=2
00:31:30.083 [main] INFO com.invest.application.ProcessAlertNotificationUseCaseImpl -- M=markAlertAsSent, I=Alert marked as sent, alertId=2, sentAt=2026-04-28T00:31:30.083080105
00:31:30.083 [main] INFO com.invest.application.ProcessAlertNotificationUseCaseImpl -- M=deactivateAssociatedRules, I=Rule deactivated after alert dispatch, ruleId=102, alertId=2
00:31:30.084 [main] INFO com.invest.application.ProcessAlertNotificationUseCaseImpl -- M=execute, I=Processing alert notification, alertId=40, email=hjmhirt@grnejqce.com
00:31:30.084 [main] INFO com.invest.application.EmailContentBuilder -- M=buildSubject, I=Construindo assunto do email, ticker=XJQq6
00:31:30.084 [main] INFO com.invest.application.EmailContentBuilder -- M=buildHtmlBody, I=Construindo corpo HTML do email, ticker=XJQq6, alertId=40
00:31:30.084 [main] INFO com.invest.application.ProcessAlertNotificationUseCaseImpl -- M=execute, I=Alert notification sent successfully, alertId=40
00:31:30.084 [main] INFO com.invest.application.ProcessAlertNotificationUseCaseImpl -- M=markAlertAsSent, I=Alert marked as sent, alertId=40, sentAt=2026-04-28T00:31:30.084799341
00:31:30.084 [main] INFO com.invest.application.ProcessAlertNotificationUseCaseImpl -- M=deactivateAssociatedRules, I=Rule deactivated after alert dispatch, ruleId=34634, alertId=40
00:31:30.084 [main] INFO com.invest.application.ProcessAlertNotificationUseCaseImpl -- M=deactivateAssociatedRules, I=Group rules deactivated after alert dispatch, groupId=53880, alertId=40, totalRules=2
00:31:30.085 [main] INFO com.invest.application.ProcessAlertNotificationUseCaseImpl -- M=execute, I=Processing alert notification, alertId=2, email=aaa@aaa.com
00:31:30.085 [main] INFO com.invest.application.EmailContentBuilder -- M=buildSubject, I=Construindo assunto do email, ticker=AAA
00:31:30.085 [main] INFO com.invest.application.EmailContentBuilder -- M=buildHtmlBody, I=Construindo corpo HTML do email, ticker=AAA, alertId=2
00:31:30.085 [main] INFO com.invest.application.ProcessAlertNotificationUseCaseImpl -- M=execute, I=Alert notification sent successfully, alertId=2
00:31:30.085 [main] INFO com.invest.application.ProcessAlertNotificationUseCaseImpl -- M=markAlertAsSent, I=Alert marked as sent, alertId=2, sentAt=2026-04-28T00:31:30.085471475
00:31:30.085 [main] INFO com.invest.application.ProcessAlertNotificationUseCaseImpl -- M=deactivateAssociatedRules, I=Rule deactivated after alert dispatch, ruleId=102, alertId=2
timestamp = 2026-04-28T00:31:30.086105267, ProcessAlertNotificationUseCaseProperties:deactivatesRulesAssociatedWithAlert = 
                              |-----------------------jqwik-----------------------
tries = 100                   | # of calls to property
checks = 100                  | # of not rejected calls
generation = RANDOMIZED       | parameters are randomly generated
after-failure = SAMPLE_FIRST  | try previously failed sample, then previous seed
when-fixed-seed = ALLOW       | fixing the random seed is allowed
edge-cases#mode = MIXIN       | edge cases are mixed in
edge-cases#total = 100        | # of all combined edge cases
edge-cases#tried = 14         | # of edge cases tried in current run
seed = -847570908023103463    | random seed to reproduce generated values


]]></system-out>
    <system-err><![CDATA[abr. 28, 2026 12:31:29 AM net.jqwik.engine.properties.RandomizedShrinkablesGenerator logEdgeCasesOutnumberTriesIfApplicable
INFORMAÇÕES: Edge case generation exceeds number of tries. Stopped after 100 generated cases.
]]></system-err>
  </testcase>
</testsuite>