<?xml version="1.0" encoding="UTF-8"?>
<testsuite xmlns:xsi="http://www.w3.org/2001/XMLSchema-instance" xsi:noNamespaceSchemaLocation="https://maven.apache.org/surefire/maven-surefire-plugin/xsd/surefire-test-report.xsd" version="3.0.2" name="com.invest.application.EmailContentBuilderProperties" time="0.67" tests="3" errors="0" skipped="0" failures="0" flakes="0">
  <properties>
[...]
</properties>
  <testcase name="groupRuleEmailContainsGroupNameAndAllConditions" classname="EmailContentBuilderProperties" time="0.259">
    <system-out><![CDATA[00:31:12.457 [main] INFO com.invest.application.EmailContentBuilder -- M=buildBody, I=Construindo corpo do email, ticker=ElL, alertId=121
00:31:12.458 [main] INFO com.invest.application.EmailContentBuilder -- M=buildBody, I=Construindo corpo do email, ticker=ZsevOhm0, alertId=708038
00:31:12.458 [main] INFO com.invest.application.EmailContentBuilder -- M=buildBody, I=Construindo corpo do email, ticker=6H4Cxg, alertId=5876
00:31:12.458 [main] INFO com.invest.application.EmailContentBuilder -- M=buildBody, I=Construindo corpo do email, ticker=FkZVg, alertId=84458
00:31:12.458 [main] INFO com.invest.application.EmailContentBuilder -- M=buildBody, I=Construindo corpo do email, ticker=AAA, alertId=2
00:31:12.458 [main] INFO com.invest.application.EmailContentBuilder -- M=buildBody, I=Construindo corpo do email, ticker=7O2EIyB, alertId=4260
00:31:12.458 [main] INFO com.invest.application.EmailContentBuilder -- M=buildBody, I=Construindo corpo do email, ticker=gHNSyl, alertId=26
00:31:12.459 [main] INFO com.invest.application.EmailContentBuilder -- M=buildBody, I=Construindo corpo do email, ticker=xgzVtR, alertId=6705
00:31:12.459 [main] INFO com.invest.application.EmailContentBuilder -- M=buildBody, I=Construindo corpo do email, ticker=6Ju, alertId=76
00:31:12.459 [main] INFO com.invest.application.EmailContentBuilder -- M=buildBody, I=Construindo corpo do email, ticker=c5PQ, alertId=71353
00:31:12.459 [main] INFO com.invest.application.EmailContentBuilder -- M=buildBody, I=Construindo corpo do email, ticker=DnS, alertId=461144
00:31:12.459 [main] INFO com.invest.application.EmailContentBuilder -- M=buildBody, I=Construindo corpo do email, ticker=AAA, alertId=2
00:31:12.459 [main] INFO com.invest.application.EmailContentBuilder -- M=buildBody, I=Construindo corpo do email, ticker=AAA, alertId=2
00:31:12.459 [main] INFO com.invest.application.EmailContentBuilder -- M=buildBody, I=Construindo corpo do email, ticker=AAA, alertId=2
00:31:12.459 [main] INFO com.invest.application.EmailContentBuilder -- M=buildBody, I=Construindo corpo do email, ticker=ZsBq86h, alertId=992041
00:31:12.459 [main] INFO com.invest.application.EmailContentBuilder -- M=buildBody, I=Construindo corpo do email, ticker=jxvDYg, alertId=17517
00:31:12.459 [main] INFO com.invest.application.EmailContentBuilder -- M=buildBody, I=Construindo corpo do email, ticker=AAA, alertId=2
00:31:12.459 [main] INFO com.invest.application.EmailContentBuilder -- M=buildBody, I=Construindo corpo do email, ticker=VofwYB0, alertId=132450
00:31:12.460 [main] INFO com.invest.application.EmailContentBuilder -- M=buildBody, I=Construindo corpo do email, ticker=UX2, alertId=41531
00:31:12.460 [main] INFO com.invest.application.EmailContentBuilder -- M=buildBody, I=Construindo corpo do email, ticker=EFhS5, alertId=4847
00:31:12.460 [main] INFO com.invest.application.EmailContentBuilder -- M=buildBody, I=Construindo corpo do email, ticker=AAA, alertId=2
00:31:12.460 [main] INFO com.invest.application.EmailContentBuilder -- M=buildBody, I=Construindo corpo do email, ticker=yDpgmf7e, alertId=16700
00:31:12.460 [main] INFO com.invest.application.EmailContentBuilder -- M=buildBody, I=Construindo corpo do email, ticker=AAA, alertId=2
00:31:12.460 [main] INFO com.invest.application.EmailContentBuilder -- M=buildBody, I=Construindo corpo do email, ticker=uglDFjo, alertId=31
00:31:12.460 [main] INFO com.invest.application.EmailContentBuilder -- M=buildBody, I=Construindo corpo do email, ticker=AAA, alertId=2
00:31:12.460 [main] INFO com.invest.application.EmailContentBuilder -- M=buildBody, I=Construindo corpo do email, ticker=AAA, alertId=2
00:31:12.460 [main] INFO com.invest.application.EmailContentBuilder -- M=buildBody, I=Construindo corpo do email, ticker=bcnBWp, alertId=26790
00:31:12.460 [main] INFO com.invest.application.EmailContentBuilder -- M=buildBody, I=Construindo corpo do email, ticker=AAA, alertId=2
00:31:12.460 [main] INFO com.invest.application.EmailContentBuilder -- M=buildBody, I=Construindo corpo do email, ticker=i1k9dD, alertId=51696
00:31:12.461 [main] INFO com.invest.application.EmailContentBuilder -- M=buildBody, I=Construindo corpo do email, ticker=ebaT, alertId=510
00:31:12.461 [main] INFO com.invest.application.EmailContentBuilder -- M=buildBody, I=Construindo corpo do email, ticker=7mxN, alertId=110450
00:31:12.461 [main] INFO com.invest.application.EmailContentBuilder -- M=buildBody, I=Construindo corpo do email, ticker=AAA, alertId=2
00:31:12.461 [main] INFO com.invest.application.EmailContentBuilder -- M=buildBody, I=Construindo corpo do email, ticker=78e, alertId=27984
00:31:12.461 [main] INFO com.invest.application.EmailContentBuilder -- M=buildBody, I=Construindo corpo do email, ticker=AAA, alertId=2
00:31:12.461 [main] INFO com.invest.application.EmailContentBuilder -- M=buildBody, I=Construindo corpo do email, ticker=AAA, alertId=2
00:31:12.461 [main] INFO com.invest.application.EmailContentBuilder -- M=buildBody, I=Construindo corpo do email, ticker=OgnjiKH, alertId=248
00:31:12.462 [main] INFO com.invest.application.EmailContentBuilder -- M=buildBody, I=Construindo corpo do email, ticker=Jq4fmKGO, alertId=455
00:31:12.462 [main] INFO com.invest.application.EmailContentBuilder -- M=buildBody, I=Construindo corpo do email, ticker=nby, alertId=1623
00:31:12.462 [main] INFO com.invest.application.EmailContentBuilder -- M=buildBody, I=Construindo corpo do email, ticker=AAA, alertId=2
00:31:12.462 [main] INFO com.invest.application.EmailContentBuilder -- M=buildBody, I=Construindo corpo do email, ticker=UrQUYPH8, alertId=506
00:31:12.462 [main] INFO com.invest.application.EmailContentBuilder -- M=buildBody, I=Construindo corpo do email, ticker=dQb5, alertId=604
00:31:12.463 [main] INFO com.invest.application.EmailContentBuilder -- M=buildBody, I=Construindo corpo do email, ticker=uq5, alertId=2
00:31:12.463 [main] INFO com.invest.application.EmailContentBuilder -- M=buildBody, I=Construindo corpo do email, ticker=abPnako, alertId=458
00:31:12.463 [main] INFO com.invest.application.EmailContentBuilder -- M=buildBody, I=Construindo corpo do email, ticker=Dvzlf4, alertId=11
00:31:12.463 [main] INFO com.invest.application.EmailContentBuilder -- M=buildBody, I=Construindo corpo do email, ticker=0YI, alertId=1760
00:31:12.463 [main] INFO com.invest.application.EmailContentBuilder -- M=buildBody, I=Construindo corpo do email, ticker=AAA, alertId=2
00:31:12.464 [main] INFO com.invest.application.EmailContentBuilder -- M=buildBody, I=Construindo corpo do email, ticker=Lu7, alertId=1604
00:31:12.464 [main] INFO com.invest.application.EmailContentBuilder -- M=buildBody, I=Construindo corpo do email, ticker=6Y4W, alertId=10
00:31:12.464 [main] INFO com.invest.application.EmailContentBuilder -- M=buildBody, I=Construindo corpo do email, ticker=ggksc, alertId=14
00:31:12.464 [main] INFO com.invest.application.EmailContentBuilder -- M=buildBody, I=Construindo corpo do email, ticker=FunohSg2, alertId=464211
00:31:12.464 [main] INFO com.invest.application.EmailContentBuilder -- M=buildBody, I=Construindo corpo do email, ticker=AAA, alertId=2
00:31:12.464 [main] INFO com.invest.application.EmailContentBuilder -- M=buildBody, I=Construindo corpo do email, ticker=WNkH0, alertId=923148
00:31:12.464 [main] INFO com.invest.application.EmailContentBuilder -- M=buildBody, I=Construindo corpo do email, ticker=AAA, alertId=2
00:31:12.464 [main] INFO com.invest.application.EmailContentBuilder -- M=buildBody, I=Construindo corpo do email, ticker=AAA, alertId=2
00:31:12.464 [main] INFO com.invest.application.EmailContentBuilder -- M=buildBody, I=Construindo corpo do email, ticker=AAA, alertId=2
00:31:12.464 [main] INFO com.invest.application.EmailContentBuilder -- M=buildBody, I=Construindo corpo do email, ticker=AAA, alertId=2
00:31:12.465 [main] INFO com.invest.application.EmailContentBuilder -- M=buildBody, I=Construindo corpo do email, ticker=F4c, alertId=23
00:31:12.465 [main] INFO com.invest.application.EmailContentBuilder -- M=buildBody, I=Construindo corpo do email, ticker=zirfznM, alertId=3
00:31:12.465 [main] INFO com.invest.application.EmailContentBuilder -- M=buildBody, I=Construindo corpo do email, ticker=orI16hiN, alertId=5152
00:31:12.465 [main] INFO com.invest.application.EmailContentBuilder -- M=buildBody, I=Construindo corpo do email, ticker=LmXgbBBt, alertId=114416
00:31:12.465 [main] INFO com.invest.application.EmailContentBuilder -- M=buildBody, I=Construindo corpo do email, ticker=ml0gICyN, alertId=17
00:31:12.465 [main] INFO com.invest.application.EmailContentBuilder -- M=buildBody, I=Construindo corpo do email, ticker=AAA, alertId=2
00:31:12.465 [main] INFO com.invest.application.EmailContentBuilder -- M=buildBody, I=Construindo corpo do email, ticker=9VXfM, alertId=795
00:31:12.465 [main] INFO com.invest.application.EmailContentBuilder -- M=buildBody, I=Construindo corpo do email, ticker=AAA, alertId=2
00:31:12.466 [main] INFO com.invest.application.EmailContentBuilder -- M=buildBody, I=Construindo corpo do email, ticker=aej4t1, alertId=7922
00:31:12.466 [main] INFO com.invest.application.EmailContentBuilder -- M=buildBody, I=Construindo corpo do email, ticker=AAA, alertId=2
00:31:12.466 [main] INFO com.invest.application.EmailContentBuilder -- M=buildBody, I=Construindo corpo do email, ticker=AAA, alertId=2
00:31:12.466 [main] INFO com.invest.application.EmailContentBuilder -- M=buildBody, I=Construindo corpo do email, ticker=tfeFZR, alertId=5601
00:31:12.466 [main] INFO com.invest.application.EmailContentBuilder -- M=buildBody, I=Construindo corpo do email, ticker=EHtX, alertId=30
00:31:12.466 [main] INFO com.invest.application.EmailContentBuilder -- M=buildBody, I=Construindo corpo do email, ticker=z99kaQ, alertId=603
00:31:12.466 [main] INFO com.invest.application.EmailContentBuilder -- M=buildBody, I=Construindo corpo do email, ticker=SnLzGd, alertId=89301
00:31:12.466 [main] INFO com.invest.application.EmailContentBuilder -- M=buildBody, I=Construindo corpo do email, ticker=AAA, alertId=2
00:31:12.466 [main] INFO com.invest.application.EmailContentBuilder -- M=buildBody, I=Construindo corpo do email, ticker=q1LS, alertId=935927
00:31:12.466 [main] INFO com.invest.application.EmailContentBuilder -- M=buildBody, I=Construindo corpo do email, ticker=AAA, alertId=2
00:31:12.466 [main] INFO com.invest.application.EmailContentBuilder -- M=buildBody, I=Construindo corpo do email, ticker=AAA, alertId=2
00:31:12.467 [main] INFO com.invest.application.EmailContentBuilder -- M=buildBody, I=Construindo corpo do email, ticker=Mf6CW0f, alertId=149995
00:31:12.467 [main] INFO com.invest.application.EmailContentBuilder -- M=buildBody, I=Construindo corpo do email, ticker=nLx8, alertId=14
00:31:12.467 [main] INFO com.invest.application.EmailContentBuilder -- M=buildBody, I=Construindo corpo do email, ticker=rgyFDIv, alertId=785210
00:31:12.467 [main] INFO com.invest.application.EmailContentBuilder -- M=buildBody, I=Construindo corpo do email, ticker=AAA, alertId=2
00:31:12.467 [main] INFO com.invest.application.EmailContentBuilder -- M=buildBody, I=Construindo corpo do email, ticker=AAA, alertId=2
00:31:12.467 [main] INFO com.invest.application.EmailContentBuilder -- M=buildBody, I=Construindo corpo do email, ticker=5j2Rv6, alertId=2255
00:31:12.467 [main] INFO com.invest.application.EmailContentBuilder -- M=buildBody, I=Construindo corpo do email, ticker=NcH, alertId=583
00:31:12.467 [main] INFO com.invest.application.EmailContentBuilder -- M=buildBody, I=Construindo corpo do email, ticker=aJyv, alertId=36550
00:31:12.467 [main] INFO com.invest.application.EmailContentBuilder -- M=buildBody, I=Construindo corpo do email, ticker=Gpe1kx, alertId=7178
00:31:12.468 [main] INFO com.invest.application.EmailContentBuilder -- M=buildBody, I=Construindo corpo do email, ticker=bdmM6Ni, alertId=158
00:31:12.468 [main] INFO com.invest.application.EmailContentBuilder -- M=buildBody, I=Construindo corpo do email, ticker=AAA, alertId=2
00:31:12.468 [main] INFO com.invest.application.EmailContentBuilder -- M=buildBody, I=Construindo corpo do email, ticker=73g, alertId=35
00:31:12.468 [main] INFO com.invest.application.EmailContentBuilder -- M=buildBody, I=Construindo corpo do email, ticker=RUZbwI9R, alertId=14082
00:31:12.468 [main] INFO com.invest.application.EmailContentBuilder -- M=buildBody, I=Construindo corpo do email, ticker=AAA, alertId=2
00:31:12.468 [main] INFO com.invest.application.EmailContentBuilder -- M=buildBody, I=Construindo corpo do email, ticker=hTeej9o, alertId=2831
00:31:12.468 [main] INFO com.invest.application.EmailContentBuilder -- M=buildBody, I=Construindo corpo do email, ticker=GpS, alertId=857311
00:31:12.468 [main] INFO com.invest.application.EmailContentBuilder -- M=buildBody, I=Construindo corpo do email, ticker=AAA, alertId=2
00:31:12.468 [main] INFO com.invest.application.EmailContentBuilder -- M=buildBody, I=Construindo corpo do email, ticker=AAA, alertId=2
00:31:12.468 [main] INFO com.invest.application.EmailContentBuilder -- M=buildBody, I=Construindo corpo do email, ticker=1iqvA, alertId=694407
00:31:12.469 [main] INFO com.invest.application.EmailContentBuilder -- M=buildBody, I=Construindo corpo do email, ticker=AAA, alertId=2
00:31:12.469 [main] INFO com.invest.application.EmailContentBuilder -- M=buildBody, I=Construindo corpo do email, ticker=lRyh, alertId=1573
00:31:12.469 [main] INFO com.invest.application.EmailContentBuilder -- M=buildBody, I=Construindo corpo do email, ticker=bg36ZZ, alertId=507167
00:31:12.469 [main] INFO com.invest.application.EmailContentBuilder -- M=buildBody, I=Construindo corpo do email, ticker=HXjN, alertId=5
00:31:12.469 [main] INFO com.invest.application.EmailContentBuilder -- M=buildBody, I=Construindo corpo do email, ticker=AAA, alertId=2
00:31:12.469 [main] INFO com.invest.application.EmailContentBuilder -- M=buildBody, I=Construindo corpo do email, ticker=jss1Cp, alertId=2852
00:31:12.469 [main] INFO com.invest.application.EmailContentBuilder -- M=buildBody, I=Construindo corpo do email, ticker=lRJGH, alertId=521
00:31:12.469 [main] INFO com.invest.application.EmailContentBuilder -- M=buildBody, I=Construindo corpo do email, ticker=AAA, alertId=2
00:31:12.469 [main] INFO com.invest.application.EmailContentBuilder -- M=buildBody, I=Construindo corpo do email, ticker=AAA, alertId=2
00:31:12.470 [main] INFO com.invest.application.EmailContentBuilder -- M=buildBody, I=Construindo corpo do email, ticker=OluUT, alertId=585
00:31:12.470 [main] INFO com.invest.application.EmailContentBuilder -- M=buildBody, I=Construindo corpo do email, ticker=AAA, alertId=2
00:31:12.470 [main] INFO com.invest.application.EmailContentBuilder -- M=buildBody, I=Construindo corpo do email, ticker=AAA, alertId=2
00:31:12.470 [main] INFO com.invest.application.EmailContentBuilder -- M=buildBody, I=Construindo corpo do email, ticker=4FHSBS, alertId=57719
00:31:12.470 [main] INFO com.invest.application.EmailContentBuilder -- M=buildBody, I=Construindo corpo do email, ticker=kEWvVAY, alertId=876
00:31:12.470 [main] INFO com.invest.application.EmailContentBuilder -- M=buildBody, I=Construindo corpo do email, ticker=NYHIJCpP, alertId=2
00:31:12.470 [main] INFO com.invest.application.EmailContentBuilder -- M=buildBody, I=Construindo corpo do email, ticker=p8O1V3Am, alertId=12335
00:31:12.470 [main] INFO com.invest.application.EmailContentBuilder -- M=buildBody, I=Construindo corpo do email, ticker=J6p, alertId=941012
00:31:12.471 [main] INFO com.invest.application.EmailContentBuilder -- M=buildBody, I=Construindo corpo do email, ticker=1spRs, alertId=318
00:31:12.471 [main] INFO com.invest.application.EmailContentBuilder -- M=buildBody, I=Construindo corpo do email, ticker=qka4LBlr, alertId=127866
00:31:12.471 [main] INFO com.invest.application.EmailContentBuilder -- M=buildBody, I=Construindo corpo do email, ticker=MqAgL0, alertId=158
00:31:12.471 [main] INFO com.invest.application.EmailContentBuilder -- M=buildBody, I=Construindo corpo do email, ticker=imWJJA, alertId=7
00:31:12.471 [main] INFO com.invest.application.EmailContentBuilder -- M=buildBody, I=Construindo corpo do email, ticker=tLaE7, alertId=51784
00:31:12.471 [main] INFO com.invest.application.EmailContentBuilder -- M=buildBody, I=Construindo corpo do email, ticker=AAA, alertId=2
00:31:12.471 [main] INFO com.invest.application.EmailContentBuilder -- M=buildBody, I=Construindo corpo do email, ticker=AAA, alertId=2
00:31:12.471 [main] INFO com.invest.application.EmailContentBuilder -- M=buildBody, I=Construindo corpo do email, ticker=AAA, alertId=2
00:31:12.471 [main] INFO com.invest.application.EmailContentBuilder -- M=buildBody, I=Construindo corpo do email, ticker=AAA, alertId=2
00:31:12.471 [main] INFO com.invest.application.EmailContentBuilder -- M=buildBody, I=Construindo corpo do email, ticker=yTeJf, alertId=962317
00:31:12.472 [main] INFO com.invest.application.EmailContentBuilder -- M=buildBody, I=Construindo corpo do email, ticker=bweich, alertId=348
00:31:12.472 [main] INFO com.invest.application.EmailContentBuilder -- M=buildBody, I=Construindo corpo do email, ticker=AAA, alertId=2
00:31:12.472 [main] INFO com.invest.application.EmailContentBuilder -- M=buildBody, I=Construindo corpo do email, ticker=C9w0nHy, alertId=1851
00:31:12.472 [main] INFO com.invest.application.EmailContentBuilder -- M=buildBody, I=Construindo corpo do email, ticker=tkQK1Q4, alertId=4723
00:31:12.472 [main] INFO com.invest.application.EmailContentBuilder -- M=buildBody, I=Construindo corpo do email, ticker=zUce, alertId=30211
00:31:12.472 [main] INFO com.invest.application.EmailContentBuilder -- M=buildBody, I=Construindo corpo do email, ticker=wRngSI, alertId=156
00:31:12.472 [main] INFO com.invest.application.EmailContentBuilder -- M=buildBody, I=Construindo corpo do email, ticker=AAA, alertId=2
00:31:12.473 [main] INFO com.invest.application.EmailContentBuilder -- M=buildBody, I=Construindo corpo do email, ticker=wmec2H, alertId=4538
00:31:12.473 [main] INFO com.invest.application.EmailContentBuilder -- M=buildBody, I=Construindo corpo do email, ticker=TTsK, alertId=47474
00:31:12.473 [main] INFO com.invest.application.EmailContentBuilder -- M=buildBody, I=Construindo corpo do email, ticker=AAA, alertId=2
00:31:12.473 [main] INFO com.invest.application.EmailContentBuilder -- M=buildBody, I=Construindo corpo do email, ticker=Iz8g, alertId=52
00:31:12.473 [main] INFO com.invest.application.EmailContentBuilder -- M=buildBody, I=Construindo corpo do email, ticker=AAA, alertId=2
00:31:12.473 [main] INFO com.invest.application.EmailContentBuilder -- M=buildBody, I=Construindo corpo do email, ticker=wiiAv, alertId=456912
00:31:12.473 [main] INFO com.invest.application.EmailContentBuilder -- M=buildBody, I=Construindo corpo do email, ticker=AAA, alertId=2
00:31:12.473 [main] INFO com.invest.application.EmailContentBuilder -- M=buildBody, I=Construindo corpo do email, ticker=6OU7wM6, alertId=9012
00:31:12.473 [main] INFO com.invest.application.EmailContentBuilder -- M=buildBody, I=Construindo corpo do email, ticker=Ybrvesl, alertId=67246
00:31:12.473 [main] INFO com.invest.application.EmailContentBuilder -- M=buildBody, I=Construindo corpo do email, ticker=AAA, alertId=2
00:31:12.474 [main] INFO com.invest.application.EmailContentBuilder -- M=buildBody, I=Construindo corpo do email, ticker=ogixu6m, alertId=675143
00:31:12.474 [main] INFO com.invest.application.EmailContentBuilder -- M=buildBody, I=Construindo corpo do email, ticker=AAA, alertId=2
00:31:12.474 [main] INFO com.invest.application.EmailContentBuilder -- M=buildBody, I=Construindo corpo do email, ticker=8vH, alertId=647387
00:31:12.474 [main] INFO com.invest.application.EmailContentBuilder -- M=buildBody, I=Construindo corpo do email, ticker=oItYErGg, alertId=32510
00:31:12.474 [main] INFO com.invest.application.EmailContentBuilder -- M=buildBody, I=Construindo corpo do email, ticker=IhIDBU, alertId=204
00:31:12.474 [main] INFO com.invest.application.EmailContentBuilder -- M=buildBody, I=Construindo corpo do email, ticker=4JsJx, alertId=92
00:31:12.474 [main] INFO com.invest.application.EmailContentBuilder -- M=buildBody, I=Construindo corpo do email, ticker=AAA, alertId=2
00:31:12.474 [main] INFO com.invest.application.EmailContentBuilder -- M=buildBody, I=Construindo corpo do email, ticker=AAA, alertId=2
00:31:12.474 [main] INFO com.invest.application.EmailContentBuilder -- M=buildBody, I=Construindo corpo do email, ticker=9m2gcV3, alertId=3950
00:31:12.474 [main] INFO com.invest.application.EmailContentBuilder -- M=buildBody, I=Construindo corpo do email, ticker=AAA, alertId=2
00:31:12.474 [main] INFO com.invest.application.EmailContentBuilder -- M=buildBody, I=Construindo corpo do email, ticker=AAA, alertId=2
00:31:12.475 [main] INFO com.invest.application.EmailContentBuilder -- M=buildBody, I=Construindo corpo do email, ticker=2bCRTUB, alertId=631
00:31:12.475 [main] INFO com.invest.application.EmailContentBuilder -- M=buildBody, I=Construindo corpo do email, ticker=AAA, alertId=2
00:31:12.475 [main] INFO com.invest.application.EmailContentBuilder -- M=buildBody, I=Construindo corpo do email, ticker=HOV5bSRW, alertId=570331
00:31:12.475 [main] INFO com.invest.application.EmailContentBuilder -- M=buildBody, I=Construindo corpo do email, ticker=AAA, alertId=2
00:31:12.475 [main] INFO com.invest.application.EmailContentBuilder -- M=buildBody, I=Construindo corpo do email, ticker=K6EoPg4, alertId=1791
00:31:12.475 [main] INFO com.invest.application.EmailContentBuilder -- M=buildBody, I=Construindo corpo do email, ticker=Umb, alertId=60107
00:31:12.475 [main] INFO com.invest.application.EmailContentBuilder -- M=buildBody, I=Construindo corpo do email, ticker=BIe, alertId=140224
00:31:12.475 [main] INFO com.invest.application.EmailContentBuilder -- M=buildBody, I=Construindo corpo do email, ticker=AAA, alertId=2
00:31:12.476 [main] INFO com.invest.application.EmailContentBuilder -- M=buildBody, I=Construindo corpo do email, ticker=Xq5bHUbX, alertId=15712
00:31:12.476 [main] INFO com.invest.application.EmailContentBuilder -- M=buildBody, I=Construindo corpo do email, ticker=Wrefx57, alertId=157071
00:31:12.476 [main] INFO com.invest.application.EmailContentBuilder -- M=buildBody, I=Construindo corpo do email, ticker=PVX, alertId=11327
00:31:12.476 [main] INFO com.invest.application.EmailContentBuilder -- M=buildBody, I=Construindo corpo do email, ticker=hVqD, alertId=62985
00:31:12.476 [main] INFO com.invest.application.EmailContentBuilder -- M=buildBody, I=Construindo corpo do email, ticker=AAA, alertId=2
00:31:12.476 [main] INFO com.invest.application.EmailContentBuilder -- M=buildBody, I=Construindo corpo do email, ticker=vK7, alertId=33550
00:31:12.476 [main] INFO com.invest.application.EmailContentBuilder -- M=buildBody, I=Construindo corpo do email, ticker=RsWJM, alertId=106
00:31:12.477 [main] INFO com.invest.application.EmailContentBuilder -- M=buildBody, I=Construindo corpo do email, ticker=PrpiJ, alertId=4163
00:31:12.477 [main] INFO com.invest.application.EmailContentBuilder -- M=buildBody, I=Construindo corpo do email, ticker=KjHLv, alertId=145
00:31:12.477 [main] INFO com.invest.application.EmailContentBuilder -- M=buildBody, I=Construindo corpo do email, ticker=vNZUdM8, alertId=272915
00:31:12.477 [main] INFO com.invest.application.EmailContentBuilder -- M=buildBody, I=Construindo corpo do email, ticker=usivwN, alertId=357
00:31:12.477 [main] INFO com.invest.application.EmailContentBuilder -- M=buildBody, I=Construindo corpo do email, ticker=AAA, alertId=2
00:31:12.477 [main] INFO com.invest.application.EmailContentBuilder -- M=buildBody, I=Construindo corpo do email, ticker=Oh94d, alertId=788842
00:31:12.477 [main] INFO com.invest.application.EmailContentBuilder -- M=buildBody, I=Construindo corpo do email, ticker=AAA, alertId=2
00:31:12.478 [main] INFO com.invest.application.EmailContentBuilder -- M=buildBody, I=Construindo corpo do email, ticker=3NY8, alertId=51
00:31:12.478 [main] INFO com.invest.application.EmailContentBuilder -- M=buildBody, I=Construindo corpo do email, ticker=QlS, alertId=2
00:31:12.478 [main] INFO com.invest.application.EmailContentBuilder -- M=buildBody, I=Construindo corpo do email, ticker=w0LQc, alertId=105
00:31:12.478 [main] INFO com.invest.application.EmailContentBuilder -- M=buildBody, I=Construindo corpo do email, ticker=JtC, alertId=47
00:31:12.479 [main] INFO com.invest.application.EmailContentBuilder -- M=buildBody, I=Construindo corpo do email, ticker=01I, alertId=5264
00:31:12.479 [main] INFO com.invest.application.EmailContentBuilder -- M=buildBody, I=Construindo corpo do email, ticker=AAA, alertId=2
00:31:12.479 [main] INFO com.invest.application.EmailContentBuilder -- M=buildBody, I=Construindo corpo do email, ticker=Z5Y1K, alertId=728
00:31:12.479 [main] INFO com.invest.application.EmailContentBuilder -- M=buildBody, I=Construindo corpo do email, ticker=qc4dmyVX, alertId=505
00:31:12.480 [main] INFO com.invest.application.EmailContentBuilder -- M=buildBody, I=Construindo corpo do email, ticker=jhe0vL, alertId=19588
00:31:12.480 [main] INFO com.invest.application.EmailContentBuilder -- M=buildBody, I=Construindo corpo do email, ticker=EsalZj0, alertId=379
00:31:12.480 [main] INFO com.invest.application.EmailContentBuilder -- M=buildBody, I=Construindo corpo do email, ticker=FXsls6, alertId=94276
00:31:12.481 [main] INFO com.invest.application.EmailContentBuilder -- M=buildBody, I=Construindo corpo do email, ticker=emQeGtxn, alertId=393
00:31:12.481 [main] INFO com.invest.application.EmailContentBuilder -- M=buildBody, I=Construindo corpo do email, ticker=cHGS, alertId=116788
00:31:12.481 [main] INFO com.invest.application.EmailContentBuilder -- M=buildBody, I=Construindo corpo do email, ticker=O1b4e5wf, alertId=3167
00:31:12.482 [main] INFO com.invest.application.EmailContentBuilder -- M=buildBody, I=Construindo corpo do email, ticker=V4v, alertId=122
00:31:12.482 [main] INFO com.invest.application.EmailContentBuilder -- M=buildBody, I=Construindo corpo do email, ticker=Z4FdYrG, alertId=67
00:31:12.482 [main] INFO com.invest.application.EmailContentBuilder -- M=buildBody, I=Construindo corpo do email, ticker=AAA, alertId=2
00:31:12.482 [main] INFO com.invest.application.EmailContentBuilder -- M=buildBody, I=Construindo corpo do email, ticker=lZfqb, alertId=142479
00:31:12.483 [main] INFO com.invest.application.EmailContentBuilder -- M=buildBody, I=Construindo corpo do email, ticker=CZOu, alertId=10
00:31:12.483 [main] INFO com.invest.application.EmailContentBuilder -- M=buildBody, I=Construindo corpo do email, ticker=uTGOo, alertId=2894
00:31:12.483 [main] INFO com.invest.application.EmailContentBuilder -- M=buildBody, I=Construindo corpo do email, ticker=JY6qpeg, alertId=17511
00:31:12.483 [main] INFO com.invest.application.EmailContentBuilder -- M=buildBody, I=Construindo corpo do email, ticker=AAA, alertId=2
00:31:12.483 [main] INFO com.invest.application.EmailContentBuilder -- M=buildBody, I=Construindo corpo do email, ticker=LBejHr5c, alertId=6
00:31:12.483 [main] INFO com.invest.application.EmailContentBuilder -- M=buildBody, I=Construindo corpo do email, ticker=AAA, alertId=2
00:31:12.483 [main] INFO com.invest.application.EmailContentBuilder -- M=buildBody, I=Construindo corpo do email, ticker=qkabIld, alertId=241
00:31:12.483 [main] INFO com.invest.application.EmailContentBuilder -- M=buildBody, I=Construindo corpo do email, ticker=AAA, alertId=2
00:31:12.484 [main] INFO com.invest.application.EmailContentBuilder -- M=buildBody, I=Construindo corpo do email, ticker=ItFmsp, alertId=3293
00:31:12.484 [main] INFO com.invest.application.EmailContentBuilder -- M=buildBody, I=Construindo corpo do email, ticker=32hos9lt, alertId=17667
00:31:12.484 [main] INFO com.invest.application.EmailContentBuilder -- M=buildBody, I=Construindo corpo do email, ticker=QbHruB, alertId=9696
00:31:12.484 [main] INFO com.invest.application.EmailContentBuilder -- M=buildBody, I=Construindo corpo do email, ticker=fkMuOUF, alertId=97001
00:31:12.484 [main] INFO com.invest.application.EmailContentBuilder -- M=buildBody, I=Construindo corpo do email, ticker=XkEl1, alertId=144
00:31:12.485 [main] INFO com.invest.application.EmailContentBuilder -- M=buildBody, I=Construindo corpo do email, ticker=kGXTf9J, alertId=74
00:31:12.485 [main] INFO com.invest.application.EmailContentBuilder -- M=buildBody, I=Construindo corpo do email, ticker=AAA, alertId=2
00:31:12.485 [main] INFO com.invest.application.EmailContentBuilder -- M=buildBody, I=Construindo corpo do email, ticker=AAA, alertId=2
00:31:12.485 [main] INFO com.invest.application.EmailContentBuilder -- M=buildBody, I=Construindo corpo do email, ticker=AAA, alertId=2
00:31:12.485 [main] INFO com.invest.application.EmailContentBuilder -- M=buildBody, I=Construindo corpo do email, ticker=AAA, alertId=2
00:31:12.485 [main] INFO com.invest.application.EmailContentBuilder -- M=buildBody, I=Construindo corpo do email, ticker=VYC, alertId=37
00:31:12.485 [main] INFO com.invest.application.EmailContentBuilder -- M=buildBody, I=Construindo corpo do email, ticker=F69p3ENM, alertId=79
00:31:12.485 [main] INFO com.invest.application.EmailContentBuilder -- M=buildBody, I=Construindo corpo do email, ticker=AAA, alertId=2
00:31:12.485 [main] INFO com.invest.application.EmailContentBuilder -- M=buildBody, I=Construindo corpo do email, ticker=kn5f3XSM, alertId=4862
00:31:12.485 [main] INFO com.invest.application.EmailContentBuilder -- M=buildBody, I=Construindo corpo do email, ticker=AAA, alertId=2
00:31:12.485 [main] INFO com.invest.application.EmailContentBuilder -- M=buildBody, I=Construindo corpo do email, ticker=sFuqQ2i, alertId=434427
00:31:12.486 [main] INFO com.invest.application.EmailContentBuilder -- M=buildBody, I=Construindo corpo do email, ticker=JF9hktIO, alertId=14
00:31:12.486 [main] INFO com.invest.application.EmailContentBuilder -- M=buildBody, I=Construindo corpo do email, ticker=AAA, alertId=2
00:31:12.486 [main] INFO com.invest.application.EmailContentBuilder -- M=buildBody, I=Construindo corpo do email, ticker=wHNUgT, alertId=156093
00:31:12.486 [main] INFO com.invest.application.EmailContentBuilder -- M=buildBody, I=Construindo corpo do email, ticker=Z96K, alertId=105311
00:31:12.486 [main] INFO com.invest.application.EmailContentBuilder -- M=buildBody, I=Construindo corpo do email, ticker=lobR, alertId=102536
00:31:12.487 [main] INFO com.invest.application.EmailContentBuilder -- M=buildBody, I=Construindo corpo do email, ticker=kp6, alertId=4
00:31:12.487 [main] INFO com.invest.application.EmailContentBuilder -- M=buildBody, I=Construindo corpo do email, ticker=41hw, alertId=74
00:31:12.487 [main] INFO com.invest.application.EmailContentBuilder -- M=buildBody, I=Construindo corpo do email, ticker=AAA, alertId=2
00:31:12.487 [main] INFO com.invest.application.EmailContentBuilder -- M=buildBody, I=Construindo corpo do email, ticker=AAA, alertId=2
00:31:12.487 [main] INFO com.invest.application.EmailContentBuilder -- M=buildBody, I=Construindo corpo do email, ticker=AAA, alertId=2
00:31:12.487 [main] INFO com.invest.application.EmailContentBuilder -- M=buildBody, I=Construindo corpo do email, ticker=AAA, alertId=2
00:31:12.487 [main] INFO com.invest.application.EmailContentBuilder -- M=buildBody, I=Construindo corpo do email, ticker=AAA, alertId=2
00:31:12.487 [main] INFO com.invest.application.EmailContentBuilder -- M=buildBody, I=Construindo corpo do email, ticker=vUu0N, alertId=9
00:31:12.487 [main] INFO com.invest.application.EmailContentBuilder -- M=buildBody, I=Construindo corpo do email, ticker=AAA, alertId=2
00:31:12.487 [main] INFO com.invest.application.EmailContentBuilder -- M=buildBody, I=Construindo corpo do email, ticker=ISiXdPSr, alertId=11
00:31:12.487 [main] INFO com.invest.application.EmailContentBuilder -- M=buildBody, I=Construindo corpo do email, ticker=AAA, alertId=2
00:31:12.487 [main] INFO com.invest.application.EmailContentBuilder -- M=buildBody, I=Construindo corpo do email, ticker=AAA, alertId=2
00:31:12.487 [main] INFO com.invest.application.EmailContentBuilder -- M=buildBody, I=Construindo corpo do email, ticker=AAA, alertId=2
00:31:12.487 [main] INFO com.invest.application.EmailContentBuilder -- M=buildBody, I=Construindo corpo do email, ticker=AAA, alertId=2
00:31:12.487 [main] INFO com.invest.application.EmailContentBuilder -- M=buildBody, I=Construindo corpo do email, ticker=pAZ9YdmK, alertId=23
00:31:12.488 [main] INFO com.invest.application.EmailContentBuilder -- M=buildBody, I=Construindo corpo do email, ticker=tppC7, alertId=4091
00:31:12.488 [main] INFO com.invest.application.EmailContentBuilder -- M=buildBody, I=Construindo corpo do email, ticker=geKm, alertId=2712
00:31:12.488 [main] INFO com.invest.application.EmailContentBuilder -- M=buildBody, I=Construindo corpo do email, ticker=dPCFyp, alertId=13705
00:31:12.488 [main] INFO com.invest.application.EmailContentBuilder -- M=buildBody, I=Construindo corpo do email, ticker=86WJ, alertId=1190
00:31:12.488 [main] INFO com.invest.application.EmailContentBuilder -- M=buildBody, I=Construindo corpo do email, ticker=AAA, alertId=2
00:31:12.489 [main] INFO com.invest.application.EmailContentBuilder -- M=buildBody, I=Construindo corpo do email, ticker=JsxhYI, alertId=337
00:31:12.489 [main] INFO com.invest.application.EmailContentBuilder -- M=buildBody, I=Construindo corpo do email, ticker=AAA, alertId=2
00:31:12.489 [main] INFO com.invest.application.EmailContentBuilder -- M=buildBody, I=Construindo corpo do email, ticker=quEHT8, alertId=8250
00:31:12.489 [main] INFO com.invest.application.EmailContentBuilder -- M=buildBody, I=Construindo corpo do email, ticker=sTypv8, alertId=12194
00:31:12.489 [main] INFO com.invest.application.EmailContentBuilder -- M=buildBody, I=Construindo corpo do email, ticker=AAA, alertId=2
00:31:12.489 [main] INFO com.invest.application.EmailContentBuilder -- M=buildBody, I=Construindo corpo do email, ticker=ujKliEc, alertId=1703
00:31:12.489 [main] INFO com.invest.application.EmailContentBuilder -- M=buildBody, I=Construindo corpo do email, ticker=jgdOs, alertId=54
00:31:12.489 [main] INFO com.invest.application.EmailContentBuilder -- M=buildBody, I=Construindo corpo do email, ticker=AAA, alertId=2
00:31:12.490 [main] INFO com.invest.application.EmailContentBuilder -- M=buildBody, I=Construindo corpo do email, ticker=NvqyM4No, alertId=8
00:31:12.490 [main] INFO com.invest.application.EmailContentBuilder -- M=buildBody, I=Construindo corpo do email, ticker=SYhuW, alertId=28881
00:31:12.490 [main] INFO com.invest.application.EmailContentBuilder -- M=buildBody, I=Construindo corpo do email, ticker=AAA, alertId=2
00:31:12.490 [main] INFO com.invest.application.EmailContentBuilder -- M=buildBody, I=Construindo corpo do email, ticker=AAA, alertId=2
00:31:12.490 [main] INFO com.invest.application.EmailContentBuilder -- M=buildBody, I=Construindo corpo do email, ticker=AAA, alertId=2
00:31:12.490 [main] INFO com.invest.application.EmailContentBuilder -- M=buildBody, I=Construindo corpo do email, ticker=90hMjh, alertId=72
00:31:12.490 [main] INFO com.invest.application.EmailContentBuilder -- M=buildBody, I=Construindo corpo do email, ticker=AAA, alertId=2
00:31:12.490 [main] INFO com.invest.application.EmailContentBuilder -- M=buildBody, I=Construindo corpo do email, ticker=ct053RN, alertId=132437
00:31:12.491 [main] INFO com.invest.application.EmailContentBuilder -- M=buildBody, I=Construindo corpo do email, ticker=10MFl, alertId=180
00:31:12.491 [main] INFO com.invest.application.EmailContentBuilder -- M=buildBody, I=Construindo corpo do email, ticker=7Lfrib, alertId=2
00:31:12.491 [main] INFO com.invest.application.EmailContentBuilder -- M=buildBody, I=Construindo corpo do email, ticker=AAA, alertId=2
00:31:12.491 [main] INFO com.invest.application.EmailContentBuilder -- M=buildBody, I=Construindo corpo do email, ticker=W52P3, alertId=52915
00:31:12.491 [main] INFO com.invest.application.EmailContentBuilder -- M=buildBody, I=Construindo corpo do email, ticker=RcHURDzD, alertId=8228
00:31:12.491 [main] INFO com.invest.application.EmailContentBuilder -- M=buildBody, I=Construindo corpo do email, ticker=AAA, alertId=2
00:31:12.492 [main] INFO com.invest.application.EmailContentBuilder -- M=buildBody, I=Construindo corpo do email, ticker=gOsz, alertId=404
00:31:12.492 [main] INFO com.invest.application.EmailContentBuilder -- M=buildBody, I=Construindo corpo do email, ticker=7Xj0b, alertId=6
00:31:12.492 [main] INFO com.invest.application.EmailContentBuilder -- M=buildBody, I=Construindo corpo do email, ticker=vAUXdk, alertId=121
00:31:12.492 [main] INFO com.invest.application.EmailContentBuilder -- M=buildBody, I=Construindo corpo do email, ticker=AAA, alertId=2
00:31:12.492 [main] INFO com.invest.application.EmailContentBuilder -- M=buildBody, I=Construindo corpo do email, ticker=PsYVOaC, alertId=2
00:31:12.493 [main] INFO com.invest.application.EmailContentBuilder -- M=buildBody, I=Construindo corpo do email, ticker=lB5, alertId=24
00:31:12.493 [main] INFO com.invest.application.EmailContentBuilder -- M=buildBody, I=Construindo corpo do email, ticker=GL2fW, alertId=10304
00:31:12.493 [main] INFO com.invest.application.EmailContentBuilder -- M=buildBody, I=Construindo corpo do email, ticker=AAA, alertId=2
00:31:12.493 [main] INFO com.invest.application.EmailContentBuilder -- M=buildBody, I=Construindo corpo do email, ticker=AAA, alertId=2
00:31:12.493 [main] INFO com.invest.application.EmailContentBuilder -- M=buildBody, I=Construindo corpo do email, ticker=hxCAHN, alertId=5
00:31:12.493 [main] INFO com.invest.application.EmailContentBuilder -- M=buildBody, I=Construindo corpo do email, ticker=AAA, alertId=2
00:31:12.493 [main] INFO com.invest.application.EmailContentBuilder -- M=buildBody, I=Construindo corpo do email, ticker=AAA, alertId=2
00:31:12.493 [main] INFO com.invest.application.EmailContentBuilder -- M=buildBody, I=Construindo corpo do email, ticker=AAA, alertId=2
00:31:12.493 [main] INFO com.invest.application.EmailContentBuilder -- M=buildBody, I=Construindo corpo do email, ticker=AAA, alertId=2
00:31:12.493 [main] INFO com.invest.application.EmailContentBuilder -- M=buildBody, I=Construindo corpo do email, ticker=AAA, alertId=2
00:31:12.493 [main] INFO com.invest.application.EmailContentBuilder -- M=buildBody, I=Construindo corpo do email, ticker=AAA, alertId=2
00:31:12.493 [main] INFO com.invest.application.EmailContentBuilder -- M=buildBody, I=Construindo corpo do email, ticker=AA51w5Ww, alertId=393
00:31:12.493 [main] INFO com.invest.application.EmailContentBuilder -- M=buildBody, I=Construindo corpo do email, ticker=udrkuD2, alertId=216
00:31:12.494 [main] INFO com.invest.application.EmailContentBuilder -- M=buildBody, I=Construindo corpo do email, ticker=j7P, alertId=3024
00:31:12.494 [main] INFO com.invest.application.EmailContentBuilder -- M=buildBody, I=Construindo corpo do email, ticker=AAA, alertId=2
00:31:12.494 [main] INFO com.invest.application.EmailContentBuilder -- M=buildBody, I=Construindo corpo do email, ticker=YT8AQ, alertId=3741
00:31:12.494 [main] INFO com.invest.application.EmailContentBuilder -- M=buildBody, I=Construindo corpo do email, ticker=AAA, alertId=2
00:31:12.494 [main] INFO com.invest.application.EmailContentBuilder -- M=buildBody, I=Construindo corpo do email, ticker=AAA, alertId=2
00:31:12.494 [main] INFO com.invest.application.EmailContentBuilder -- M=buildBody, I=Construindo corpo do email, ticker=8mQ, alertId=137
00:31:12.494 [main] INFO com.invest.application.EmailContentBuilder -- M=buildBody, I=Construindo corpo do email, ticker=D4atZ, alertId=1407
00:31:12.495 [main] INFO com.invest.application.EmailContentBuilder -- M=buildBody, I=Construindo corpo do email, ticker=wLd, alertId=4678
00:31:12.495 [main] INFO com.invest.application.EmailContentBuilder -- M=buildBody, I=Construindo corpo do email, ticker=lACU7DUY, alertId=868368
00:31:12.495 [main] INFO com.invest.application.EmailContentBuilder -- M=buildBody, I=Construindo corpo do email, ticker=bWtE, alertId=750883
00:31:12.495 [main] INFO com.invest.application.EmailContentBuilder -- M=buildBody, I=Construindo corpo do email, ticker=nOlv9, alertId=28
00:31:12.496 [main] INFO com.invest.application.EmailContentBuilder -- M=buildBody, I=Construindo corpo do email, ticker=1hg38xg, alertId=17
00:31:12.496 [main] INFO com.invest.application.EmailContentBuilder -- M=buildBody, I=Construindo corpo do email, ticker=sdsQ, alertId=14066
00:31:12.496 [main] INFO com.invest.application.EmailContentBuilder -- M=buildBody, I=Construindo corpo do email, ticker=kRy, alertId=48
00:31:12.496 [main] INFO com.invest.application.EmailContentBuilder -- M=buildBody, I=Construindo corpo do email, ticker=AAA, alertId=2
00:31:12.496 [main] INFO com.invest.application.EmailContentBuilder -- M=buildBody, I=Construindo corpo do email, ticker=2KL, alertId=15223
00:31:12.496 [main] INFO com.invest.application.EmailContentBuilder -- M=buildBody, I=Construindo corpo do email, ticker=AAA, alertId=2
00:31:12.497 [main] INFO com.invest.application.EmailContentBuilder -- M=buildBody, I=Construindo corpo do email, ticker=5awURC, alertId=2624
00:31:12.497 [main] INFO com.invest.application.EmailContentBuilder -- M=buildBody, I=Construindo corpo do email, ticker=AAA, alertId=2
00:31:12.497 [main] INFO com.invest.application.EmailContentBuilder -- M=buildBody, I=Construindo corpo do email, ticker=AAA, alertId=2
00:31:12.497 [main] INFO com.invest.application.EmailContentBuilder -- M=buildBody, I=Construindo corpo do email, ticker=tOc, alertId=1290
00:31:12.497 [main] INFO com.invest.application.EmailContentBuilder -- M=buildBody, I=Construindo corpo do email, ticker=E90axE8T, alertId=4
00:31:12.497 [main] INFO com.invest.application.EmailContentBuilder -- M=buildBody, I=Construindo corpo do email, ticker=AAA, alertId=2
00:31:12.497 [main] INFO com.invest.application.EmailContentBuilder -- M=buildBody, I=Construindo corpo do email, ticker=yLL, alertId=294578
00:31:12.497 [main] INFO com.invest.application.EmailContentBuilder -- M=buildBody, I=Construindo corpo do email, ticker=AAA, alertId=2
00:31:12.497 [main] INFO com.invest.application.EmailContentBuilder -- M=buildBody, I=Construindo corpo do email, ticker=AAA, alertId=2
00:31:12.498 [main] INFO com.invest.application.EmailContentBuilder -- M=buildBody, I=Construindo corpo do email, ticker=YLNwqp, alertId=36289
00:31:12.498 [main] INFO com.invest.application.EmailContentBuilder -- M=buildBody, I=Construindo corpo do email, ticker=AdiPF7D, alertId=87902
00:31:12.498 [main] INFO com.invest.application.EmailContentBuilder -- M=buildBody, I=Construindo corpo do email, ticker=XwGj8CvI, alertId=120
00:31:12.498 [main] INFO com.invest.application.EmailContentBuilder -- M=buildBody, I=Construindo corpo do email, ticker=AAA, alertId=2
00:31:12.498 [main] INFO com.invest.application.EmailContentBuilder -- M=buildBody, I=Construindo corpo do email, ticker=AAA, alertId=2
00:31:12.498 [main] INFO com.invest.application.EmailContentBuilder -- M=buildBody, I=Construindo corpo do email, ticker=AAA, alertId=2
00:31:12.498 [main] INFO com.invest.application.EmailContentBuilder -- M=buildBody, I=Construindo corpo do email, ticker=njsd, alertId=61
00:31:12.499 [main] INFO com.invest.application.EmailContentBuilder -- M=buildBody, I=Construindo corpo do email, ticker=W9ijPZ, alertId=54894
00:31:12.499 [main] INFO com.invest.application.EmailContentBuilder -- M=buildBody, I=Construindo corpo do email, ticker=KATbwX, alertId=51
00:31:12.499 [main] INFO com.invest.application.EmailContentBuilder -- M=buildBody, I=Construindo corpo do email, ticker=ynQz, alertId=46769
00:31:12.499 [main] INFO com.invest.application.EmailContentBuilder -- M=buildBody, I=Construindo corpo do email, ticker=AAA, alertId=2
00:31:12.499 [main] INFO com.invest.application.EmailContentBuilder -- M=buildBody, I=Construindo corpo do email, ticker=5v88Bi, alertId=958928
00:31:12.500 [main] INFO com.invest.application.EmailContentBuilder -- M=buildBody, I=Construindo corpo do email, ticker=FdK, alertId=108
00:31:12.500 [main] INFO com.invest.application.EmailContentBuilder -- M=buildBody, I=Construindo corpo do email, ticker=ZyB4pOE, alertId=12413
00:31:12.500 [main] INFO com.invest.application.EmailContentBuilder -- M=buildBody, I=Construindo corpo do email, ticker=GtL, alertId=2
00:31:12.500 [main] INFO com.invest.application.EmailContentBuilder -- M=buildBody, I=Construindo corpo do email, ticker=D9S, alertId=732
00:31:12.500 [main] INFO com.invest.application.EmailContentBuilder -- M=buildBody, I=Construindo corpo do email, ticker=AAA, alertId=2
00:31:12.501 [main] INFO com.invest.application.EmailContentBuilder -- M=buildBody, I=Construindo corpo do email, ticker=KnODR, alertId=551
00:31:12.501 [main] INFO com.invest.application.EmailContentBuilder -- M=buildBody, I=Construindo corpo do email, ticker=AAA, alertId=2
00:31:12.501 [main] INFO com.invest.application.EmailContentBuilder -- M=buildBody, I=Construindo corpo do email, ticker=jgj3, alertId=6
00:31:12.501 [main] INFO com.invest.application.EmailContentBuilder -- M=buildBody, I=Construindo corpo do email, ticker=AAA, alertId=2
00:31:12.501 [main] INFO com.invest.application.EmailContentBuilder -- M=buildBody, I=Construindo corpo do email, ticker=AAA, alertId=2
00:31:12.501 [main] INFO com.invest.application.EmailContentBuilder -- M=buildBody, I=Construindo corpo do email, ticker=DuaBZNA, alertId=66
00:31:12.501 [main] INFO com.invest.application.EmailContentBuilder -- M=buildBody, I=Construindo corpo do email, ticker=fn9L03, alertId=13
00:31:12.501 [main] INFO com.invest.application.EmailContentBuilder -- M=buildBody, I=Construindo corpo do email, ticker=AAA, alertId=2
00:31:12.502 [main] INFO com.invest.application.EmailContentBuilder -- M=buildBody, I=Construindo corpo do email, ticker=BT5m, alertId=5
00:31:12.502 [main] INFO com.invest.application.EmailContentBuilder -- M=buildBody, I=Construindo corpo do email, ticker=cqix, alertId=2365
00:31:12.502 [main] INFO com.invest.application.EmailContentBuilder -- M=buildBody, I=Construindo corpo do email, ticker=6vr5C2, alertId=1280
00:31:12.502 [main] INFO com.invest.application.EmailContentBuilder -- M=buildBody, I=Construindo corpo do email, ticker=aXfBKS, alertId=9674
00:31:12.503 [main] INFO com.invest.application.EmailContentBuilder -- M=buildBody, I=Construindo corpo do email, ticker=qYj3, alertId=912430
00:31:12.503 [main] INFO com.invest.application.EmailContentBuilder -- M=buildBody, I=Construindo corpo do email, ticker=NJLoH, alertId=50
00:31:12.503 [main] INFO com.invest.application.EmailContentBuilder -- M=buildBody, I=Construindo corpo do email, ticker=AAA, alertId=2
00:31:12.503 [main] INFO com.invest.application.EmailContentBuilder -- M=buildBody, I=Construindo corpo do email, ticker=oF4, alertId=16
00:31:12.503 [main] INFO com.invest.application.EmailContentBuilder -- M=buildBody, I=Construindo corpo do email, ticker=AAA, alertId=2
00:31:12.503 [main] INFO com.invest.application.EmailContentBuilder -- M=buildBody, I=Construindo corpo do email, ticker=8U0FAEcL, alertId=13191
00:31:12.504 [main] INFO com.invest.application.EmailContentBuilder -- M=buildBody, I=Construindo corpo do email, ticker=gMg7oi, alertId=537
00:31:12.504 [main] INFO com.invest.application.EmailContentBuilder -- M=buildBody, I=Construindo corpo do email, ticker=z9UL, alertId=21892
00:31:12.504 [main] INFO com.invest.application.EmailContentBuilder -- M=buildBody, I=Construindo corpo do email, ticker=AAA, alertId=2
00:31:12.504 [main] INFO com.invest.application.EmailContentBuilder -- M=buildBody, I=Construindo corpo do email, ticker=AAA, alertId=2
00:31:12.504 [main] INFO com.invest.application.EmailContentBuilder -- M=buildBody, I=Construindo corpo do email, ticker=rsa1eJW, alertId=52623
00:31:12.504 [main] INFO com.invest.application.EmailContentBuilder -- M=buildBody, I=Construindo corpo do email, ticker=vuz6, alertId=41
00:31:12.504 [main] INFO com.invest.application.EmailContentBuilder -- M=buildBody, I=Construindo corpo do email, ticker=AAA, alertId=2
00:31:12.505 [main] INFO com.invest.application.EmailContentBuilder -- M=buildBody, I=Construindo corpo do email, ticker=3XPC, alertId=1608
00:31:12.505 [main] INFO com.invest.application.EmailContentBuilder -- M=buildBody, I=Construindo corpo do email, ticker=O5FDvr4X, alertId=504610
00:31:12.505 [main] INFO com.invest.application.EmailContentBuilder -- M=buildBody, I=Construindo corpo do email, ticker=AAA, alertId=2
00:31:12.505 [main] INFO com.invest.application.EmailContentBuilder -- M=buildBody, I=Construindo corpo do email, ticker=AAA, alertId=2
00:31:12.505 [main] INFO com.invest.application.EmailContentBuilder -- M=buildBody, I=Construindo corpo do email, ticker=LSalR, alertId=44037
00:31:12.505 [main] INFO com.invest.application.EmailContentBuilder -- M=buildBody, I=Construindo corpo do email, ticker=EYHX, alertId=10166
00:31:12.506 [main] INFO com.invest.application.EmailContentBuilder -- M=buildBody, I=Construindo corpo do email, ticker=HqI, alertId=30
00:31:12.506 [main] INFO com.invest.application.EmailContentBuilder -- M=buildBody, I=Construindo corpo do email, ticker=AAA, alertId=2
00:31:12.506 [main] INFO com.invest.application.EmailContentBuilder -- M=buildBody, I=Construindo corpo do email, ticker=W1EQg, alertId=66
00:31:12.506 [main] INFO com.invest.application.EmailContentBuilder -- M=buildBody, I=Construindo corpo do email, ticker=4BnWCIj, alertId=10
00:31:12.506 [main] INFO com.invest.application.EmailContentBuilder -- M=buildBody, I=Construindo corpo do email, ticker=AAA, alertId=2
00:31:12.507 [main] INFO com.invest.application.EmailContentBuilder -- M=buildBody, I=Construindo corpo do email, ticker=fDZA, alertId=7
00:31:12.507 [main] INFO com.invest.application.EmailContentBuilder -- M=buildBody, I=Construindo corpo do email, ticker=AAA, alertId=2
00:31:12.507 [main] INFO com.invest.application.EmailContentBuilder -- M=buildBody, I=Construindo corpo do email, ticker=zjHUB, alertId=14
00:31:12.507 [main] INFO com.invest.application.EmailContentBuilder -- M=buildBody, I=Construindo corpo do email, ticker=AAA, alertId=2
00:31:12.507 [main] INFO com.invest.application.EmailContentBuilder -- M=buildBody, I=Construindo corpo do email, ticker=AAA, alertId=2
00:31:12.508 [main] INFO com.invest.application.EmailContentBuilder -- M=buildBody, I=Construindo corpo do email, ticker=N0FD, alertId=142527
00:31:12.508 [main] INFO com.invest.application.EmailContentBuilder -- M=buildBody, I=Construindo corpo do email, ticker=AAA, alertId=2
00:31:12.508 [main] INFO com.invest.application.EmailContentBuilder -- M=buildBody, I=Construindo corpo do email, ticker=Usifib1, alertId=8354
00:31:12.509 [main] INFO com.invest.application.EmailContentBuilder -- M=buildBody, I=Construindo corpo do email, ticker=Ki3mN0, alertId=159
00:31:12.509 [main] INFO com.invest.application.EmailContentBuilder -- M=buildBody, I=Construindo corpo do email, ticker=AAA, alertId=2
00:31:12.509 [main] INFO com.invest.application.EmailContentBuilder -- M=buildBody, I=Construindo corpo do email, ticker=fapVYp1d, alertId=9590
00:31:12.509 [main] INFO com.invest.application.EmailContentBuilder -- M=buildBody, I=Construindo corpo do email, ticker=tC6U, alertId=795
00:31:12.510 [main] INFO com.invest.application.EmailContentBuilder -- M=buildBody, I=Construindo corpo do email, ticker=gra15O, alertId=55731
00:31:12.510 [main] INFO com.invest.application.EmailContentBuilder -- M=buildBody, I=Construindo corpo do email, ticker=lSKJ7, alertId=1557
00:31:12.510 [main] INFO com.invest.application.EmailContentBuilder -- M=buildBody, I=Construindo corpo do email, ticker=AAA, alertId=2
00:31:12.510 [main] INFO com.invest.application.EmailContentBuilder -- M=buildBody, I=Construindo corpo do email, ticker=0GY, alertId=4
00:31:12.511 [main] INFO com.invest.application.EmailContentBuilder -- M=buildBody, I=Construindo corpo do email, ticker=Ha8rf3, alertId=3
00:31:12.511 [main] INFO com.invest.application.EmailContentBuilder -- M=buildBody, I=Construindo corpo do email, ticker=B5fWmf, alertId=428
00:31:12.511 [main] INFO com.invest.application.EmailContentBuilder -- M=buildBody, I=Construindo corpo do email, ticker=538U94, alertId=3
00:31:12.512 [main] INFO com.invest.application.EmailContentBuilder -- M=buildBody, I=Construindo corpo do email, ticker=kL7R, alertId=3
00:31:12.512 [main] INFO com.invest.application.EmailContentBuilder -- M=buildBody, I=Construindo corpo do email, ticker=GUd6mo, alertId=2831
00:31:12.512 [main] INFO com.invest.application.EmailContentBuilder -- M=buildBody, I=Construindo corpo do email, ticker=vNWQ, alertId=242651
00:31:12.512 [main] INFO com.invest.application.EmailContentBuilder -- M=buildBody, I=Construindo corpo do email, ticker=CUKNhC, alertId=2687
00:31:12.512 [main] INFO com.invest.application.EmailContentBuilder -- M=buildBody, I=Construindo corpo do email, ticker=AAA, alertId=2
00:31:12.513 [main] INFO com.invest.application.EmailContentBuilder -- M=buildBody, I=Construindo corpo do email, ticker=s6e4V, alertId=202
00:31:12.513 [main] INFO com.invest.application.EmailContentBuilder -- M=buildBody, I=Construindo corpo do email, ticker=AAA, alertId=2
00:31:12.513 [main] INFO com.invest.application.EmailContentBuilder -- M=buildBody, I=Construindo corpo do email, ticker=Hzdheo, alertId=36
00:31:12.513 [main] INFO com.invest.application.EmailContentBuilder -- M=buildBody, I=Construindo corpo do email, ticker=kztjm5J1, alertId=151
00:31:12.513 [main] INFO com.invest.application.EmailContentBuilder -- M=buildBody, I=Construindo corpo do email, ticker=AAA, alertId=2
00:31:12.514 [main] INFO com.invest.application.EmailContentBuilder -- M=buildBody, I=Construindo corpo do email, ticker=QQU9, alertId=159
00:31:12.514 [main] INFO com.invest.application.EmailContentBuilder -- M=buildBody, I=Construindo corpo do email, ticker=lAO, alertId=17701
00:31:12.514 [main] INFO com.invest.application.EmailContentBuilder -- M=buildBody, I=Construindo corpo do email, ticker=AAA, alertId=2
00:31:12.514 [main] INFO com.invest.application.EmailContentBuilder -- M=buildBody, I=Construindo corpo do email, ticker=lSuFlK, alertId=633027
00:31:12.514 [main] INFO com.invest.application.EmailContentBuilder -- M=buildBody, I=Construindo corpo do email, ticker=58N, alertId=1
00:31:12.515 [main] INFO com.invest.application.EmailContentBuilder -- M=buildBody, I=Construindo corpo do email, ticker=r7d1ey, alertId=8707
00:31:12.515 [main] INFO com.invest.application.EmailContentBuilder -- M=buildBody, I=Construindo corpo do email, ticker=WBXefVN, alertId=1944
00:31:12.515 [main] INFO com.invest.application.EmailContentBuilder -- M=buildBody, I=Construindo corpo do email, ticker=UQE3W, alertId=2947
00:31:12.516 [main] INFO com.invest.application.EmailContentBuilder -- M=buildBody, I=Construindo corpo do email, ticker=xNXrdP, alertId=7473
00:31:12.516 [main] INFO com.invest.application.EmailContentBuilder -- M=buildBody, I=Construindo corpo do email, ticker=Ih0mma, alertId=18
00:31:12.516 [main] INFO com.invest.application.EmailContentBuilder -- M=buildBody, I=Construindo corpo do email, ticker=TrYAYm, alertId=15418
00:31:12.516 [main] INFO com.invest.application.EmailContentBuilder -- M=buildBody, I=Construindo corpo do email, ticker=tf0D, alertId=42064
00:31:12.516 [main] INFO com.invest.application.EmailContentBuilder -- M=buildBody, I=Construindo corpo do email, ticker=AAA, alertId=2
00:31:12.517 [main] INFO com.invest.application.EmailContentBuilder -- M=buildBody, I=Construindo corpo do email, ticker=2VenI, alertId=3
00:31:12.517 [main] INFO com.invest.application.EmailContentBuilder -- M=buildBody, I=Construindo corpo do email, ticker=AAA, alertId=2
00:31:12.517 [main] INFO com.invest.application.EmailContentBuilder -- M=buildBody, I=Construindo corpo do email, ticker=2sUg, alertId=1648
00:31:12.517 [main] INFO com.invest.application.EmailContentBuilder -- M=buildBody, I=Construindo corpo do email, ticker=EIUQ39W4, alertId=21
00:31:12.517 [main] INFO com.invest.application.EmailContentBuilder -- M=buildBody, I=Construindo corpo do email, ticker=AAA, alertId=2
00:31:12.518 [main] INFO com.invest.application.EmailContentBuilder -- M=buildBody, I=Construindo corpo do email, ticker=sn8k, alertId=272
00:31:12.518 [main] INFO com.invest.application.EmailContentBuilder -- M=buildBody, I=Construindo corpo do email, ticker=ZP07MN, alertId=1760
00:31:12.518 [main] INFO com.invest.application.EmailContentBuilder -- M=buildBody, I=Construindo corpo do email, ticker=AAA, alertId=2
00:31:12.518 [main] INFO com.invest.application.EmailContentBuilder -- M=buildBody, I=Construindo corpo do email, ticker=k6onoJAf, alertId=66
00:31:12.518 [main] INFO com.invest.application.EmailContentBuilder -- M=buildBody, I=Construindo corpo do email, ticker=VtT, alertId=225
00:31:12.519 [main] INFO com.invest.application.EmailContentBuilder -- M=buildBody, I=Construindo corpo do email, ticker=icl, alertId=692971
00:31:12.519 [main] INFO com.invest.application.EmailContentBuilder -- M=buildBody, I=Construindo corpo do email, ticker=AAA, alertId=2
00:31:12.519 [main] INFO com.invest.application.EmailContentBuilder -- M=buildBody, I=Construindo corpo do email, ticker=AAA, alertId=2
00:31:12.519 [main] INFO com.invest.application.EmailContentBuilder -- M=buildBody, I=Construindo corpo do email, ticker=OeF, alertId=109485
00:31:12.519 [main] INFO com.invest.application.EmailContentBuilder -- M=buildBody, I=Construindo corpo do email, ticker=lZ0nV, alertId=21
00:31:12.519 [main] INFO com.invest.application.EmailContentBuilder -- M=buildBody, I=Construindo corpo do email, ticker=AAA, alertId=2
00:31:12.520 [main] INFO com.invest.application.EmailContentBuilder -- M=buildBody, I=Construindo corpo do email, ticker=vXD, alertId=49
00:31:12.520 [main] INFO com.invest.application.EmailContentBuilder -- M=buildBody, I=Construindo corpo do email, ticker=AAA, alertId=2
00:31:12.520 [main] INFO com.invest.application.EmailContentBuilder -- M=buildBody, I=Construindo corpo do email, ticker=emCto9I, alertId=13305
00:31:12.520 [main] INFO com.invest.application.EmailContentBuilder -- M=buildBody, I=Construindo corpo do email, ticker=AAA, alertId=2
00:31:12.520 [main] INFO com.invest.application.EmailContentBuilder -- M=buildBody, I=Construindo corpo do email, ticker=CLywoR, alertId=12777
00:31:12.520 [main] INFO com.invest.application.EmailContentBuilder -- M=buildBody, I=Construindo corpo do email, ticker=MiAHN, alertId=24
00:31:12.521 [main] INFO com.invest.application.EmailContentBuilder -- M=buildBody, I=Construindo corpo do email, ticker=LYSo, alertId=11
00:31:12.521 [main] INFO com.invest.application.EmailContentBuilder -- M=buildBody, I=Construindo corpo do email, ticker=AAA, alertId=2
00:31:12.521 [main] INFO com.invest.application.EmailContentBuilder -- M=buildBody, I=Construindo corpo do email, ticker=xw3V, alertId=1801
00:31:12.521 [main] INFO com.invest.application.EmailContentBuilder -- M=buildBody, I=Construindo corpo do email, ticker=turGa2Q, alertId=455
00:31:12.522 [main] INFO com.invest.application.EmailContentBuilder -- M=buildBody, I=Construindo corpo do email, ticker=cc0fZ, alertId=16903
00:31:12.522 [main] INFO com.invest.application.EmailContentBuilder -- M=buildBody, I=Construindo corpo do email, ticker=AAA, alertId=2
00:31:12.522 [main] INFO com.invest.application.EmailContentBuilder -- M=buildBody, I=Construindo corpo do email, ticker=lvo, alertId=30937
00:31:12.522 [main] INFO com.invest.application.EmailContentBuilder -- M=buildBody, I=Construindo corpo do email, ticker=KxtVE3, alertId=44973
00:31:12.523 [main] INFO com.invest.application.EmailContentBuilder -- M=buildBody, I=Construindo corpo do email, ticker=cYjb4, alertId=223
00:31:12.523 [main] INFO com.invest.application.EmailContentBuilder -- M=buildBody, I=Construindo corpo do email, ticker=88ZKaNL, alertId=10
00:31:12.523 [main] INFO com.invest.application.EmailContentBuilder -- M=buildBody, I=Construindo corpo do email, ticker=76KQLw, alertId=760499
00:31:12.524 [main] INFO com.invest.application.EmailContentBuilder -- M=buildBody, I=Construindo corpo do email, ticker=JLf9ytH, alertId=1165
00:31:12.524 [main] INFO com.invest.application.EmailContentBuilder -- M=buildBody, I=Construindo corpo do email, ticker=7KoyL4I, alertId=8928
00:31:12.524 [main] INFO com.invest.application.EmailContentBuilder -- M=buildBody, I=Construindo corpo do email, ticker=S1b4jc, alertId=19
00:31:12.525 [main] INFO com.invest.application.EmailContentBuilder -- M=buildBody, I=Construindo corpo do email, ticker=39LdlDd, alertId=3
00:31:12.525 [main] INFO com.invest.application.EmailContentBuilder -- M=buildBody, I=Construindo corpo do email, ticker=enZkNWcV, alertId=52
00:31:12.525 [main] INFO com.invest.application.EmailContentBuilder -- M=buildBody, I=Construindo corpo do email, ticker=AAA, alertId=2
00:31:12.526 [main] INFO com.invest.application.EmailContentBuilder -- M=buildBody, I=Construindo corpo do email, ticker=vz8U3, alertId=21
00:31:12.526 [main] INFO com.invest.application.EmailContentBuilder -- M=buildBody, I=Construindo corpo do email, ticker=PhY9xW2, alertId=467
00:31:12.527 [main] INFO com.invest.application.EmailContentBuilder -- M=buildBody, I=Construindo corpo do email, ticker=R908w, alertId=65
00:31:12.527 [main] INFO com.invest.application.EmailContentBuilder -- M=buildBody, I=Construindo corpo do email, ticker=AAA, alertId=2
00:31:12.527 [main] INFO com.invest.application.EmailContentBuilder -- M=buildBody, I=Construindo corpo do email, ticker=mH8E7opS, alertId=5453
00:31:12.528 [main] INFO com.invest.application.EmailContentBuilder -- M=buildBody, I=Construindo corpo do email, ticker=i8P9l, alertId=125369
00:31:12.528 [main] INFO com.invest.application.EmailContentBuilder -- M=buildBody, I=Construindo corpo do email, ticker=dplut, alertId=4
00:31:12.529 [main] INFO com.invest.application.EmailContentBuilder -- M=buildBody, I=Construindo corpo do email, ticker=B0Sp, alertId=25396
00:31:12.529 [main] INFO com.invest.application.EmailContentBuilder -- M=buildBody, I=Construindo corpo do email, ticker=AAA, alertId=2
00:31:12.529 [main] INFO com.invest.application.EmailContentBuilder -- M=buildBody, I=Construindo corpo do email, ticker=TGYFxU, alertId=50135
00:31:12.529 [main] INFO com.invest.application.EmailContentBuilder -- M=buildBody, I=Construindo corpo do email, ticker=TCt, alertId=3
00:31:12.530 [main] INFO com.invest.application.EmailContentBuilder -- M=buildBody, I=Construindo corpo do email, ticker=YdmWa, alertId=415
00:31:12.530 [main] INFO com.invest.application.EmailContentBuilder -- M=buildBody, I=Construindo corpo do email, ticker=3BpTwn, alertId=5
00:31:12.530 [main] INFO com.invest.application.EmailContentBuilder -- M=buildBody, I=Construindo corpo do email, ticker=unGWWkJ, alertId=66
00:31:12.531 [main] INFO com.invest.application.EmailContentBuilder -- M=buildBody, I=Construindo corpo do email, ticker=9Ekx, alertId=35433
00:31:12.531 [main] INFO com.invest.application.EmailContentBuilder -- M=buildBody, I=Construindo corpo do email, ticker=AAA, alertId=2
00:31:12.531 [main] INFO com.invest.application.EmailContentBuilder -- M=buildBody, I=Construindo corpo do email, ticker=sY2uFNj, alertId=38
00:31:12.531 [main] INFO com.invest.application.EmailContentBuilder -- M=buildBody, I=Construindo corpo do email, ticker=AAA, alertId=2
00:31:12.531 [main] INFO com.invest.application.EmailContentBuilder -- M=buildBody, I=Construindo corpo do email, ticker=AAA, alertId=2
00:31:12.531 [main] INFO com.invest.application.EmailContentBuilder -- M=buildBody, I=Construindo corpo do email, ticker=lKkh, alertId=1825
00:31:12.531 [main] INFO com.invest.application.EmailContentBuilder -- M=buildBody, I=Construindo corpo do email, ticker=AAA, alertId=2
00:31:12.532 [main] INFO com.invest.application.EmailContentBuilder -- M=buildBody, I=Construindo corpo do email, ticker=qomTY, alertId=11411
00:31:12.532 [main] INFO com.invest.application.EmailContentBuilder -- M=buildBody, I=Construindo corpo do email, ticker=steccBk, alertId=162822
00:31:12.532 [main] INFO com.invest.application.EmailContentBuilder -- M=buildBody, I=Construindo corpo do email, ticker=l5T, alertId=64806
00:31:12.533 [main] INFO com.invest.application.EmailContentBuilder -- M=buildBody, I=Construindo corpo do email, ticker=fds, alertId=14372
00:31:12.533 [main] INFO com.invest.application.EmailContentBuilder -- M=buildBody, I=Construindo corpo do email, ticker=AAA, alertId=2
00:31:12.533 [main] INFO com.invest.application.EmailContentBuilder -- M=buildBody, I=Construindo corpo do email, ticker=fk2, alertId=40
00:31:12.533 [main] INFO com.invest.application.EmailContentBuilder -- M=buildBody, I=Construindo corpo do email, ticker=5EOY, alertId=73
00:31:12.533 [main] INFO com.invest.application.EmailContentBuilder -- M=buildBody, I=Construindo corpo do email, ticker=HJNZIQ, alertId=12999
00:31:12.533 [main] INFO com.invest.application.EmailContentBuilder -- M=buildBody, I=Construindo corpo do email, ticker=AAA, alertId=2
00:31:12.534 [main] INFO com.invest.application.EmailContentBuilder -- M=buildBody, I=Construindo corpo do email, ticker=cyolHaZ, alertId=73635
00:31:12.534 [main] INFO com.invest.application.EmailContentBuilder -- M=buildBody, I=Construindo corpo do email, ticker=cTJ5pGUL, alertId=84428
00:31:12.534 [main] INFO com.invest.application.EmailContentBuilder -- M=buildBody, I=Construindo corpo do email, ticker=AAA, alertId=2
00:31:12.534 [main] INFO com.invest.application.EmailContentBuilder -- M=buildBody, I=Construindo corpo do email, ticker=AAA, alertId=2
00:31:12.534 [main] INFO com.invest.application.EmailContentBuilder -- M=buildBody, I=Construindo corpo do email, ticker=G7KB, alertId=234762
00:31:12.534 [main] INFO com.invest.application.EmailContentBuilder -- M=buildBody, I=Construindo corpo do email, ticker=AAA, alertId=2
00:31:12.535 [main] INFO com.invest.application.EmailContentBuilder -- M=buildBody, I=Construindo corpo do email, ticker=UqzmsE, alertId=20
00:31:12.535 [main] INFO com.invest.application.EmailContentBuilder -- M=buildBody, I=Construindo corpo do email, ticker=jbz, alertId=148760
00:31:12.535 [main] INFO com.invest.application.EmailContentBuilder -- M=buildBody, I=Construindo corpo do email, ticker=eKhpx, alertId=554198
00:31:12.536 [main] INFO com.invest.application.EmailContentBuilder -- M=buildBody, I=Construindo corpo do email, ticker=RSk, alertId=5270
00:31:12.536 [main] INFO com.invest.application.EmailContentBuilder -- M=buildBody, I=Construindo corpo do email, ticker=427U43Zg, alertId=673
00:31:12.536 [main] INFO com.invest.application.EmailContentBuilder -- M=buildBody, I=Construindo corpo do email, ticker=5gYYE, alertId=182
00:31:12.536 [main] INFO com.invest.application.EmailContentBuilder -- M=buildBody, I=Construindo corpo do email, ticker=AAA, alertId=2
00:31:12.537 [main] INFO com.invest.application.EmailContentBuilder -- M=buildBody, I=Construindo corpo do email, ticker=yHNNEOe2, alertId=141413
00:31:12.537 [main] INFO com.invest.application.EmailContentBuilder -- M=buildBody, I=Construindo corpo do email, ticker=2xVlsc5, alertId=2338
00:31:12.537 [main] INFO com.invest.application.EmailContentBuilder -- M=buildBody, I=Construindo corpo do email, ticker=lMy, alertId=14
00:31:12.537 [main] INFO com.invest.application.EmailContentBuilder -- M=buildBody, I=Construindo corpo do email, ticker=AAA, alertId=2
00:31:12.538 [main] INFO com.invest.application.EmailContentBuilder -- M=buildBody, I=Construindo corpo do email, ticker=MRSgkEp, alertId=105354
00:31:12.538 [main] INFO com.invest.application.EmailContentBuilder -- M=buildBody, I=Construindo corpo do email, ticker=AAA, alertId=2
00:31:12.538 [main] INFO com.invest.application.EmailContentBuilder -- M=buildBody, I=Construindo corpo do email, ticker=4iChu4sz, alertId=121
00:31:12.538 [main] INFO com.invest.application.EmailContentBuilder -- M=buildBody, I=Construindo corpo do email, ticker=AAA, alertId=2
00:31:12.538 [main] INFO com.invest.application.EmailContentBuilder -- M=buildBody, I=Construindo corpo do email, ticker=AAA, alertId=2
00:31:12.539 [main] INFO com.invest.application.EmailContentBuilder -- M=buildBody, I=Construindo corpo do email, ticker=Pgs, alertId=8
00:31:12.539 [main] INFO com.invest.application.EmailContentBuilder -- M=buildBody, I=Construindo corpo do email, ticker=AAA, alertId=2
00:31:12.539 [main] INFO com.invest.application.EmailContentBuilder -- M=buildBody, I=Construindo corpo do email, ticker=JSl, alertId=84
00:31:12.539 [main] INFO com.invest.application.EmailContentBuilder -- M=buildBody, I=Construindo corpo do email, ticker=AAA, alertId=2
00:31:12.539 [main] INFO com.invest.application.EmailContentBuilder -- M=buildBody, I=Construindo corpo do email, ticker=AAA, alertId=2
00:31:12.539 [main] INFO com.invest.application.EmailContentBuilder -- M=buildBody, I=Construindo corpo do email, ticker=kqYKe3, alertId=7
00:31:12.540 [main] INFO com.invest.application.EmailContentBuilder -- M=buildBody, I=Construindo corpo do email, ticker=ovaRuA8F, alertId=83993
00:31:12.540 [main] INFO com.invest.application.EmailContentBuilder -- M=buildBody, I=Construindo corpo do email, ticker=J1hdW2, alertId=8735
00:31:12.541 [main] INFO com.invest.application.EmailContentBuilder -- M=buildBody, I=Construindo corpo do email, ticker=K2e4lGga, alertId=184
00:31:12.541 [main] INFO com.invest.application.EmailContentBuilder -- M=buildBody, I=Construindo corpo do email, ticker=psVtaOd, alertId=113772
00:31:12.542 [main] INFO com.invest.application.EmailContentBuilder -- M=buildBody, I=Construindo corpo do email, ticker=eAN, alertId=11
00:31:12.542 [main] INFO com.invest.application.EmailContentBuilder -- M=buildBody, I=Construindo corpo do email, ticker=JGQBet3u, alertId=13961
00:31:12.543 [main] INFO com.invest.application.EmailContentBuilder -- M=buildBody, I=Construindo corpo do email, ticker=V0gOvep4, alertId=25
00:31:12.543 [main] INFO com.invest.application.EmailContentBuilder -- M=buildBody, I=Construindo corpo do email, ticker=mZYK, alertId=13
00:31:12.544 [main] INFO com.invest.application.EmailContentBuilder -- M=buildBody, I=Construindo corpo do email, ticker=S7RqW, alertId=9830
00:31:12.544 [main] INFO com.invest.application.EmailContentBuilder -- M=buildBody, I=Construindo corpo do email, ticker=1ig7, alertId=10
00:31:12.545 [main] INFO com.invest.application.EmailContentBuilder -- M=buildBody, I=Construindo corpo do email, ticker=kHzrv, alertId=688
00:31:12.545 [main] INFO com.invest.application.EmailContentBuilder -- M=buildBody, I=Construindo corpo do email, ticker=WtYEP7b, alertId=141
00:31:12.545 [main] INFO com.invest.application.EmailContentBuilder -- M=buildBody, I=Construindo corpo do email, ticker=AAA, alertId=2
00:31:12.545 [main] INFO com.invest.application.EmailContentBuilder -- M=buildBody, I=Construindo corpo do email, ticker=UREPK4T, alertId=846
00:31:12.545 [main] INFO com.invest.application.EmailContentBuilder -- M=buildBody, I=Construindo corpo do email, ticker=AAA, alertId=2
00:31:12.546 [main] INFO com.invest.application.EmailContentBuilder -- M=buildBody, I=Construindo corpo do email, ticker=9bo2B2, alertId=5
00:31:12.546 [main] INFO com.invest.application.EmailContentBuilder -- M=buildBody, I=Construindo corpo do email, ticker=tMX, alertId=25093
00:31:12.546 [main] INFO com.invest.application.EmailContentBuilder -- M=buildBody, I=Construindo corpo do email, ticker=AAA, alertId=2
00:31:12.546 [main] INFO com.invest.application.EmailContentBuilder -- M=buildBody, I=Construindo corpo do email, ticker=AAA, alertId=2
00:31:12.546 [main] INFO com.invest.application.EmailContentBuilder -- M=buildBody, I=Construindo corpo do email, ticker=AAA, alertId=2
00:31:12.546 [main] INFO com.invest.application.EmailContentBuilder -- M=buildBody, I=Construindo corpo do email, ticker=MKFKRRX, alertId=48534
00:31:12.546 [main] INFO com.invest.application.EmailContentBuilder -- M=buildBody, I=Construindo corpo do email, ticker=AAA, alertId=2
00:31:12.547 [main] INFO com.invest.application.EmailContentBuilder -- M=buildBody, I=Construindo corpo do email, ticker=aSIyIkyZ, alertId=438
00:31:12.547 [main] INFO com.invest.application.EmailContentBuilder -- M=buildBody, I=Construindo corpo do email, ticker=q2E, alertId=17181
00:31:12.547 [main] INFO com.invest.application.EmailContentBuilder -- M=buildBody, I=Construindo corpo do email, ticker=AAA, alertId=2
00:31:12.547 [main] INFO com.invest.application.EmailContentBuilder -- M=buildBody, I=Construindo corpo do email, ticker=b3C, alertId=5
00:31:12.548 [main] INFO com.invest.application.EmailContentBuilder -- M=buildBody, I=Construindo corpo do email, ticker=yKz, alertId=338
00:31:12.548 [main] INFO com.invest.application.EmailContentBuilder -- M=buildBody, I=Construindo corpo do email, ticker=QRoFoeFq, alertId=26113
00:31:12.548 [main] INFO com.invest.application.EmailContentBuilder -- M=buildBody, I=Construindo corpo do email, ticker=eQnKBb, alertId=39
00:31:12.549 [main] INFO com.invest.application.EmailContentBuilder -- M=buildBody, I=Construindo corpo do email, ticker=rnU5, alertId=526641
00:31:12.549 [main] INFO com.invest.application.EmailContentBuilder -- M=buildBody, I=Construindo corpo do email, ticker=6y0, alertId=4001
00:31:12.549 [main] INFO com.invest.application.EmailContentBuilder -- M=buildBody, I=Construindo corpo do email, ticker=AAA, alertId=2
00:31:12.549 [main] INFO com.invest.application.EmailContentBuilder -- M=buildBody, I=Construindo corpo do email, ticker=QWdXk, alertId=64
00:31:12.550 [main] INFO com.invest.application.EmailContentBuilder -- M=buildBody, I=Construindo corpo do email, ticker=UsiMk8, alertId=108127
00:31:12.550 [main] INFO com.invest.application.EmailContentBuilder -- M=buildBody, I=Construindo corpo do email, ticker=DifSvv, alertId=55
00:31:12.550 [main] INFO com.invest.application.EmailContentBuilder -- M=buildBody, I=Construindo corpo do email, ticker=Sria0z, alertId=51561
00:31:12.550 [main] INFO com.invest.application.EmailContentBuilder -- M=buildBody, I=Construindo corpo do email, ticker=AAA, alertId=2
00:31:12.551 [main] INFO com.invest.application.EmailContentBuilder -- M=buildBody, I=Construindo corpo do email, ticker=0ax, alertId=14344
00:31:12.551 [main] INFO com.invest.application.EmailContentBuilder -- M=buildBody, I=Construindo corpo do email, ticker=OVuaN, alertId=700
00:31:12.552 [main] INFO com.invest.application.EmailContentBuilder -- M=buildBody, I=Construindo corpo do email, ticker=mTCgbCg0, alertId=148
00:31:12.552 [main] INFO com.invest.application.EmailContentBuilder -- M=buildBody, I=Construindo corpo do email, ticker=INLWvX, alertId=23
00:31:12.552 [main] INFO com.invest.application.EmailContentBuilder -- M=buildBody, I=Construindo corpo do email, ticker=AAA, alertId=2
00:31:12.552 [main] INFO com.invest.application.EmailContentBuilder -- M=buildBody, I=Construindo corpo do email, ticker=heYkGwW, alertId=4
00:31:12.553 [main] INFO com.invest.application.EmailContentBuilder -- M=buildBody, I=Construindo corpo do email, ticker=hAnCKr, alertId=5028
00:31:12.553 [main] INFO com.invest.application.EmailContentBuilder -- M=buildBody, I=Construindo corpo do email, ticker=t8iyoRFz, alertId=5
00:31:12.553 [main] INFO com.invest.application.EmailContentBuilder -- M=buildBody, I=Construindo corpo do email, ticker=P8u2Z, alertId=530
00:31:12.554 [main] INFO com.invest.application.EmailContentBuilder -- M=buildBody, I=Construindo corpo do email, ticker=6ePGOI, alertId=30
00:31:12.554 [main] INFO com.invest.application.EmailContentBuilder -- M=buildBody, I=Construindo corpo do email, ticker=AAA, alertId=2
00:31:12.554 [main] INFO com.invest.application.EmailContentBuilder -- M=buildBody, I=Construindo corpo do email, ticker=AAA, alertId=2
00:31:12.554 [main] INFO com.invest.application.EmailContentBuilder -- M=buildBody, I=Construindo corpo do email, ticker=Gv9FZ, alertId=942
00:31:12.554 [main] INFO com.invest.application.EmailContentBuilder -- M=buildBody, I=Construindo corpo do email, ticker=4Q9Dn, alertId=437
00:31:12.555 [main] INFO com.invest.application.EmailContentBuilder -- M=buildBody, I=Construindo corpo do email, ticker=xsDlF, alertId=237
00:31:12.555 [main] INFO com.invest.application.EmailContentBuilder -- M=buildBody, I=Construindo corpo do email, ticker=dxmVS, alertId=5722
00:31:12.556 [main] INFO com.invest.application.EmailContentBuilder -- M=buildBody, I=Construindo corpo do email, ticker=wPu3D, alertId=792922
00:31:12.556 [main] INFO com.invest.application.EmailContentBuilder -- M=buildBody, I=Construindo corpo do email, ticker=t9E, alertId=38096
00:31:12.556 [main] INFO com.invest.application.EmailContentBuilder -- M=buildBody, I=Construindo corpo do email, ticker=Zxii, alertId=31658
00:31:12.556 [main] INFO com.invest.application.EmailContentBuilder -- M=buildBody, I=Construindo corpo do email, ticker=AAA, alertId=2
00:31:12.557 [main] INFO com.invest.application.EmailContentBuilder -- M=buildBody, I=Construindo corpo do email, ticker=xKCYl2, alertId=679452
00:31:12.557 [main] INFO com.invest.application.EmailContentBuilder -- M=buildBody, I=Construindo corpo do email, ticker=OjCxCM, alertId=1912
00:31:12.557 [main] INFO com.invest.application.EmailContentBuilder -- M=buildBody, I=Construindo corpo do email, ticker=AAA, alertId=2
00:31:12.558 [main] INFO com.invest.application.EmailContentBuilder -- M=buildBody, I=Construindo corpo do email, ticker=cTrM4vj, alertId=199
00:31:12.558 [main] INFO com.invest.application.EmailContentBuilder -- M=buildBody, I=Construindo corpo do email, ticker=AAA, alertId=2
00:31:12.558 [main] INFO com.invest.application.EmailContentBuilder -- M=buildBody, I=Construindo corpo do email, ticker=AAA, alertId=2
00:31:12.559 [main] INFO com.invest.application.EmailContentBuilder -- M=buildBody, I=Construindo corpo do email, ticker=3iKZeT4j, alertId=15
00:31:12.559 [main] INFO com.invest.application.EmailContentBuilder -- M=buildBody, I=Construindo corpo do email, ticker=WGmj, alertId=123635
00:31:12.560 [main] INFO com.invest.application.EmailContentBuilder -- M=buildBody, I=Construindo corpo do email, ticker=6T69xb, alertId=42025
00:31:12.560 [main] INFO com.invest.application.EmailContentBuilder -- M=buildBody, I=Construindo corpo do email, ticker=AAA, alertId=2
00:31:12.560 [main] INFO com.invest.application.EmailContentBuilder -- M=buildBody, I=Construindo corpo do email, ticker=AAA, alertId=2
00:31:12.560 [main] INFO com.invest.application.EmailContentBuilder -- M=buildBody, I=Construindo corpo do email, ticker=Coziz, alertId=5332
00:31:12.561 [main] INFO com.invest.application.EmailContentBuilder -- M=buildBody, I=Construindo corpo do email, ticker=z0GOW, alertId=859085
00:31:12.561 [main] INFO com.invest.application.EmailContentBuilder -- M=buildBody, I=Construindo corpo do email, ticker=AAA, alertId=2
00:31:12.561 [main] INFO com.invest.application.EmailContentBuilder -- M=buildBody, I=Construindo corpo do email, ticker=AAA, alertId=2
00:31:12.561 [main] INFO com.invest.application.EmailContentBuilder -- M=buildBody, I=Construindo corpo do email, ticker=AAA, alertId=2
[...]
00:31:13.103 [main] INFO com.invest.application.EmailContentBuilder -- M=buildSubject, I=Construindo assunto do email, ticker=6Ehl
00:31:13.103 [main] INFO com.invest.application.EmailContentBuilder -- M=buildSubject, I=Construindo assunto do email, ticker=AAA
00:31:13.103 [main] INFO com.invest.application.EmailContentBuilder -- M=buildSubject, I=Construindo assunto do email, ticker=AAA
00:31:13.103 [main] INFO com.invest.application.EmailContentBuilder -- M=buildSubject, I=Construindo assunto do email, ticker=L6kUfFN
00:31:13.103 [main] INFO com.invest.application.EmailContentBuilder -- M=buildSubject, I=Construindo assunto do email, ticker=AAA
00:31:13.103 [main] INFO com.invest.application.EmailContentBuilder -- M=buildSubject, I=Construindo assunto do email, ticker=AAA
00:31:13.103 [main] INFO com.invest.application.EmailContentBuilder -- M=buildSubject, I=Construindo assunto do email, ticker=6efG
00:31:13.104 [main] INFO com.invest.application.EmailContentBuilder -- M=buildSubject, I=Construindo assunto do email, ticker=6dle
00:31:13.104 [main] INFO com.invest.application.EmailContentBuilder -- M=buildSubject, I=Construindo assunto do email, ticker=AAA
00:31:13.104 [main] INFO com.invest.application.EmailContentBuilder -- M=buildSubject, I=Construindo assunto do email, ticker=XYA
00:31:13.104 [main] INFO com.invest.application.EmailContentBuilder -- M=buildSubject, I=Construindo assunto do email, ticker=AAA
00:31:13.104 [main] INFO com.invest.application.EmailContentBuilder -- M=buildSubject, I=Construindo assunto do email, ticker=AAA
00:31:13.104 [main] INFO com.invest.application.EmailContentBuilder -- M=buildSubject, I=Construindo assunto do email, ticker=AAA
00:31:13.104 [main] INFO com.invest.application.EmailContentBuilder -- M=buildSubject, I=Construindo assunto do email, ticker=AAA
00:31:13.104 [main] INFO com.invest.application.EmailContentBuilder -- M=buildSubject, I=Construindo assunto do email, ticker=vr5N6t3b
00:31:13.104 [main] INFO com.invest.application.EmailContentBuilder -- M=buildSubject, I=Construindo assunto do email, ticker=AAA
00:31:13.104 [main] INFO com.invest.application.EmailContentBuilder -- M=buildSubject, I=Construindo assunto do email, ticker=3gH
00:31:13.105 [main] INFO com.invest.application.EmailContentBuilder -- M=buildSubject, I=Construindo assunto do email, ticker=IN118f
00:31:13.105 [main] INFO com.invest.application.EmailContentBuilder -- M=buildSubject, I=Construindo assunto do email, ticker=T6HVVo6
00:31:13.105 [main] INFO com.invest.application.EmailContentBuilder -- M=buildSubject, I=Construindo assunto do email, ticker=obXLEn2
00:31:13.105 [main] INFO com.invest.application.EmailContentBuilder -- M=buildSubject, I=Construindo assunto do email, ticker=AAA
00:31:13.105 [main] INFO com.invest.application.EmailContentBuilder -- M=buildSubject, I=Construindo assunto do email, ticker=AAA
00:31:13.105 [main] INFO com.invest.application.EmailContentBuilder -- M=buildSubject, I=Construindo assunto do email, ticker=AAA
00:31:13.106 [main] INFO com.invest.application.EmailContentBuilder -- M=buildSubject, I=Construindo assunto do email, ticker=MHNT
00:31:13.106 [main] INFO com.invest.application.EmailContentBuilder -- M=buildSubject, I=Construindo assunto do email, ticker=AAA
00:31:13.106 [main] INFO com.invest.application.EmailContentBuilder -- M=buildSubject, I=Construindo assunto do email, ticker=iae
00:31:13.106 [main] INFO com.invest.application.EmailContentBuilder -- M=buildSubject, I=Construindo assunto do email, ticker=AAA
00:31:13.106 [main] INFO com.invest.application.EmailContentBuilder -- M=buildSubject, I=Construindo assunto do email, ticker=Y2EYqA8
00:31:13.106 [main] INFO com.invest.application.EmailContentBuilder -- M=buildSubject, I=Construindo assunto do email, ticker=AAA
00:31:13.106 [main] INFO com.invest.application.EmailContentBuilder -- M=buildSubject, I=Construindo assunto do email, ticker=2RJX8
00:31:13.107 [main] INFO com.invest.application.EmailContentBuilder -- M=buildSubject, I=Construindo assunto do email, ticker=WiI
00:31:13.107 [main] INFO com.invest.application.EmailContentBuilder -- M=buildSubject, I=Construindo assunto do email, ticker=AAA
00:31:13.107 [main] INFO com.invest.application.EmailContentBuilder -- M=buildSubject, I=Construindo assunto do email, ticker=eW6z7Y8B
00:31:13.107 [main] INFO com.invest.application.EmailContentBuilder -- M=buildSubject, I=Construindo assunto do email, ticker=AAA
00:31:13.107 [main] INFO com.invest.application.EmailContentBuilder -- M=buildSubject, I=Construindo assunto do email, ticker=zSrbvh
00:31:13.107 [main] INFO com.invest.application.EmailContentBuilder -- M=buildSubject, I=Construindo assunto do email, ticker=QRf
00:31:13.108 [main] INFO com.invest.application.EmailContentBuilder -- M=buildSubject, I=Construindo assunto do email, ticker=tXmrTl
00:31:13.108 [main] INFO com.invest.application.EmailContentBuilder -- M=buildSubject, I=Construindo assunto do email, ticker=aFjr6ZeW
00:31:13.108 [main] INFO com.invest.application.EmailContentBuilder -- M=buildSubject, I=Construindo assunto do email, ticker=uZCe
00:31:13.108 [main] INFO com.invest.application.EmailContentBuilder -- M=buildSubject, I=Construindo assunto do email, ticker=KJRA3C
00:31:13.109 [main] INFO com.invest.application.EmailContentBuilder -- M=buildSubject, I=Construindo assunto do email, ticker=TtTxc
00:31:13.109 [main] INFO com.invest.application.EmailContentBuilder -- M=buildSubject, I=Construindo assunto do email, ticker=AAA
00:31:13.109 [main] INFO com.invest.application.EmailContentBuilder -- M=buildSubject, I=Construindo assunto do email, ticker=AAA
00:31:13.109 [main] INFO com.invest.application.EmailContentBuilder -- M=buildSubject, I=Construindo assunto do email, ticker=AAA
00:31:13.109 [main] INFO com.invest.application.EmailContentBuilder -- M=buildSubject, I=Construindo assunto do email, ticker=AAA
00:31:13.109 [main] INFO com.invest.application.EmailContentBuilder -- M=buildSubject, I=Construindo assunto do email, ticker=AAA
00:31:13.109 [main] INFO com.invest.application.EmailContentBuilder -- M=buildSubject, I=Construindo assunto do email, ticker=aqf2KFFM
00:31:13.109 [main] INFO com.invest.application.EmailContentBuilder -- M=buildSubject, I=Construindo assunto do email, ticker=AAA
00:31:13.109 [main] INFO com.invest.application.EmailContentBuilder -- M=buildSubject, I=Construindo assunto do email, ticker=AAA
00:31:13.109 [main] INFO com.invest.application.EmailContentBuilder -- M=buildSubject, I=Construindo assunto do email, ticker=AAA
00:31:13.109 [main] INFO com.invest.application.EmailContentBuilder -- M=buildSubject, I=Construindo assunto do email, ticker=TKsNjs2
00:31:13.110 [main] INFO com.invest.application.EmailContentBuilder -- M=buildSubject, I=Construindo assunto do email, ticker=cM5
00:31:13.110 [main] INFO com.invest.application.EmailContentBuilder -- M=buildSubject, I=Construindo assunto do email, ticker=AAA
00:31:13.111 [main] INFO com.invest.application.EmailContentBuilder -- M=buildSubject, I=Construindo assunto do email, ticker=7rAn
00:31:13.111 [main] INFO com.invest.application.EmailContentBuilder -- M=buildSubject, I=Construindo assunto do email, ticker=chDpj
00:31:13.111 [main] INFO com.invest.application.EmailContentBuilder -- M=buildSubject, I=Construindo assunto do email, ticker=AAA
00:31:13.111 [main] INFO com.invest.application.EmailContentBuilder -- M=buildSubject, I=Construindo assunto do email, ticker=AAA
00:31:13.112 [main] INFO com.invest.application.EmailContentBuilder -- M=buildSubject, I=Construindo assunto do email, ticker=ZZq8o
00:31:13.113 [main] INFO com.invest.application.EmailContentBuilder -- M=buildSubject, I=Construindo assunto do email, ticker=KxkDD0QR
00:31:13.113 [main] INFO com.invest.application.EmailContentBuilder -- M=buildSubject, I=Construindo assunto do email, ticker=AAA
00:31:13.113 [main] INFO com.invest.application.EmailContentBuilder -- M=buildSubject, I=Construindo assunto do email, ticker=AAA
00:31:13.113 [main] INFO com.invest.application.EmailContentBuilder -- M=buildSubject, I=Construindo assunto do email, ticker=3n7
00:31:13.113 [main] INFO com.invest.application.EmailContentBuilder -- M=buildSubject, I=Construindo assunto do email, ticker=AAA
00:31:13.114 [main] INFO com.invest.application.EmailContentBuilder -- M=buildSubject, I=Construindo assunto do email, ticker=xDx
00:31:13.114 [main] INFO com.invest.application.EmailContentBuilder -- M=buildSubject, I=Construindo assunto do email, ticker=AAA
00:31:13.114 [main] INFO com.invest.application.EmailContentBuilder -- M=buildSubject, I=Construindo assunto do email, ticker=n8fQsv0
00:31:13.114 [main] INFO com.invest.application.EmailContentBuilder -- M=buildSubject, I=Construindo assunto do email, ticker=i5T46V
00:31:13.114 [main] INFO com.invest.application.EmailContentBuilder -- M=buildSubject, I=Construindo assunto do email, ticker=AAA
00:31:13.114 [main] INFO com.invest.application.EmailContentBuilder -- M=buildSubject, I=Construindo assunto do email, ticker=AAA
00:31:13.114 [main] INFO com.invest.application.EmailContentBuilder -- M=buildSubject, I=Construindo assunto do email, ticker=AAA
00:31:13.114 [main] INFO com.invest.application.EmailContentBuilder -- M=buildSubject, I=Construindo assunto do email, ticker=AAA
00:31:13.115 [main] INFO com.invest.application.EmailContentBuilder -- M=buildSubject, I=Construindo assunto do email, ticker=UuE
00:31:13.115 [main] INFO com.invest.application.EmailContentBuilder -- M=buildSubject, I=Construindo assunto do email, ticker=AAA
00:31:13.115 [main] INFO com.invest.application.EmailContentBuilder -- M=buildSubject, I=Construindo assunto do email, ticker=AAA
00:31:13.115 [main] INFO com.invest.application.EmailContentBuilder -- M=buildSubject, I=Construindo assunto do email, ticker=AAA
00:31:13.115 [main] INFO com.invest.application.EmailContentBuilder -- M=buildSubject, I=Construindo assunto do email, ticker=AAA
00:31:13.115 [main] INFO com.invest.application.EmailContentBuilder -- M=buildSubject, I=Construindo assunto do email, ticker=Fogs
00:31:13.115 [main] INFO com.invest.application.EmailContentBuilder -- M=buildSubject, I=Construindo assunto do email, ticker=AAA
00:31:13.115 [main] INFO com.invest.application.EmailContentBuilder -- M=buildSubject, I=Construindo assunto do email, ticker=AAA
00:31:13.115 [main] INFO com.invest.application.EmailContentBuilder -- M=buildSubject, I=Construindo assunto do email, ticker=AAA
00:31:13.115 [main] INFO com.invest.application.EmailContentBuilder -- M=buildSubject, I=Construindo assunto do email, ticker=zCn361C
00:31:13.115 [main] INFO com.invest.application.EmailContentBuilder -- M=buildSubject, I=Construindo assunto do email, ticker=AAA
00:31:13.115 [main] INFO com.invest.application.EmailContentBuilder -- M=buildSubject, I=Construindo assunto do email, ticker=AAA
00:31:13.115 [main] INFO com.invest.application.EmailContentBuilder -- M=buildSubject, I=Construindo assunto do email, ticker=AAA
00:31:13.116 [main] INFO com.invest.application.EmailContentBuilder -- M=buildSubject, I=Construindo assunto do email, ticker=NCOYgB6
00:31:13.116 [main] INFO com.invest.application.EmailContentBuilder -- M=buildSubject, I=Construindo assunto do email, ticker=AAA
00:31:13.116 [main] INFO com.invest.application.EmailContentBuilder -- M=buildSubject, I=Construindo assunto do email, ticker=Qo1yUemD
00:31:13.116 [main] INFO com.invest.application.EmailContentBuilder -- M=buildSubject, I=Construindo assunto do email, ticker=AAA
00:31:13.116 [main] INFO com.invest.application.EmailContentBuilder -- M=buildSubject, I=Construindo assunto do email, ticker=sgsZocoZ
00:31:13.116 [main] INFO com.invest.application.EmailContentBuilder -- M=buildSubject, I=Construindo assunto do email, ticker=wKsy
00:31:13.117 [main] INFO com.invest.application.EmailContentBuilder -- M=buildSubject, I=Construindo assunto do email, ticker=mx3xF9F1
00:31:13.117 [main] INFO com.invest.application.EmailContentBuilder -- M=buildSubject, I=Construindo assunto do email, ticker=VBwOTDiH
00:31:13.117 [main] INFO com.invest.application.EmailContentBuilder -- M=buildSubject, I=Construindo assunto do email, ticker=AAA
00:31:13.117 [main] INFO com.invest.application.EmailContentBuilder -- M=buildSubject, I=Construindo assunto do email, ticker=AAA
00:31:13.117 [main] INFO com.invest.application.EmailContentBuilder -- M=buildSubject, I=Construindo assunto do email, ticker=AAA
00:31:13.117 [main] INFO com.invest.application.EmailContentBuilder -- M=buildSubject, I=Construindo assunto do email, ticker=VKC8B
00:31:13.117 [main] INFO com.invest.application.EmailContentBuilder -- M=buildSubject, I=Construindo assunto do email, ticker=AAA
00:31:13.118 [main] INFO com.invest.application.EmailContentBuilder -- M=buildSubject, I=Construindo assunto do email, ticker=U5UPt1h
00:31:13.118 [main] INFO com.invest.application.EmailContentBuilder -- M=buildSubject, I=Construindo assunto do email, ticker=vYEXc
00:31:13.118 [main] INFO com.invest.application.EmailContentBuilder -- M=buildSubject, I=Construindo assunto do email, ticker=CJF
00:31:13.118 [main] INFO com.invest.application.EmailContentBuilder -- M=buildSubject, I=Construindo assunto do email, ticker=AAA
00:31:13.118 [main] INFO com.invest.application.EmailContentBuilder -- M=buildSubject, I=Construindo assunto do email, ticker=AAA
00:31:13.119 [main] INFO com.invest.application.EmailContentBuilder -- M=buildSubject, I=Construindo assunto do email, ticker=mm5
00:31:13.119 [main] INFO com.invest.application.EmailContentBuilder -- M=buildSubject, I=Construindo assunto do email, ticker=AAA
00:31:13.119 [main] INFO com.invest.application.EmailContentBuilder -- M=buildSubject, I=Construindo assunto do email, ticker=aPjUj
00:31:13.119 [main] INFO com.invest.application.EmailContentBuilder -- M=buildSubject, I=Construindo assunto do email, ticker=AAA
00:31:13.119 [main] INFO com.invest.application.EmailContentBuilder -- M=buildSubject, I=Construindo assunto do email, ticker=AAA
00:31:13.119 [main] INFO com.invest.application.EmailContentBuilder -- M=buildSubject, I=Construindo assunto do email, ticker=sEWUi
00:31:13.119 [main] INFO com.invest.application.EmailContentBuilder -- M=buildSubject, I=Construindo assunto do email, ticker=oKGX
00:31:13.119 [main] INFO com.invest.application.EmailContentBuilder -- M=buildSubject, I=Construindo assunto do email, ticker=AAA
00:31:13.120 [main] INFO com.invest.application.EmailContentBuilder -- M=buildSubject, I=Construindo assunto do email, ticker=66RNFobi
00:31:13.120 [main] INFO com.invest.application.EmailContentBuilder -- M=buildSubject, I=Construindo assunto do email, ticker=gMVCOwe
00:31:13.120 [main] INFO com.invest.application.EmailContentBuilder -- M=buildSubject, I=Construindo assunto do email, ticker=fweRxf
00:31:13.120 [main] INFO com.invest.application.EmailContentBuilder -- M=buildSubject, I=Construindo assunto do email, ticker=AAA
00:31:13.120 [main] INFO com.invest.application.EmailContentBuilder -- M=buildSubject, I=Construindo assunto do email, ticker=AAA
00:31:13.121 [main] INFO com.invest.application.EmailContentBuilder -- M=buildSubject, I=Construindo assunto do email, ticker=1tR4
00:31:13.121 [main] INFO com.invest.application.EmailContentBuilder -- M=buildSubject, I=Construindo assunto do email, ticker=AAA
00:31:13.121 [main] INFO com.invest.application.EmailContentBuilder -- M=buildSubject, I=Construindo assunto do email, ticker=ZFgi
00:31:13.121 [main] INFO com.invest.application.EmailContentBuilder -- M=buildSubject, I=Construindo assunto do email, ticker=5QMxLgf
00:31:13.121 [main] INFO com.invest.application.EmailContentBuilder -- M=buildSubject, I=Construindo assunto do email, ticker=LCPZk4qn
00:31:13.122 [main] INFO com.invest.application.EmailContentBuilder -- M=buildSubject, I=Construindo assunto do email, ticker=6os2F
00:31:13.122 [main] INFO com.invest.application.EmailContentBuilder -- M=buildSubject, I=Construindo assunto do email, ticker=h2M
00:31:13.122 [main] INFO com.invest.application.EmailContentBuilder -- M=buildSubject, I=Construindo assunto do email, ticker=AAA
00:31:13.122 [main] INFO com.invest.application.EmailContentBuilder -- M=buildSubject, I=Construindo assunto do email, ticker=AAA
00:31:13.122 [main] INFO com.invest.application.EmailContentBuilder -- M=buildSubject, I=Construindo assunto do email, ticker=Ivd8iL
00:31:13.122 [main] INFO com.invest.application.EmailContentBuilder -- M=buildSubject, I=Construindo assunto do email, ticker=AAA
00:31:13.122 [main] INFO com.invest.application.EmailContentBuilder -- M=buildSubject, I=Construindo assunto do email, ticker=AAA
00:31:13.122 [main] INFO com.invest.application.EmailContentBuilder -- M=buildSubject, I=Construindo assunto do email, ticker=AAA
00:31:13.123 [main] INFO com.invest.application.EmailContentBuilder -- M=buildSubject, I=Construindo assunto do email, ticker=LizqWEm
00:31:13.123 [main] INFO com.invest.application.EmailContentBuilder -- M=buildSubject, I=Construindo assunto do email, ticker=xgSa
00:31:13.123 [main] INFO com.invest.application.EmailContentBuilder -- M=buildSubject, I=Construindo assunto do email, ticker=mNncKy
00:31:13.123 [main] INFO com.invest.application.EmailContentBuilder -- M=buildSubject, I=Construindo assunto do email, ticker=elV
00:31:13.123 [main] INFO com.invest.application.EmailContentBuilder -- M=buildSubject, I=Construindo assunto do email, ticker=AAA
00:31:13.124 [main] INFO com.invest.application.EmailContentBuilder -- M=buildSubject, I=Construindo assunto do email, ticker=Kvfx3u
00:31:13.124 [main] INFO com.invest.application.EmailContentBuilder -- M=buildSubject, I=Construindo assunto do email, ticker=K59AfGQ0
00:31:13.124 [main] INFO com.invest.application.EmailContentBuilder -- M=buildSubject, I=Construindo assunto do email, ticker=AAA
00:31:13.124 [main] INFO com.invest.application.EmailContentBuilder -- M=buildSubject, I=Construindo assunto do email, ticker=AAA
00:31:13.124 [main] INFO com.invest.application.EmailContentBuilder -- M=buildSubject, I=Construindo assunto do email, ticker=AAA
00:31:13.124 [main] INFO com.invest.application.EmailContentBuilder -- M=buildSubject, I=Construindo assunto do email, ticker=AAA
00:31:13.124 [main] INFO com.invest.application.EmailContentBuilder -- M=buildSubject, I=Construindo assunto do email, ticker=AAA
00:31:13.124 [main] INFO com.invest.application.EmailContentBuilder -- M=buildSubject, I=Construindo assunto do email, ticker=AAA
00:31:13.124 [main] INFO com.invest.application.EmailContentBuilder -- M=buildSubject, I=Construindo assunto do email, ticker=AAA
00:31:13.124 [main] INFO com.invest.application.EmailContentBuilder -- M=buildSubject, I=Construindo assunto do email, ticker=AAA
00:31:13.124 [main] INFO com.invest.application.EmailContentBuilder -- M=buildSubject, I=Construindo assunto do email, ticker=eTh
timestamp = 2026-04-28T00:31:13.124894519, EmailContentBuilderProperties:emailSubjectContainsAssetNameAndTicker = 
                              |-----------------------jqwik-----------------------
tries = 1000                  | # of calls to property
checks = 1000                 | # of not rejected calls
generation = RANDOMIZED       | parameters are randomly generated
after-failure = SAMPLE_FIRST  | try previously failed sample, then previous seed
when-fixed-seed = ALLOW       | fixing the random seed is allowed
edge-cases#mode = MIXIN       | edge cases are mixed in
edge-cases#total = 1000       | # of all combined edge cases
edge-cases#tried = 167        | # of edge cases tried in current run
seed = -2244954951727845537   | random seed to reproduce generated values


]]></system-out>
    <system-err><![CDATA[abr. 28, 2026 12:31:12 AM net.jqwik.engine.properties.RandomizedShrinkablesGenerator logEdgeCasesOutnumberTriesIfApplicable
INFORMAÇÕES: Edge case generation exceeds number of tries. Stopped after 1000 generated cases.
]]></system-err>
  </testcase>
</testsuite>