<?xml version="1.0" encoding="UTF-8"?>
<testsuite xmlns:xsi="http://www.w3.org/2001/XMLSchema-instance" xsi:noNamespaceSchemaLocation="https://maven.apache.org/surefire/maven-surefire-plugin/xsd/surefire-test-report.xsd" version="3.0.2" name="com.invest.integration.AlertNotificationListenerIntegrationTest" time="2.435" tests="6" errors="0" skipped="0" failures="0" flakes="0">
  <properties>
[...]
</properties>
  <testcase name="shouldAcknowledgeUnsupportedChannelWithoutSendingEmail" classname="com.invest.integration.AlertNotificationListenerIntegrationTest" time="0.087">
    <system-out><![CDATA[22:26:17.196 [main] INFO org.springframework.test.context.support.AnnotationConfigContextLoaderUtils -- Could not detect default configuration classes for test class [com.invest.integration.AlertNotificationListenerIntegrationTest]: AlertNotificationListenerIntegrationTest does not declare any static, non-private, non-final, nested classes annotated with @Configuration.
22:26:17.268 [main] INFO org.springframework.boot.test.context.SpringBootTestContextBootstrapper -- Found @SpringBootConfiguration com.invest.DispatcherServiceApplication for test class com.invest.integration.AlertNotificationListenerIntegrationTest

  .   ____          _            __ _ _
 /\\ / ___'_ __ _ _(_)_ __  __ _ \ \ \ \
( ( )\___ | '_ | '_| | '_ \/ _` | \ \ \ \
 \\/  ___)| |_)| | | | | || (_| |  ) ) ) )
  '  |____| .__|_| |_|_| |_\__, | / / / /
 =========|_|==============|___/=/_/_/_/

 :: Spring Boot ::               (v3.5.13)

2026-04-26 22:26:17.552 [main] [] INFO  c.i.i.AlertNotificationListenerIntegrationTest - Starting AlertNotificationListenerIntegrationTest using Java 25.0.3 with PID 502465 (started by eddye in /home/eddye/Projects/workspace-invest-alert/dispatcher-service)
2026-04-26 22:26:17.553 [main] [] INFO  c.i.i.AlertNotificationListenerIntegrationTest - The following 1 profile is active: "test"
2026-04-26 22:26:17.842 [main] [] INFO  o.s.d.r.c.RepositoryConfigurationDelegate - Bootstrapping Spring Data JPA repositories in DEFAULT mode.
2026-04-26 22:26:17.902 [main] [] INFO  o.s.d.r.c.RepositoryConfigurationDelegate - Finished Spring Data repository scanning in 53 ms. Found 2 JPA repository interfaces.
2026-04-26 22:26:18.199 [main] [] INFO  o.h.jpa.internal.util.LogHelper - HHH000204: Processing PersistenceUnitInfo [name: default]
2026-04-26 22:26:18.242 [main] [] INFO  org.hibernate.Version - HHH000412: Hibernate ORM core version 6.6.45.Final
2026-04-26 22:26:18.267 [main] [] INFO  o.h.c.i.RegionFactoryInitiator - HHH000026: Second-level cache disabled
2026-04-26 22:26:18.327 [main] [] INFO  o.s.o.j.p.SpringPersistenceUnitInfo - No LoadTimeWeaver setup: ignoring JPA class transformer
2026-04-26 22:26:18.346 [main] [] INFO  com.zaxxer.hikari.HikariDataSource - HikariPool-1 - Starting...
2026-04-26 22:26:18.455 [main] [] INFO  com.zaxxer.hikari.pool.HikariPool - HikariPool-1 - Added connection conn0: url=jdbc:h2:mem:testdb user=SA
2026-04-26 22:26:18.456 [main] [] INFO  com.zaxxer.hikari.HikariDataSource - HikariPool-1 - Start completed.
2026-04-26 22:26:18.487 [main] [] INFO  o.hibernate.orm.connections.pooling - HHH10001005: Database info:
	Database JDBC URL [Connecting through datasource 'HikariDataSource (HikariPool-1)']
	Database driver: undefined/unknown
	Database version: 2.3.232
	Autocommit mode: undefined/unknown
	Isolation level: undefined/unknown
	Minimum pool size: undefined/unknown
	Maximum pool size: undefined/unknown
2026-04-26 22:26:18.858 [main] [] INFO  o.h.e.t.j.p.i.JtaPlatformInitiator - HHH000489: No JTA platform available (set 'hibernate.transaction.jta.platform' to enable JTA platform integration)
2026-04-26 22:26:18.859 [main] [] INFO  o.s.o.j.LocalContainerEntityManagerFactoryBean - Initialized JPA EntityManagerFactory for persistence unit 'default'
2026-04-26 22:26:19.453 [main] [] INFO  c.i.i.AlertNotificationListenerIntegrationTest - Started AlertNotificationListenerIntegrationTest in 2.095 seconds (process running for 3.471)
2026-04-26 22:26:19.540 [main] [770e8400-e29b-41d4-a716-446655440002] INFO  c.i.a.m.AlertNotificationListener - M=onMessage, I=Received alert notification, alertId=55, channel=SMS
2026-04-26 22:26:19.540 [main] [770e8400-e29b-41d4-a716-446655440002] WARN  c.i.a.m.AlertNotificationListener - M=onMessage, I=Unsupported notification channel, channel=SMS, alertId=55
2026-04-26 22:26:19.541 [main] [770e8400-e29b-41d4-a716-446655440002] INFO  c.i.a.m.AlertNotificationListener - M=onMessage, I=Message acknowledged, alertId=55
]]></system-out>
  </testcase>
  <testcase name="shouldAcknowledgeWhatsappChannelWithoutSendingEmail" classname="com.invest.integration.AlertNotificationListenerIntegrationTest" time="0.003">
    <system-out><![CDATA[2026-04-26 22:26:19.551 [main] [770e8400-e29b-41d4-a716-446655440002] INFO  c.i.a.m.AlertNotificationListener - M=onMessage, I=Received alert notification, alertId=55, channel=WHATSAPP
2026-04-26 22:26:19.551 [main] [770e8400-e29b-41d4-a716-446655440002] WARN  c.i.a.m.AlertNotificationListener - M=onMessage, I=Unsupported notification channel, channel=WHATSAPP, alertId=55
2026-04-26 22:26:19.551 [main] [770e8400-e29b-41d4-a716-446655440002] INFO  c.i.a.m.AlertNotificationListener - M=onMessage, I=Message acknowledged, alertId=55
]]></system-out>
  </testcase>
  <testcase name="shouldNackMessageWhenEmailGatewayFails" classname="com.invest.integration.AlertNotificationListenerIntegrationTest" time="0.009">
    <system-out><![CDATA[2026-04-26 22:26:19.555 [main] [550e8400-e29b-41d4-a716-446655440000] INFO  c.i.a.m.AlertNotificationListener - M=onMessage, I=Received alert notification, alertId=42, channel=EMAIL
2026-04-26 22:26:19.556 [main] [550e8400-e29b-41d4-a716-446655440000] INFO  c.i.a.ProcessAlertNotificationUseCaseImpl - M=execute, I=Processing alert notification, alertId=42, email=user@example.com
2026-04-26 22:26:19.556 [main] [550e8400-e29b-41d4-a716-446655440000] INFO  c.i.application.EmailContentBuilder - M=buildSubject, I=Construindo assunto do email, ticker=HGLG11
2026-04-26 22:26:19.556 [main] [550e8400-e29b-41d4-a716-446655440000] INFO  c.i.application.EmailContentBuilder - M=buildBody, I=Construindo corpo do email, ticker=HGLG11, alertId=42
2026-04-26 22:26:19.556 [main] [550e8400-e29b-41d4-a716-446655440000] ERROR c.i.a.m.AlertNotificationListener - M=onMessage, E=Failed to process alert notification, alertId=42, error=SMTP connection refused
java.lang.RuntimeException: SMTP connection refused
	at com.invest.application.ProcessAlertNotificationUseCaseImpl.execute(ProcessAlertNotificationUseCaseImpl.java:33)
	at com.invest.adapters.messaging.AlertNotificationListener.onMessage(AlertNotificationListener.java:37)
	at com.invest.integration.AlertNotificationListenerIntegrationTest.shouldNackMessageWhenEmailGatewayFails(AlertNotificationListenerIntegrationTest.java:121)
	at java.base/jdk.internal.reflect.DirectMethodHandleAccessor.invoke(DirectMethodHandleAccessor.java:104)
	at java.base/java.lang.reflect.Method.invoke(Method.java:565)
	at org.junit.platform.commons.util.ReflectionUtils.invokeMethod(ReflectionUtils.java:775)
	at org.junit.platform.commons.support.ReflectionSupport.invokeMethod(ReflectionSupport.java:479)
	at org.junit.jupiter.engine.execution.MethodInvocation.proceed(MethodInvocation.java:60)
	at org.junit.jupiter.engine.execution.InvocationInterceptorChain$ValidatingInvocation.proceed(InvocationInterceptorChain.java:131)
	at org.junit.jupiter.engine.extension.TimeoutExtension.intercept(TimeoutExtension.java:161)
	at org.junit.jupiter.engine.extension.TimeoutExtension.interceptTestableMethod(TimeoutExtension.java:152)
	at org.junit.jupiter.engine.extension.TimeoutExtension.interceptTestMethod(TimeoutExtension.java:91)
	at org.junit.jupiter.engine.execution.InterceptingExecutableInvoker$ReflectiveInterceptorCall.lambda$ofVoidMethod$0(InterceptingExecutableInvoker.java:112)
	at org.junit.jupiter.engine.execution.InterceptingExecutableInvoker.lambda$invoke$0(InterceptingExecutableInvoker.java:94)
	at org.junit.jupiter.engine.execution.InvocationInterceptorChain$InterceptedInvocation.proceed(InvocationInterceptorChain.java:106)
	at org.junit.jupiter.engine.execution.InvocationInterceptorChain.proceed(InvocationInterceptorChain.java:64)
	at org.junit.jupiter.engine.execution.InvocationInterceptorChain.chainAndInvoke(InvocationInterceptorChain.java:45)
	at org.junit.jupiter.engine.execution.InvocationInterceptorChain.invoke(InvocationInterceptorChain.java:37)
	at org.junit.jupiter.engine.execution.InterceptingExecutableInvoker.invoke(InterceptingExecutableInvoker.java:93)
	at org.junit.jupiter.engine.execution.InterceptingExecutableInvoker.invoke(InterceptingExecutableInvoker.java:87)
	at org.junit.jupiter.engine.descriptor.TestMethodTestDescriptor.lambda$invokeTestMethod$7(TestMethodTestDescriptor.java:216)
	at org.junit.platform.engine.support.hierarchical.ThrowableCollector.execute(ThrowableCollector.java:73)
	at org.junit.jupiter.engine.descriptor.TestMethodTestDescriptor.invokeTestMethod(TestMethodTestDescriptor.java:212)
	at org.junit.jupiter.engine.descriptor.TestMethodTestDescriptor.execute(TestMethodTestDescriptor.java:137)
	at org.junit.jupiter.engine.descriptor.TestMethodTestDescriptor.execute(TestMethodTestDescriptor.java:69)
	at org.junit.platform.engine.support.hierarchical.NodeTestTask.lambda$executeRecursively$6(NodeTestTask.java:156)
	at org.junit.platform.engine.support.hierarchical.ThrowableCollector.execute(ThrowableCollector.java:73)
	at org.junit.platform.engine.support.hierarchical.NodeTestTask.lambda$executeRecursively$8(NodeTestTask.java:146)
	at org.junit.platform.engine.support.hierarchical.Node.around(Node.java:137)
	at org.junit.platform.engine.support.hierarchical.NodeTestTask.lambda$executeRecursively$9(NodeTestTask.java:144)
	at org.junit.platform.engine.support.hierarchical.ThrowableCollector.execute(ThrowableCollector.java:73)
	at org.junit.platform.engine.support.hierarchical.NodeTestTask.executeRecursively(NodeTestTask.java:143)
	at org.junit.platform.engine.support.hierarchical.NodeTestTask.execute(NodeTestTask.java:100)
	at java.base/java.util.ArrayList.forEach(ArrayList.java:1604)
	at org.junit.platform.engine.support.hierarchical.SameThreadHierarchicalTestExecutorService.invokeAll(SameThreadHierarchicalTestExecutorService.java:41)
	at org.junit.platform.engine.support.hierarchical.NodeTestTask.lambda$executeRecursively$6(NodeTestTask.java:160)
	at org.junit.platform.engine.support.hierarchical.ThrowableCollector.execute(ThrowableCollector.java:73)
	at org.junit.platform.engine.support.hierarchical.NodeTestTask.lambda$executeRecursively$8(NodeTestTask.java:146)
	at org.junit.platform.engine.support.hierarchical.Node.around(Node.java:137)
	at org.junit.platform.engine.support.hierarchical.NodeTestTask.lambda$executeRecursively$9(NodeTestTask.java:144)
	at org.junit.platform.engine.support.hierarchical.ThrowableCollector.execute(ThrowableCollector.java:73)
	at org.junit.platform.engine.support.hierarchical.NodeTestTask.executeRecursively(NodeTestTask.java:143)
	at org.junit.platform.engine.support.hierarchical.NodeTestTask.execute(NodeTestTask.java:100)
	at java.base/java.util.ArrayList.forEach(ArrayList.java:1604)
	at org.junit.platform.engine.support.hierarchical.SameThreadHierarchicalTestExecutorService.invokeAll(SameThreadHierarchicalTestExecutorService.java:41)
	at org.junit.platform.engine.support.hierarchical.NodeTestTask.lambda$executeRecursively$6(NodeTestTask.java:160)
	at org.junit.platform.engine.support.hierarchical.ThrowableCollector.execute(ThrowableCollector.java:73)
	at org.junit.platform.engine.support.hierarchical.NodeTestTask.lambda$executeRecursively$8(NodeTestTask.java:146)
	at org.junit.platform.engine.support.hierarchical.Node.around(Node.java:137)
	at org.junit.platform.engine.support.hierarchical.NodeTestTask.lambda$executeRecursively$9(NodeTestTask.java:144)
	at org.junit.platform.engine.support.hierarchical.ThrowableCollector.execute(ThrowableCollector.java:73)
	at org.junit.platform.engine.support.hierarchical.NodeTestTask.executeRecursively(NodeTestTask.java:143)
	at org.junit.platform.engine.support.hierarchical.NodeTestTask.execute(NodeTestTask.java:100)
	at org.junit.platform.engine.support.hierarchical.SameThreadHierarchicalTestExecutorService.submit(SameThreadHierarchicalTestExecutorService.java:35)
	at org.junit.platform.engine.support.hierarchical.HierarchicalTestExecutor.execute(HierarchicalTestExecutor.java:57)
	at org.junit.platform.engine.support.hierarchical.HierarchicalTestEngine.execute(HierarchicalTestEngine.java:54)
	at org.junit.platform.launcher.core.EngineExecutionOrchestrator.execute(EngineExecutionOrchestrator.java:201)
	at org.junit.platform.launcher.core.EngineExecutionOrchestrator.execute(EngineExecutionOrchestrator.java:170)
	at org.junit.platform.launcher.core.EngineExecutionOrchestrator.execute(EngineExecutionOrchestrator.java:94)
	at org.junit.platform.launcher.core.EngineExecutionOrchestrator.lambda$execute$0(EngineExecutionOrchestrator.java:59)
	at org.junit.platform.launcher.core.EngineExecutionOrchestrator.withInterceptedStreams(EngineExecutionOrchestrator.java:142)
	at org.junit.platform.launcher.core.EngineExecutionOrchestrator.execute(EngineExecutionOrchestrator.java:58)
	at org.junit.platform.launcher.core.DefaultLauncher.execute(DefaultLauncher.java:103)
	at org.junit.platform.launcher.core.DefaultLauncher.execute(DefaultLauncher.java:85)
	at org.junit.platform.launcher.core.DelegatingLauncher.execute(DelegatingLauncher.java:47)
	at org.junit.platform.launcher.core.InterceptingLauncher.lambda$execute$1(InterceptingLauncher.java:39)
	at org.junit.platform.launcher.core.ClasspathAlignmentCheckingLauncherInterceptor.intercept(ClasspathAlignmentCheckingLauncherInterceptor.java:25)
	at org.junit.platform.launcher.core.InterceptingLauncher.execute(InterceptingLauncher.java:38)
	at org.junit.platform.launcher.core.DelegatingLauncher.execute(DelegatingLauncher.java:47)
	at org.apache.maven.surefire.junitplatform.LauncherAdapter.executeWithoutCancellationToken(LauncherAdapter.java:60)
	at org.apache.maven.surefire.junitplatform.LauncherAdapter.execute(LauncherAdapter.java:52)
	at org.apache.maven.surefire.junitplatform.JUnitPlatformProvider.execute(JUnitPlatformProvider.java:203)
	at org.apache.maven.surefire.junitplatform.JUnitPlatformProvider.invokeAllTests(JUnitPlatformProvider.java:168)
	at org.apache.maven.surefire.junitplatform.JUnitPlatformProvider.invoke(JUnitPlatformProvider.java:136)
	at org.apache.maven.surefire.booter.ForkedBooter.runSuitesInProcess(ForkedBooter.java:385)
	at org.apache.maven.surefire.booter.ForkedBooter.execute(ForkedBooter.java:162)
	at org.apache.maven.surefire.booter.ForkedBooter.run(ForkedBooter.java:507)
	at org.apache.maven.surefire.booter.ForkedBooter.main(ForkedBooter.java:495)
]]></system-out>
  </testcase>
  <testcase name="shouldProcessEmailChannelEventAndSendEmail" classname="com.invest.integration.AlertNotificationListenerIntegrationTest" time="0.003">
    <system-out><![CDATA[2026-04-26 22:26:19.565 [main] [550e8400-e29b-41d4-a716-446655440000] INFO  c.i.a.m.AlertNotificationListener - M=onMessage, I=Received alert notification, alertId=42, channel=EMAIL
2026-04-26 22:26:19.566 [main] [550e8400-e29b-41d4-a716-446655440000] INFO  c.i.a.ProcessAlertNotificationUseCaseImpl - M=execute, I=Processing alert notification, alertId=42, email=user@example.com
2026-04-26 22:26:19.566 [main] [550e8400-e29b-41d4-a716-446655440000] INFO  c.i.application.EmailContentBuilder - M=buildSubject, I=Construindo assunto do email, ticker=HGLG11
2026-04-26 22:26:19.566 [main] [550e8400-e29b-41d4-a716-446655440000] INFO  c.i.application.EmailContentBuilder - M=buildBody, I=Construindo corpo do email, ticker=HGLG11, alertId=42
2026-04-26 22:26:19.566 [main] [550e8400-e29b-41d4-a716-446655440000] INFO  c.i.a.ProcessAlertNotificationUseCaseImpl - M=execute, I=Alert notification sent successfully, alertId=42
2026-04-26 22:26:19.566 [main] [550e8400-e29b-41d4-a716-446655440000] INFO  c.i.a.ProcessAlertNotificationUseCaseImpl - M=markAlertAsSent, I=Alert marked as sent, alertId=42, sentAt=2026-04-26T22:26:19.566351719
2026-04-26 22:26:19.566 [main] [550e8400-e29b-41d4-a716-446655440000] INFO  c.i.a.ProcessAlertNotificationUseCaseImpl - M=deactivateAssociatedRules, I=Rule deactivated after alert dispatch, ruleId=10, alertId=42
2026-04-26 22:26:19.566 [main] [550e8400-e29b-41d4-a716-446655440000] INFO  c.i.a.m.AlertNotificationListener - M=onMessage, I=Message acknowledged, alertId=42
]]></system-out>
  </testcase>
  <testcase name="shouldAcknowledgeTelegramChannelWithoutSendingEmail" classname="com.invest.integration.AlertNotificationListenerIntegrationTest" time="0.003">
    <system-out><![CDATA[2026-04-26 22:26:19.570 [main] [770e8400-e29b-41d4-a716-446655440002] INFO  c.i.a.m.AlertNotificationListener - M=onMessage, I=Received alert notification, alertId=55, channel=TELEGRAM
2026-04-26 22:26:19.570 [main] [770e8400-e29b-41d4-a716-446655440002] WARN  c.i.a.m.AlertNotificationListener - M=onMessage, I=Unsupported notification channel, channel=TELEGRAM, alertId=55
2026-04-26 22:26:19.570 [main] [770e8400-e29b-41d4-a716-446655440002] INFO  c.i.a.m.AlertNotificationListener - M=onMessage, I=Message acknowledged, alertId=55
]]></system-out>
  </testcase>
  <testcase name="shouldProcessGroupRuleEventAndSendEmail" classname="com.invest.integration.AlertNotificationListenerIntegrationTest" time="0.003">
    <system-out><![CDATA[2026-04-26 22:26:19.573 [main] [660e8400-e29b-41d4-a716-446655440001] INFO  c.i.a.m.AlertNotificationListener - M=onMessage, I=Received alert notification, alertId=99, channel=EMAIL
2026-04-26 22:26:19.573 [main] [660e8400-e29b-41d4-a716-446655440001] INFO  c.i.a.ProcessAlertNotificationUseCaseImpl - M=execute, I=Processing alert notification, alertId=99, email=investor@example.com
2026-04-26 22:26:19.573 [main] [660e8400-e29b-41d4-a716-446655440001] INFO  c.i.application.EmailContentBuilder - M=buildSubject, I=Construindo assunto do email, ticker=BBAS3
2026-04-26 22:26:19.573 [main] [660e8400-e29b-41d4-a716-446655440001] INFO  c.i.application.EmailContentBuilder - M=buildBody, I=Construindo corpo do email, ticker=BBAS3, alertId=99
2026-04-26 22:26:19.573 [main] [660e8400-e29b-41d4-a716-446655440001] INFO  c.i.a.ProcessAlertNotificationUseCaseImpl - M=execute, I=Alert notification sent successfully, alertId=99
2026-04-26 22:26:19.573 [main] [660e8400-e29b-41d4-a716-446655440001] INFO  c.i.a.ProcessAlertNotificationUseCaseImpl - M=markAlertAsSent, I=Alert marked as sent, alertId=99, sentAt=2026-04-26T22:26:19.573969940
2026-04-26 22:26:19.574 [main] [660e8400-e29b-41d4-a716-446655440001] INFO  c.i.a.ProcessAlertNotificationUseCaseImpl - M=deactivateAssociatedRules, I=Group rules deactivated after alert dispatch, groupId=5, alertId=99, totalRules=2
2026-04-26 22:26:19.574 [main] [660e8400-e29b-41d4-a716-446655440001] INFO  c.i.a.m.AlertNotificationListener - M=onMessage, I=Message acknowledged, alertId=99
]]></system-out>
  </testcase>
</testsuite>